#
# A fatal error has been detected by the Java Runtime Environment:
#
#  SIGSEGV (0xb) at pc=0x00007f6d4c7c1410, pid=26114, tid=0x00007f6ceffff700
#
# JRE version: OpenJDK Runtime Environment (8.0_242-b08) (build 1.8.0_242-b08)
# Java VM: OpenJDK 64-Bit Server VM (25.242-b08 mixed mode linux-amd64 compressed oops)
# Derivative: IcedTea 3.15.0
# Distribution: Gentoo Base System release 2.6, package Gentoo icedtea-3.15.0
# Problematic frame:
# C  [libXt.so.6+0x1e410]
#
# Failed to write core dump. Core dumps have been disabled. To enable core dumping, try "ulimit -c unlimited" before starting Java again
#
# If you would like to submit a bug report, please include
# instructions on how to reproduce the bug and visit:
#   https://icedtea.classpath.org/bugzilla
# The crash happened outside the Java Virtual Machine in native code.
# See problematic frame for where to report the bug.
#

---------------  T H R E A D  ---------------

Current thread (0x00007f6ce8010000):  JavaThread "JNativeHook Native Hook" [_thread_in_native, id=26146, stack(0x00007f6cef800000,0x00007f6cf0000000)]

siginfo: si_signo: 11 (SIGSEGV), si_code: 1 (SEGV_MAPERR), si_addr: 0x00007f6baffff010

Registers:
RAX=0x00007f6bb003f010, RBX=0x00007f6cfc0865b0, RCX=0x00000000ffff8001, RDX=0xffffffffffff8000
RSP=0x00007f6cefffec30, RBP=0x00007f6cfc0865b0, RSI=0x000000000000800c, RDI=0x00007f6cfc0ad410
R8 =0x0000000000000000, R9 =0x0000000000000000, R10=0x00007f6cb572a320, R11=0x00007f6cb5729070
R12=0x00007f6cfc0ad410, R13=0x00007f6d4c883378, R14=0x00007f6d4c883378, R15=0x00007f6cefffecec
RIP=0x00007f6d4c7c1410, EFLAGS=0x0000000000010293, CSGSFS=0x002b000000000033, ERR=0x0000000000000006
  TRAPNO=0x000000000000000e

Top of Stack: (sp=0x00007f6cefffec30)
0x00007f6cefffec30:   00007f6cefffec7c 00007f6cfc0865b0
0x00007f6cefffec40:   00007f6cfc0ad410 00007f6d4c883378
0x00007f6cefffec50:   000000000000012e 0000000000000000
0x00007f6cefffec60:   00007f6cefffecec 00007f6d4c7c1c76
0x00007f6cefffec70:   0000000000000000 0000000000000000
0x00007f6cefffec80:   0000000000000000 0000000000000000
0x00007f6cefffec90:   0000020400000203 00007f6d4ca84348
0x00007f6cefffeca0:   0000000000000000 0000000000000000
0x00007f6cefffecb0:   000000000000012e 00007f6ce8020e60
0x00007f6cefffecc0:   00000000000008d6 00007f6d4c87b351
0x00007f6cefffecd0:   00007f6cefffecec 0000000000000000
0x00007f6cefffece0:   000000005e890513 00000000167589fb
0x00007f6cefffecf0:   0000000000000005 0000000000000005
0x00007f6cefffed00:   00000171473bd3b0 00007f6d4c87ba88
0x00007f6cefffed10:   000000000000000b 00007f6cefffed30
0x00007f6cefffed20:   0000000000000000 00007f6c00000000
0x00007f6cefffed30:   0000000000000000 0000000000000000
0x00007f6cefffed40:   0000000000000000 0000027a00000000
0x00007f6cefffed50:   0000000400000000 0000000000000000
0x00007f6cefffed60:   0000000000000030 00007f6ce80101e0
0x00007f6cefffed70:   0000ffc90000007b 60d3b350047d7e00
0x00007f6cefffed80:   000000005e890513 000000000005bfe1
0x00007f6cefffed90:   00007f6ce8003258 0000000000000020
0x00007f6cefffeda0:   00007f6d6803c180 00007f6ce8024398
0x00007f6cefffedb0:   0000000000000020 00007f6cefffee40
0x00007f6cefffedc0:   0000000000000020 00007f6d680397e4
0x00007f6cefffedd0:   00007f6ce800e0f0 00007f6d4c87b700
0x00007f6cefffede0:   00007f6ce80243a4 00007f6ce8000b60
0x00007f6cefffedf0:   00007f6ce8000b60 00007f6ce8000b60
0x00007f6cefffee00:   00007f6ce800e0f0 00007f6cefffee40
0x00007f6cefffee10:   00007f6d4c87b700 0000000000000000
0x00007f6cefffee20:   00007f6ce8024390 00007f6d6803a805 

Instructions: (pc=0x00007f6d4c7c1410)
0x00007f6d4c7c13f0:   00 00 0f b7 b6 8e 00 00 00 48 8b 45 18 66 39 f2
0x00007f6d4c7c1400:   0f 8d 2a 02 00 00 8d 4a 01 66 89 8d 8c 00 00 00
0x00007f6d4c7c1410:   4c 89 24 d0 c6 85 1d 01 00 00 01 bf 70 02 00 00
0x00007f6d4c7c1420:   ff 85 88 00 00 00 e8 45 40 ff ff 48 89 c3 48 8b 

Register to memory mapping:

RAX=0x00007f6bb003f010 is an unknown value
RBX=0x00007f6cfc0865b0 is an unknown value
RCX=0x00000000ffff8001 is an unknown value
RDX=0xffffffffffff8000 is an unknown value
RSP=0x00007f6cefffec30 is pointing into the stack for thread: 0x00007f6ce8010000
RBP=0x00007f6cfc0865b0 is an unknown value
RSI=0x000000000000800c is an unknown value
RDI=0x00007f6cfc0ad410 is an unknown value
R8 =0x0000000000000000 is an unknown value
R9 =0x0000000000000000 is an unknown value
R10=0x00007f6cb572a320 is an unknown value
R11=0x00007f6cb5729070 is an unknown value
R12=0x00007f6cfc0ad410 is an unknown value
R13=0x00007f6d4c883378: <offset 0xb378> in /tmp/libJNativeHook_7822537252702972948.so at 0x00007f6d4c878000
R14=0x00007f6d4c883378: <offset 0xb378> in /tmp/libJNativeHook_7822537252702972948.so at 0x00007f6d4c878000
R15=0x00007f6cefffecec is pointing into the stack for thread: 0x00007f6ce8010000


Stack: [0x00007f6cef800000,0x00007f6cf0000000],  sp=0x00007f6cefffec30,  free space=8187k
Native frames: (J=compiled Java code, j=interpreted, Vv=VM code, C=native code)
C  [libXt.so.6+0x1e410]


---------------  P R O C E S S  ---------------

Java Threads: ( => current thread )
  0x00007f6ce8027000 JavaThread "JNativeHook Native Dispatch" [_thread_blocked, id=26147, stack(0x00007f6d4c679000,0x00007f6d4c77a000)]
=>0x00007f6ce8010000 JavaThread "JNativeHook Native Hook" [_thread_in_native, id=26146, stack(0x00007f6cef800000,0x00007f6cf0000000)]
  0x00007f6cf0009800 JavaThread "process reaper" daemon [_thread_blocked, id=26145, stack(0x00007f6d4c83f000,0x00007f6d4c878000)]
  0x00007f6cfc00b000 JavaThread "Timer-0" [_thread_blocked, id=26138, stack(0x00007f6d4ca89000,0x00007f6d4cb8a000)]
  0x00007f6d6400a800 JavaThread "DestroyJavaVM" [_thread_blocked, id=26117, stack(0x00007f6d6bd64000,0x00007f6d6be64000)]
  0x00007f6d64491000 JavaThread "Thread-4" [_thread_blocked, id=26137, stack(0x00007f6d4cb8a000,0x00007f6d4cc8b000)]
  0x00007f6d6448d800 JavaThread "Thread-3" daemon [_thread_blocked, id=26136, stack(0x00007f6d4cc8b000,0x00007f6d4cd8c000)]
  0x00007f6d644a5800 JavaThread "AWT-EventQueue-0" [_thread_blocked, id=26135, stack(0x00007f6d4cf8c000,0x00007f6d4d08d000)]
  0x00007f6d644a4800 JavaThread "AWT-Shutdown" [_thread_blocked, id=26134, stack(0x00007f6d4d08d000,0x00007f6d4d18e000)]
  0x00007f6d643a2800 JavaThread "AWT-XAWT" daemon [_thread_in_native, id=26132, stack(0x00007f6d4db85000,0x00007f6d4dc86000)]
  0x00007f6d64374800 JavaThread "Java2D Disposer" daemon [_thread_blocked, id=26131, stack(0x00007f6d4dc86000,0x00007f6d4dd87000)]
  0x00007f6d641ac800 JavaThread "Service Thread" daemon [_thread_blocked, id=26129, stack(0x00007f6d4fdfe000,0x00007f6d4feff000)]
  0x00007f6d64199800 JavaThread "C1 CompilerThread2" daemon [_thread_blocked, id=26128, stack(0x00007f6d4ff00000,0x00007f6d50000000)]
  0x00007f6d64198000 JavaThread "C2 CompilerThread1" daemon [_thread_blocked, id=26127, stack(0x00007f6d5404b000,0x00007f6d5414b000)]
  0x00007f6d64188800 JavaThread "C2 CompilerThread0" daemon [_thread_blocked, id=26126, stack(0x00007f6d5414c000,0x00007f6d5424c000)]
  0x00007f6d64186800 JavaThread "Signal Dispatcher" daemon [_thread_blocked, id=26125, stack(0x00007f6d5424c000,0x00007f6d5434d000)]
  0x00007f6d6415b800 JavaThread "Finalizer" daemon [_thread_blocked, id=26124, stack(0x00007f6d547f8000,0x00007f6d548f9000)]
  0x00007f6d64157000 JavaThread "Reference Handler" daemon [_thread_blocked, id=26123, stack(0x00007f6d548f9000,0x00007f6d549fa000)]

Other Threads:
  0x00007f6d6414d000 VMThread [stack: 0x00007f6d549fb000,0x00007f6d54afb000] [id=26122]
  0x00007f6d641b1000 WatcherThread [stack: 0x00007f6d4fcfe000,0x00007f6d4fdfe000] [id=26130]

VM state:not at safepoint (normal execution)

VM Mutex/Monitor currently owned by a thread: None

heap address: 0x0000000649a00000, size: 5990 MB, Compressed Oops mode: Zero based, Oop shift amount: 3
Narrow klass base: 0x0000000000000000, Narrow klass shift: 3
Compressed class space size: 1073741824 Address: 0x00000007c0000000

Heap:
 PSYoungGen      total 112128K, used 6256K [0x0000000743380000, 0x000000074b080000, 0x00000007c0000000)
  eden space 96256K, 6% used [0x0000000743380000,0x000000074399c308,0x0000000749180000)
  from space 15872K, 0% used [0x000000074a100000,0x000000074a100000,0x000000074b080000)
  to   space 15872K, 0% used [0x0000000749180000,0x0000000749180000,0x000000074a100000)
 ParOldGen       total 257024K, used 1552K [0x0000000649a00000, 0x0000000659500000, 0x0000000743380000)
  object space 257024K, 0% used [0x0000000649a00000,0x0000000649b84248,0x0000000659500000)
 Metaspace       used 12396K, capacity 12588K, committed 12928K, reserved 1060864K
  class space    used 1261K, capacity 1324K, committed 1408K, reserved 1048576K

Card table byte_map: [0x00007f6d6ade5000,0x00007f6d6b999000] byte_map_base: 0x00007f6d67b98000

Marking Bits: (ParMarkBitMap*) 0x00007f6d6ce504c0
 Begin Bits: [0x00007f6d3c4d0000, 0x00007f6d42268000)
 End Bits:   [0x00007f6d42268000, 0x00007f6d48000000)

Polling page: 0x00007f6d6d0ac000

CodeCache: size=245760Kb used=4073Kb max_used=4073Kb free=241686Kb
 bounds [0x00007f6d55000000, 0x00007f6d55410000, 0x00007f6d64000000]
 total_blobs=1579 nmethods=1060 adapters=434
 compilation: enabled

Compilation events (10 events):
Event: 154526,149 Thread 0x00007f6d64199800 1226  s!   3       java.net.AbstractPlainSocketImpl::getInputStream (75 bytes)
Event: 154526,150 Thread 0x00007f6d64199800 nmethod 1226 0x00007f6d553fa310 code [0x00007f6d553fa4e0, 0x00007f6d553faf88]
Event: 154526,150 Thread 0x00007f6d64199800 1227       3       java.net.SocketInputStream::<init> (37 bytes)
Event: 154526,150 Thread 0x00007f6d64199800 nmethod 1227 0x00007f6d55269590 code [0x00007f6d55269700, 0x00007f6d55269a48]
Event: 154526,150 Thread 0x00007f6d64199800 1229       3       java.io.BufferedReader::read1 (171 bytes)
Event: 154526,150 Thread 0x00007f6d64199800 nmethod 1229 0x00007f6d553f9850 code [0x00007f6d553f9a20, 0x00007f6d553fa0f8]
Event: 154526,150 Thread 0x00007f6d64199800 1230       3       java.net.SocketInputStream::read (15 bytes)
Event: 154526,150 Thread 0x00007f6d64199800 nmethod 1230 0x00007f6d5524d610 code [0x00007f6d5524d780, 0x00007f6d5524d9c8]
Event: 154526,150 Thread 0x00007f6d64199800 1231   !   3       java.net.SocketInputStream::read (328 bytes)
Event: 154526,151 Thread 0x00007f6d64199800 nmethod 1231 0x00007f6d553fc350 code [0x00007f6d553fc740, 0x00007f6d553ff5d8]

GC Heap History (10 events):
Event: 155944,313 GC heap before
{Heap before GC invocations=11436 (full 5718):
 PSYoungGen      total 112128K, used 64K [0x0000000743380000, 0x000000074b080000, 0x00000007c0000000)
  eden space 96256K, 0% used [0x0000000743380000,0x0000000743380000,0x0000000749180000)
  from space 15872K, 0% used [0x000000074a100000,0x000000074a110000,0x000000074b080000)
  to   space 15872K, 0% used [0x0000000749180000,0x0000000749180000,0x000000074a100000)
 ParOldGen       total 257024K, used 1535K [0x0000000649a00000, 0x0000000659500000, 0x0000000743380000)
  object space 257024K, 0% used [0x0000000649a00000,0x0000000649b7ffc8,0x0000000659500000)
 Metaspace       used 12396K, capacity 12588K, committed 12928K, reserved 1060864K
  class space    used 1261K, capacity 1324K, committed 1408K, reserved 1048576K
Event: 155944,332 GC heap after
Heap after GC invocations=11436 (full 5718):
 PSYoungGen      total 112128K, used 0K [0x0000000743380000, 0x000000074b080000, 0x00000007c0000000)
  eden space 96256K, 0% used [0x0000000743380000,0x0000000743380000,0x0000000749180000)
  from space 15872K, 0% used [0x000000074a100000,0x000000074a100000,0x000000074b080000)
  to   space 15872K, 0% used [0x0000000749180000,0x0000000749180000,0x000000074a100000)
 ParOldGen       total 257024K, used 1536K [0x0000000649a00000, 0x0000000659500000, 0x0000000743380000)
  object space 257024K, 0% used [0x0000000649a00000,0x0000000649b800a8,0x0000000659500000)
 Metaspace       used 12396K, capacity 12588K, committed 12928K, reserved 1060864K
  class space    used 1261K, capacity 1324K, committed 1408K, reserved 1048576K
}
Event: 155974,312 GC heap before
{Heap before GC invocations=11437 (full 5718):
 PSYoungGen      total 112128K, used 6256K [0x0000000743380000, 0x000000074b080000, 0x00000007c0000000)
  eden space 96256K, 6% used [0x0000000743380000,0x000000074399c310,0x0000000749180000)
  from space 15872K, 0% used [0x000000074a100000,0x000000074a100000,0x000000074b080000)
  to   space 15872K, 0% used [0x0000000749180000,0x0000000749180000,0x000000074a100000)
 ParOldGen       total 257024K, used 1536K [0x0000000649a00000, 0x0000000659500000, 0x0000000743380000)
  object space 257024K, 0% used [0x0000000649a00000,0x0000000649b800a8,0x0000000659500000)
 Metaspace       used 12396K, capacity 12588K, committed 12928K, reserved 1060864K
  class space    used 1261K, capacity 1324K, committed 1408K, reserved 1048576K
Event: 155974,313 GC heap after
Heap after GC invocations=11437 (full 5718):
 PSYoungGen      total 112128K, used 96K [0x0000000743380000, 0x000000074b080000, 0x00000007c0000000)
  eden space 96256K, 0% used [0x0000000743380000,0x0000000743380000,0x0000000749180000)
  from space 15872K, 0% used [0x0000000749180000,0x0000000749198000,0x000000074a100000)
  to   space 15872K, 0% used [0x000000074a100000,0x000000074a100000,0x000000074b080000)
 ParOldGen       total 257024K, used 1536K [0x0000000649a00000, 0x0000000659500000, 0x0000000743380000)
  object space 257024K, 0% used [0x0000000649a00000,0x0000000649b800a8,0x0000000659500000)
 Metaspace       used 12396K, capacity 12588K, committed 12928K, reserved 1060864K
  class space    used 1261K, capacity 1324K, committed 1408K, reserved 1048576K
}
Event: 155974,313 GC heap before
{Heap before GC invocations=11438 (full 5719):
 PSYoungGen      total 112128K, used 96K [0x0000000743380000, 0x000000074b080000, 0x00000007c0000000)
  eden space 96256K, 0% used [0x0000000743380000,0x0000000743380000,0x0000000749180000)
  from space 15872K, 0% used [0x0000000749180000,0x0000000749198000,0x000000074a100000)
  to   space 15872K, 0% used [0x000000074a100000,0x000000074a100000,0x000000074b080000)
 ParOldGen       total 257024K, used 1536K [0x0000000649a00000, 0x0000000659500000, 0x0000000743380000)
  object space 257024K, 0% used [0x0000000649a00000,0x0000000649b800a8,0x0000000659500000)
 Metaspace       used 12396K, capacity 12588K, committed 12928K, reserved 1060864K
  class space    used 1261K, capacity 1324K, committed 1408K, reserved 1048576K
Event: 155974,334 GC heap after
Heap after GC invocations=11438 (full 5719):
 PSYoungGen      total 112128K, used 0K [0x0000000743380000, 0x000000074b080000, 0x00000007c0000000)
  eden space 96256K, 0% used [0x0000000743380000,0x0000000743380000,0x0000000749180000)
  from space 15872K, 0% used [0x0000000749180000,0x0000000749180000,0x000000074a100000)
  to   space 15872K, 0% used [0x000000074a100000,0x000000074a100000,0x000000074b080000)
 ParOldGen       total 257024K, used 1536K [0x0000000649a00000, 0x0000000659500000, 0x0000000743380000)
  object space 257024K, 0% used [0x0000000649a00000,0x0000000649b80118,0x0000000659500000)
 Metaspace       used 12396K, capacity 12588K, committed 12928K, reserved 1060864K
  class space    used 1261K, capacity 1324K, committed 1408K, reserved 1048576K
}
Event: 156004,301 GC heap before
{Heap before GC invocations=11439 (full 5719):
 PSYoungGen      total 112128K, used 6256K [0x0000000743380000, 0x000000074b080000, 0x00000007c0000000)
  eden space 96256K, 6% used [0x0000000743380000,0x000000074399c310,0x0000000749180000)
  from space 15872K, 0% used [0x0000000749180000,0x0000000749180000,0x000000074a100000)
  to   space 15872K, 0% used [0x000000074a100000,0x000000074a100000,0x000000074b080000)
 ParOldGen       total 257024K, used 1536K [0x0000000649a00000, 0x0000000659500000, 0x0000000743380000)
  object space 257024K, 0% used [0x0000000649a00000,0x0000000649b80118,0x0000000659500000)
 Metaspace       used 12396K, capacity 12588K, committed 12928K, reserved 1060864K
  class space    used 1261K, capacity 1324K, committed 1408K, reserved 1048576K
Event: 156004,303 GC heap after
Heap after GC invocations=11439 (full 5719):
 PSYoungGen      total 112128K, used 64K [0x0000000743380000, 0x000000074b080000, 0x00000007c0000000)
  eden space 96256K, 0% used [0x0000000743380000,0x0000000743380000,0x0000000749180000)
  from space 15872K, 0% used [0x000000074a100000,0x000000074a110000,0x000000074b080000)
  to   space 15872K, 0% used [0x0000000749180000,0x0000000749180000,0x000000074a100000)
 ParOldGen       total 257024K, used 1536K [0x0000000649a00000, 0x0000000659500000, 0x0000000743380000)
  object space 257024K, 0% used [0x0000000649a00000,0x0000000649b80118,0x0000000659500000)
 Metaspace       used 12396K, capacity 12588K, committed 12928K, reserved 1060864K
  class space    used 1261K, capacity 1324K, committed 1408K, reserved 1048576K
}
Event: 156004,303 GC heap before
{Heap before GC invocations=11440 (full 5720):
 PSYoungGen      total 112128K, used 64K [0x0000000743380000, 0x000000074b080000, 0x00000007c0000000)
  eden space 96256K, 0% used [0x0000000743380000,0x0000000743380000,0x0000000749180000)
  from space 15872K, 0% used [0x000000074a100000,0x000000074a110000,0x000000074b080000)
  to   space 15872K, 0% used [0x0000000749180000,0x0000000749180000,0x000000074a100000)
 ParOldGen       total 257024K, used 1536K [0x0000000649a00000, 0x0000000659500000, 0x0000000743380000)
  object space 257024K, 0% used [0x0000000649a00000,0x0000000649b80118,0x0000000659500000)
 Metaspace       used 12396K, capacity 12588K, committed 12928K, reserved 1060864K
  class space    used 1261K, capacity 1324K, committed 1408K, reserved 1048576K
Event: 156004,317 GC heap after
Heap after GC invocations=11440 (full 5720):
 PSYoungGen      total 112128K, used 0K [0x0000000743380000, 0x000000074b080000, 0x00000007c0000000)
  eden space 96256K, 0% used [0x0000000743380000,0x0000000743380000,0x0000000749180000)
  from space 15872K, 0% used [0x000000074a100000,0x000000074a100000,0x000000074b080000)
  to   space 15872K, 0% used [0x0000000749180000,0x0000000749180000,0x000000074a100000)
 ParOldGen       total 257024K, used 1552K [0x0000000649a00000, 0x0000000659500000, 0x0000000743380000)
  object space 257024K, 0% used [0x0000000649a00000,0x0000000649b84248,0x0000000659500000)
 Metaspace       used 12396K, capacity 12588K, committed 12928K, reserved 1060864K
  class space    used 1261K, capacity 1324K, committed 1408K, reserved 1048576K
}

Deoptimization events (10 events):
Event: 29371,584 Thread 0x00007f6cfc00b000 Uncommon trap: reason=class_check action=maybe_recompile pc=0x00007f6d5534ce00 method=java.io.BufferedInputStream.fill()V @ 214
Event: 29401,585 Thread 0x00007f6cfc00b000 Uncommon trap: reason=class_check action=maybe_recompile pc=0x00007f6d5534ce00 method=java.io.BufferedInputStream.fill()V @ 214
Event: 29431,584 Thread 0x00007f6cfc00b000 Uncommon trap: reason=class_check action=maybe_recompile pc=0x00007f6d5534ce00 method=java.io.BufferedInputStream.fill()V @ 214
Event: 53793,982 Thread 0x00007f6ce8010000 Uncommon trap: reason=unstable_if action=reinterpret pc=0x00007f6d5529e8b8 method=java.util.concurrent.locks.AbstractQueuedSynchronizer.acquire(I)V @ 5
Event: 84034,072 Thread 0x00007f6cf0009800 Uncommon trap: reason=class_check action=maybe_recompile pc=0x00007f6d553a7e48 method=java.util.concurrent.ThreadPoolExecutor.runWorker(Ljava/util/concurrent/ThreadPoolExecutor$Worker;)V @ 95
Event: 96472,952 Thread 0x00007f6d64491000 Uncommon trap: reason=unstable_if action=reinterpret pc=0x00007f6d5524a67c method=java.lang.ref.SoftReference.get()Ljava/lang/Object; @ 6
Event: 96472,953 Thread 0x00007f6d64491000 Uncommon trap: reason=unstable_if action=reinterpret pc=0x00007f6d5525e90c method=java.lang.StringCoding.safeTrim([CILjava/nio/charset/Charset;Z)[C @ 3
Event: 96472,956 Thread 0x00007f6d64491000 Uncommon trap: reason=unstable_if action=reinterpret pc=0x00007f6d55281d10 method=sun.nio.cs.UTF_8$Encoder.encodeArrayLoop(Ljava/nio/CharBuffer;Ljava/nio/ByteBuffer;)Ljava/nio/charset/CoderResult; @ 166
Event: 114754,149 Thread 0x00007f6cf0009800 Uncommon trap: reason=class_check action=maybe_recompile pc=0x00007f6d553a7e48 method=java.util.concurrent.ThreadPoolExecutor.runWorker(Ljava/util/concurrent/ThreadPoolExecutor$Worker;)V @ 95
Event: 145474,252 Thread 0x00007f6cf0009800 Uncommon trap: reason=class_check action=maybe_recompile pc=0x00007f6d553a7e48 method=java.util.concurrent.ThreadPoolExecutor.runWorker(Ljava/util/concurrent/ThreadPoolExecutor$Worker;)V @ 95

Classes redefined (0 events):
No events

Internal exceptions (10 events):
Event: 0,143 Thread 0x00007f6d6400a800 Exception <a 'java/io/FileNotFoundException'> (0x0000000743773ac8) thrown at [/var/tmp/portage/dev-java/icedtea-3.15.0/work/icedtea-3.15.0/openjdk/hotspot/src/share/vm/prims/jni.cpp, line 710]
Event: 0,159 Thread 0x00007f6d6400a800 Exception <a 'java/lang/ClassNotFoundException': sun/dc/DuctusRenderingEngine> (0x000000074378e530) thrown at [/var/tmp/portage/dev-java/icedtea-3.15.0/work/icedtea-3.15.0/openjdk/hotspot/src/share/vm/classfile/systemDictionary.cpp, line 210]
Event: 0,279 Thread 0x00007f6d6400a800 Exception <a 'java/io/FileNotFoundException'> (0x0000000743881138) thrown at [/var/tmp/portage/dev-java/icedtea-3.15.0/work/icedtea-3.15.0/openjdk/hotspot/src/share/vm/prims/jni.cpp, line 710]
Event: 0,478 Thread 0x00007f6d643a2800 Implicit null exception at 0x00007f6d551e4f88 to 0x00007f6d551e5051
Event: 28214,954 Thread 0x00007f6d64491000 Implicit null exception at 0x00007f6d55234e55 to 0x00007f6d55235529
Event: 28214,954 Thread 0x00007f6d64491000 Exception <a 'java/net/NoRouteToHostException'> (0x0000000743380bd8) thrown at [/var/tmp/portage/dev-java/icedtea-3.15.0/work/icedtea-3.15.0/openjdk/hotspot/src/share/vm/prims/jni.cpp, line 710]
Event: 74734,040 Thread 0x00007f6d64491000 Exception <a 'sun/net/ConnectionResetException': Connection reset> (0x00000007433894c8) thrown at [/var/tmp/portage/dev-java/icedtea-3.15.0/work/icedtea-3.15.0/openjdk/hotspot/src/share/vm/prims/jni.cpp, line 737]
Event: 96472,952 Thread 0x00007f6d64491000 Implicit null exception at 0x00007f6d5524a08a to 0x00007f6d5524a661
Event: 96472,956 Thread 0x00007f6d64491000 Exception <a 'java/net/ConnectException'> (0x00000007435617d8) thrown at [/var/tmp/portage/dev-java/icedtea-3.15.0/work/icedtea-3.15.0/openjdk/hotspot/src/share/vm/prims/jni.cpp, line 710]
Event: 96903,026 Thread 0x00007f6d64491000 Exception <a 'java/net/ConnectException'> (0x00000007435616e8) thrown at [/var/tmp/portage/dev-java/icedtea-3.15.0/work/icedtea-3.15.0/openjdk/hotspot/src/share/vm/prims/jni.cpp, line 710]

Events (10 events):
Event: 156004,301 Executing VM operation: RevokeBias
Event: 156004,301 Executing VM operation: RevokeBias done
Event: 156004,301 Executing VM operation: RevokeBias
Event: 156004,301 Executing VM operation: RevokeBias done
Event: 156004,301 Executing VM operation: RevokeBias
Event: 156004,317 Executing VM operation: RevokeBias done
Event: 156004,317 Executing VM operation: RevokeBias
Event: 156004,317 Executing VM operation: RevokeBias done
Event: 156004,317 Executing VM operation: RevokeBias
Event: 156004,317 Executing VM operation: RevokeBias done


Dynamic libraries:
649a00000-659500000 rw-p 00000000 00:00 0 
659500000-743380000 ---p 00000000 00:00 0 
743380000-74b080000 rw-p 00000000 00:00 0 
74b080000-7c0000000 ---p 00000000 00:00 0 
7c0000000-7c0160000 rw-p 00000000 00:00 0 
7c0160000-800000000 ---p 00000000 00:00 0 
562bda0eb000-562bda0ec000 r--p 00000000 00:13 144430001                  /opt/icedtea-bin-3.15.0/bin/java
562bda0ec000-562bda0ed000 r-xp 00001000 00:13 144430001                  /opt/icedtea-bin-3.15.0/bin/java
562bda0ed000-562bda0ee000 r--p 00002000 00:13 144430001                  /opt/icedtea-bin-3.15.0/bin/java
562bda0ee000-562bda0ef000 r--p 00002000 00:13 144430001                  /opt/icedtea-bin-3.15.0/bin/java
562bda0ef000-562bda0f0000 rw-p 00003000 00:13 144430001                  /opt/icedtea-bin-3.15.0/bin/java
562bdb0ae000-562bdb0cf000 rw-p 00000000 00:00 0                          [heap]
7f6bb003f000-7f6cb0000000 rw-p 00000000 00:00 0 
7f6cb0000000-7f6cb5739000 rw-p 00000000 00:00 0 
7f6cb5739000-7f6cb8000000 ---p 00000000 00:00 0 
7f6cb8000000-7f6cbfffd000 rw-p 00000000 00:00 0 
7f6cbfffd000-7f6cc0000000 ---p 00000000 00:00 0 
7f6cc0000000-7f6cc7ffe000 rw-p 00000000 00:00 0 
7f6cc7ffe000-7f6cc8000000 ---p 00000000 00:00 0 
7f6cc8000000-7f6ccfffd000 rw-p 00000000 00:00 0 
7f6ccfffd000-7f6cd0000000 ---p 00000000 00:00 0 
7f6cd0000000-7f6cd7ffe000 rw-p 00000000 00:00 0 
7f6cd7ffe000-7f6cd8000000 ---p 00000000 00:00 0 
7f6cd8000000-7f6cdfffe000 rw-p 00000000 00:00 0 
7f6cdfffe000-7f6ce0000000 ---p 00000000 00:00 0 
7f6ce0000000-7f6ce0021000 rw-p 00000000 00:00 0 
7f6ce0021000-7f6ce4000000 ---p 00000000 00:00 0 
7f6ce4000000-7f6ce7ffe000 rw-p 00000000 00:00 0 
7f6ce7ffe000-7f6ce8000000 ---p 00000000 00:00 0 
7f6ce8000000-7f6cec000000 rw-p 00000000 00:00 0 
7f6cef7ff000-7f6cef800000 ---p 00000000 00:00 0 
7f6cef800000-7f6cef803000 ---p 00000000 00:00 0 
7f6cef803000-7f6cf0000000 rw-p 00000000 00:00 0 
7f6cf0000000-7f6cf0028000 rw-p 00000000 00:00 0 
7f6cf0028000-7f6cf4000000 ---p 00000000 00:00 0 
7f6cf4000000-7f6cf4021000 rw-p 00000000 00:00 0 
7f6cf4021000-7f6cf8000000 ---p 00000000 00:00 0 
7f6cf8000000-7f6cf8021000 rw-p 00000000 00:00 0 
7f6cf8021000-7f6cfc000000 ---p 00000000 00:00 0 
7f6cfc000000-7f6cfc121000 rw-p 00000000 00:00 0 
7f6cfc121000-7f6d00000000 ---p 00000000 00:00 0 
7f6d00000000-7f6d00021000 rw-p 00000000 00:00 0 
7f6d00021000-7f6d04000000 ---p 00000000 00:00 0 
7f6d04000000-7f6d04021000 rw-p 00000000 00:00 0 
7f6d04021000-7f6d08000000 ---p 00000000 00:00 0 
7f6d08000000-7f6d08021000 rw-p 00000000 00:00 0 
7f6d08021000-7f6d0c000000 ---p 00000000 00:00 0 
7f6d0c000000-7f6d0c021000 rw-p 00000000 00:00 0 
7f6d0c021000-7f6d10000000 ---p 00000000 00:00 0 
7f6d10000000-7f6d10021000 rw-p 00000000 00:00 0 
7f6d10021000-7f6d14000000 ---p 00000000 00:00 0 
7f6d14000000-7f6d14021000 rw-p 00000000 00:00 0 
7f6d14021000-7f6d18000000 ---p 00000000 00:00 0 
7f6d18000000-7f6d18fbb000 rw-p 00000000 00:00 0 
7f6d18fbb000-7f6d1c000000 ---p 00000000 00:00 0 
7f6d1c000000-7f6d1c621000 rw-p 00000000 00:00 0 
7f6d1c621000-7f6d20000000 ---p 00000000 00:00 0 
7f6d20000000-7f6d20021000 rw-p 00000000 00:00 0 
7f6d20021000-7f6d24000000 ---p 00000000 00:00 0 
7f6d24000000-7f6d24907000 rw-p 00000000 00:00 0 
7f6d24907000-7f6d28000000 ---p 00000000 00:00 0 
7f6d28000000-7f6d28021000 rw-p 00000000 00:00 0 
7f6d28021000-7f6d2c000000 ---p 00000000 00:00 0 
7f6d2c000000-7f6d2c021000 rw-p 00000000 00:00 0 
7f6d2c021000-7f6d30000000 ---p 00000000 00:00 0 
7f6d30000000-7f6d30021000 rw-p 00000000 00:00 0 
7f6d30021000-7f6d34000000 ---p 00000000 00:00 0 
7f6d34000000-7f6d34043000 rw-p 00000000 00:00 0 
7f6d34043000-7f6d38000000 ---p 00000000 00:00 0 
7f6d38000000-7f6d38021000 rw-p 00000000 00:00 0 
7f6d38021000-7f6d3c000000 ---p 00000000 00:00 0 
7f6d3c4d0000-7f6d48000000 rw-p 00000000 00:00 0 
7f6d48000000-7f6d48021000 rw-p 00000000 00:00 0 
7f6d48021000-7f6d4c000000 ---p 00000000 00:00 0 
7f6d4c679000-7f6d4c67c000 ---p 00000000 00:00 0 
7f6d4c67c000-7f6d4c77a000 rw-p 00000000 00:00 0 
7f6d4c77a000-7f6d4c77f000 r--p 00000000 00:13 97414550                   /usr/lib64/libICE.so.6.3.0
7f6d4c77f000-7f6d4c78d000 r-xp 00005000 00:13 97414550                   /usr/lib64/libICE.so.6.3.0
7f6d4c78d000-7f6d4c792000 r--p 00013000 00:13 97414550                   /usr/lib64/libICE.so.6.3.0
7f6d4c792000-7f6d4c793000 r--p 00017000 00:13 97414550                   /usr/lib64/libICE.so.6.3.0
7f6d4c793000-7f6d4c794000 rw-p 00018000 00:13 97414550                   /usr/lib64/libICE.so.6.3.0
7f6d4c794000-7f6d4c798000 rw-p 00000000 00:00 0 
7f6d4c798000-7f6d4c79a000 r--p 00000000 00:13 86760975                   /usr/lib64/libSM.so.6.0.1
7f6d4c79a000-7f6d4c79f000 r-xp 00002000 00:13 86760975                   /usr/lib64/libSM.so.6.0.1
7f6d4c79f000-7f6d4c7a1000 r--p 00007000 00:13 86760975                   /usr/lib64/libSM.so.6.0.1
7f6d4c7a1000-7f6d4c7a2000 r--p 00008000 00:13 86760975                   /usr/lib64/libSM.so.6.0.1
7f6d4c7a2000-7f6d4c7a3000 rw-p 00009000 00:13 86760975                   /usr/lib64/libSM.so.6.0.1
7f6d4c7a3000-7f6d4c7b5000 r--p 00000000 00:13 91940964                   /usr/lib64/libXt.so.6.0.0
7f6d4c7b5000-7f6d4c7f3000 r-xp 00012000 00:13 91940964                   /usr/lib64/libXt.so.6.0.0
7f6d4c7f3000-7f6d4c805000 r--p 00050000 00:13 91940964                   /usr/lib64/libXt.so.6.0.0
7f6d4c805000-7f6d4c806000 ---p 00062000 00:13 91940964                   /usr/lib64/libXt.so.6.0.0
7f6d4c806000-7f6d4c807000 r--p 00062000 00:13 91940964                   /usr/lib64/libXt.so.6.0.0
7f6d4c807000-7f6d4c80c000 rw-p 00063000 00:13 91940964                   /usr/lib64/libXt.so.6.0.0
7f6d4c80c000-7f6d4c80d000 rw-p 00000000 00:00 0 
7f6d4c83f000-7f6d4c842000 ---p 00000000 00:00 0 
7f6d4c842000-7f6d4c878000 rw-p 00000000 00:00 0 
7f6d4c878000-7f6d4c884000 r-xp 00000000 00:13 6152618                    /tmp/libJNativeHook_7822537252702972948.so
7f6d4c884000-7f6d4ca83000 ---p 0000c000 00:13 6152618                    /tmp/libJNativeHook_7822537252702972948.so
7f6d4ca83000-7f6d4ca84000 r--p 0000b000 00:13 6152618                    /tmp/libJNativeHook_7822537252702972948.so
7f6d4ca84000-7f6d4ca85000 rw-p 0000c000 00:13 6152618                    /tmp/libJNativeHook_7822537252702972948.so
7f6d4ca85000-7f6d4ca87000 r--s 00024000 00:13 6152617                    /tmp/jar_cache8204533101273591092.tmp (deleted)
7f6d4ca87000-7f6d4ca89000 r--s 00009000 00:13 6152615                    /tmp/jar_cache2408863646168178930.tmp (deleted)
7f6d4ca89000-7f6d4ca8c000 ---p 00000000 00:00 0 
7f6d4ca8c000-7f6d4cb8a000 rw-p 00000000 00:00 0 
7f6d4cb8a000-7f6d4cb8d000 ---p 00000000 00:00 0 
7f6d4cb8d000-7f6d4cc8b000 rw-p 00000000 00:00 0 
7f6d4cc8b000-7f6d4cc8e000 ---p 00000000 00:00 0 
7f6d4cc8e000-7f6d4cecc000 rw-p 00000000 00:00 0 
7f6d4cecc000-7f6d4cf8c000 ---p 00000000 00:00 0 
7f6d4cf8c000-7f6d4cf8f000 ---p 00000000 00:00 0 
7f6d4cf8f000-7f6d4d08d000 rw-p 00000000 00:00 0 
7f6d4d08d000-7f6d4d090000 ---p 00000000 00:00 0 
7f6d4d090000-7f6d4d18e000 rw-p 00000000 00:00 0 
7f6d4d18e000-7f6d4d199000 r--s 0011c000 00:13 144429953                  /opt/icedtea-bin-3.15.0/jre/lib/ext/localedata.jar
7f6d4d199000-7f6d4d1b4000 r--s 003b7000 00:13 144429947                  /opt/icedtea-bin-3.15.0/jre/lib/ext/cldrdata.jar
7f6d4d1b4000-7f6d4d3b4000 rw-p 00000000 00:00 0 
7f6d4d3b4000-7f6d4d3b8000 r--s 00059000 00:13 144429956                  /opt/icedtea-bin-3.15.0/jre/lib/jsse.jar
7f6d4d3b8000-7f6d4d3cd000 r--s 00000000 00:13 143157173                  /var/cache/fontconfig/af36c546-5c1c-41f1-a146-aed8467fa49d-le64.cache-7
7f6d4d3cd000-7f6d4d3d9000 r--s 00000000 00:13 143157171                  /var/cache/fontconfig/a1ed53c8-e454-4fb6-a283-e6d319ce4b62-le64.cache-7
7f6d4d3d9000-7f6d4d3df000 r--s 00000000 00:13 143157169                  /var/cache/fontconfig/af94f7a9-18f2-4a40-940f-faeaebb158e0-le64.cache-7
7f6d4d3df000-7f6d4d3e7000 r--s 00000000 00:13 143157167                  /var/cache/fontconfig/9d8e7a22-ea14-4e81-981d-3f7ecadff48f-le64.cache-7
7f6d4d3e7000-7f6d4d3ec000 r--s 00000000 00:13 143157165                  /var/cache/fontconfig/d28dd01b-b6dd-4820-8797-722b9fb9750f-le64.cache-7
7f6d4d3ec000-7f6d4d3ef000 r--s 00000000 00:13 143157163                  /var/cache/fontconfig/e108169e-4a09-4a79-ab2a-e1c53d9ad263-le64.cache-7
7f6d4d3ef000-7f6d4d3f1000 r--s 00000000 00:13 143157161                  /var/cache/fontconfig/28815ec5-6ff2-4bd6-ad2f-d69e6276fd80-le64.cache-7
7f6d4d3f1000-7f6d4d3f5000 r--s 00000000 00:13 143157159                  /var/cache/fontconfig/d50fee3d-ebd8-4d9e-8df9-4f1736fd4129-le64.cache-7
7f6d4d3f5000-7f6d4d6df000 r--s 00000000 00:13 143157157                  /var/cache/fontconfig/287d9664-6f5d-488d-b940-ea3a4178dcf1-le64.cache-7
7f6d4d6df000-7f6d4da93000 r--s 00000000 00:13 143157155                  /var/cache/fontconfig/b7b6aec5-d2f2-407a-98b7-e4be7a8b4d77-le64.cache-7
7f6d4da93000-7f6d4dab5000 r--s 00000000 00:13 143157151                  /var/cache/fontconfig/c1a69e60-6b58-4cf8-ae57-bbecc0d4c2cd-le64.cache-7
7f6d4dab5000-7f6d4dab9000 r--s 00000000 00:13 143157149                  /var/cache/fontconfig/0cc5ba6b-213d-4758-a2d7-c59831f481da-le64.cache-7
7f6d4dab9000-7f6d4dabe000 r--s 00000000 00:13 143157145                  /var/cache/fontconfig/408fb765-f964-4e2e-bbda-e4bf8d413414-le64.cache-7
7f6d4dabe000-7f6d4dacb000 r--s 00000000 00:13 143157141                  /var/cache/fontconfig/bf57e666-bb53-49b8-98c6-fe50f5f6308a-le64.cache-7
7f6d4dacb000-7f6d4dad8000 r--s 00000000 00:13 143157137                  /var/cache/fontconfig/94ee1d25-da4a-46af-bb22-0c3a6455e279-le64.cache-7
7f6d4dad8000-7f6d4daf4000 r--s 00000000 00:13 143157129                  /var/cache/fontconfig/f7c44856-d4cc-40ce-b9b8-e6d2e8a837d8-le64.cache-7
7f6d4daf4000-7f6d4db00000 r--s 00000000 00:13 143157127                  /var/cache/fontconfig/8cbb2b80-f067-483d-a375-b60541b7bcde-le64.cache-7
7f6d4db00000-7f6d4db05000 r--s 00000000 00:13 143157123                  /var/cache/fontconfig/09ee9e5b-dbf1-4df1-994d-bd23e1735daf-le64.cache-7
7f6d4db05000-7f6d4db85000 r--s 00000000 00:13 143157099                  /var/cache/fontconfig/0c6439b1-150b-4b09-8cf0-95d516063542-le64.cache-7
7f6d4db85000-7f6d4db88000 ---p 00000000 00:00 0 
7f6d4db88000-7f6d4dc86000 rw-p 00000000 00:00 0 
7f6d4dc86000-7f6d4dc89000 ---p 00000000 00:00 0 
7f6d4dc89000-7f6d4dd87000 rw-p 00000000 00:00 0 
7f6d4dd87000-7f6d4dd89000 r--p 00000000 00:13 92084962                   /lib64/libpcre.so.1.2.10
7f6d4dd89000-7f6d4ddda000 r-xp 00002000 00:13 92084962                   /lib64/libpcre.so.1.2.10
7f6d4ddda000-7f6d4ddf8000 r--p 00053000 00:13 92084962                   /lib64/libpcre.so.1.2.10
7f6d4ddf8000-7f6d4ddf9000 r--p 00070000 00:13 92084962                   /lib64/libpcre.so.1.2.10
7f6d4ddf9000-7f6d4ddfa000 rw-p 00071000 00:13 92084962                   /lib64/libpcre.so.1.2.10
7f6d4ddfa000-7f6d4ddfd000 r--p 00000000 00:13 121164342                  /usr/lib64/libgraphite2.so.3.2.1
7f6d4ddfd000-7f6d4de17000 r-xp 00003000 00:13 121164342                  /usr/lib64/libgraphite2.so.3.2.1
7f6d4de17000-7f6d4de1c000 r--p 0001d000 00:13 121164342                  /usr/lib64/libgraphite2.so.3.2.1
7f6d4de1c000-7f6d4de1e000 r--p 00021000 00:13 121164342                  /usr/lib64/libgraphite2.so.3.2.1
7f6d4de1e000-7f6d4de1f000 rw-p 00023000 00:13 121164342                  /usr/lib64/libgraphite2.so.3.2.1
7f6d4de1f000-7f6d4de3a000 r--p 00000000 00:13 124339746                  /usr/lib64/libglib-2.0.so.0.6000.7
7f6d4de3a000-7f6d4deba000 r-xp 0001b000 00:13 124339746                  /usr/lib64/libglib-2.0.so.0.6000.7
7f6d4deba000-7f6d4df3d000 r--p 0009b000 00:13 124339746                  /usr/lib64/libglib-2.0.so.0.6000.7
7f6d4df3d000-7f6d4df3e000 r--p 0011d000 00:13 124339746                  /usr/lib64/libglib-2.0.so.0.6000.7
7f6d4df3e000-7f6d4df3f000 rw-p 0011e000 00:13 124339746                  /usr/lib64/libglib-2.0.so.0.6000.7
7f6d4df3f000-7f6d4df40000 rw-p 00000000 00:00 0 
7f6d4df40000-7f6d4df44000 r--p 00000000 00:13 97176888                   /usr/lib64/libexpat.so.1.6.10
7f6d4df44000-7f6d4df65000 r-xp 00004000 00:13 97176888                   /usr/lib64/libexpat.so.1.6.10
7f6d4df65000-7f6d4df79000 r--p 00025000 00:13 97176888                   /usr/lib64/libexpat.so.1.6.10
7f6d4df79000-7f6d4df7a000 ---p 00039000 00:13 97176888                   /usr/lib64/libexpat.so.1.6.10
7f6d4df7a000-7f6d4df7c000 r--p 00039000 00:13 97176888                   /usr/lib64/libexpat.so.1.6.10
7f6d4df7c000-7f6d4df7d000 rw-p 0003b000 00:13 97176888                   /usr/lib64/libexpat.so.1.6.10
7f6d4df7d000-7f6d4df87000 r--p 00000000 00:13 116434834                  /usr/lib64/libharfbuzz.so.0.20600.4
7f6d4df87000-7f6d4e04d000 r-xp 0000a000 00:13 116434834                  /usr/lib64/libharfbuzz.so.0.20600.4
7f6d4e04d000-7f6d4e07f000 r--p 000d0000 00:13 116434834                  /usr/lib64/libharfbuzz.so.0.20600.4
7f6d4e07f000-7f6d4e080000 r--p 00101000 00:13 116434834                  /usr/lib64/libharfbuzz.so.0.20600.4
7f6d4e080000-7f6d4e081000 rw-p 00102000 00:13 116434834                  /usr/lib64/libharfbuzz.so.0.20600.4
7f6d4e081000-7f6d4e082000 rw-p 00000000 00:00 0 
7f6d4e082000-7f6d4e088000 r--p 00000000 00:13 86739463                   /usr/lib64/libpng16.so.16.37.0
7f6d4e088000-7f6d4e0ad000 r-xp 00006000 00:13 86739463                   /usr/lib64/libpng16.so.16.37.0
7f6d4e0ad000-7f6d4e0b9000 r--p 0002b000 00:13 86739463                   /usr/lib64/libpng16.so.16.37.0
7f6d4e0b9000-7f6d4e0ba000 r--p 00036000 00:13 86739463                   /usr/lib64/libpng16.so.16.37.0
7f6d4e0ba000-7f6d4e0bb000 rw-p 00037000 00:13 86739463                   /usr/lib64/libpng16.so.16.37.0
7f6d4e0bb000-7f6d4e0c2000 r--p 00000000 00:13 86778740                   /usr/lib64/libfontconfig.so.1.11.1
7f6d4e0c2000-7f6d4e0e5000 r-xp 00007000 00:13 86778740                   /usr/lib64/libfontconfig.so.1.11.1
7f6d4e0e5000-7f6d4e0fc000 r--p 0002a000 00:13 86778740                   /usr/lib64/libfontconfig.so.1.11.1
7f6d4e0fc000-7f6d4e0fd000 ---p 00041000 00:13 86778740                   /usr/lib64/libfontconfig.so.1.11.1
7f6d4e0fd000-7f6d4e0ff000 r--p 00041000 00:13 86778740                   /usr/lib64/libfontconfig.so.1.11.1
7f6d4e0ff000-7f6d4e100000 rw-p 00043000 00:13 86778740                   /usr/lib64/libfontconfig.so.1.11.1
7f6d4e100000-7f6d4e10d000 r--p 00000000 00:13 86778535                   /usr/lib64/libfreetype.so.6.16.1
7f6d4e10d000-7f6d4e18b000 r-xp 0000d000 00:13 86778535                   /usr/lib64/libfreetype.so.6.16.1
7f6d4e18b000-7f6d4e1b5000 r--p 0008b000 00:13 86778535                   /usr/lib64/libfreetype.so.6.16.1
7f6d4e1b5000-7f6d4e1bc000 r--p 000b4000 00:13 86778535                   /usr/lib64/libfreetype.so.6.16.1
7f6d4e1bc000-7f6d4e1bd000 rw-p 000bb000 00:13 86778535                   /usr/lib64/libfreetype.so.6.16.1
7f6d4e1bd000-7f6d4e1be000 r--s 00000000 00:13 143157179                  /var/cache/fontconfig/62331ab5-ee04-4937-adb3-ca3658adc169-le64.cache-7
7f6d4e1be000-7f6d4e1c1000 r--s 00000000 00:13 143157139                  /var/cache/fontconfig/b3a5a3f7-9041-466a-a459-112dac7f3940-le64.cache-7
7f6d4e1c1000-7f6d4e1cd000 r--s 00000000 00:13 143157121                  /var/cache/fontconfig/c5b3fe61-649e-4d94-a8e1-296d43643020-le64.cache-7
7f6d4e1cd000-7f6d4e1d0000 r--s 00000000 00:13 143157119                  /var/cache/fontconfig/c8f673d7-ba61-41d4-a4bb-7c9d33ad4c9e-le64.cache-7
7f6d4e1d0000-7f6d4e1d8000 r--s 00000000 00:13 143157117                  /var/cache/fontconfig/1f177bc4-b1db-4eed-9fd7-9e0a7324f1d8-le64.cache-7
7f6d4e1d8000-7f6d4e1de000 r--s 00000000 00:13 143157113                  /var/cache/fontconfig/7fae2a27-acf6-46eb-ab44-1bdeb67aad64-le64.cache-7
7f6d4e1de000-7f6d4e1ea000 r--s 00000000 00:13 143157111                  /var/cache/fontconfig/4783f747-8b27-4ea1-9892-c2d762175051-le64.cache-7
7f6d4e1ea000-7f6d4e228000 r--s 00000000 00:13 143157101                  /var/cache/fontconfig/0497d38e-2d99-48fb-bde5-eb81019ece47-le64.cache-7
7f6d4e228000-7f6d4e22f000 r--p 00000000 00:13 144429896                  /opt/icedtea-bin-3.15.0/jre/lib/amd64/libfontmanager.so
7f6d4e22f000-7f6d4e25d000 r-xp 00007000 00:13 144429896                  /opt/icedtea-bin-3.15.0/jre/lib/amd64/libfontmanager.so
7f6d4e25d000-7f6d4e279000 r--p 00035000 00:13 144429896                  /opt/icedtea-bin-3.15.0/jre/lib/amd64/libfontmanager.so
7f6d4e279000-7f6d4e27a000 ---p 00051000 00:13 144429896                  /opt/icedtea-bin-3.15.0/jre/lib/amd64/libfontmanager.so
7f6d4e27a000-7f6d4e27c000 r--p 00051000 00:13 144429896                  /opt/icedtea-bin-3.15.0/jre/lib/amd64/libfontmanager.so
7f6d4e27c000-7f6d4e27d000 rw-p 00053000 00:13 144429896                  /opt/icedtea-bin-3.15.0/jre/lib/amd64/libfontmanager.so
7f6d4e27d000-7f6d4e299000 r--p 00000000 00:13 112193933                  /usr/lib64/libX11.so.6.3.0
7f6d4e299000-7f6d4e325000 r-xp 0001c000 00:13 112193933                  /usr/lib64/libX11.so.6.3.0
7f6d4e325000-7f6d4e3b9000 r--p 000a8000 00:13 112193933                  /usr/lib64/libX11.so.6.3.0
7f6d4e3b9000-7f6d4e3ba000 ---p 0013c000 00:13 112193933                  /usr/lib64/libX11.so.6.3.0
7f6d4e3ba000-7f6d4e3bb000 r--p 0013c000 00:13 112193933                  /usr/lib64/libX11.so.6.3.0
7f6d4e3bb000-7f6d4e3c0000 rw-p 0013d000 00:13 112193933                  /usr/lib64/libX11.so.6.3.0
7f6d4e3c0000-7f6d4e3c2000 r--s 00000000 00:13 143157153                  /var/cache/fontconfig/ad081d65-2157-4c60-8464-ac0dbece26f9-le64.cache-7
7f6d4e3c2000-7f6d4e3ca000 r--s 00000000 00:13 143157109                  /var/cache/fontconfig/3af0ef5a-7b7b-4a42-b524-4fdbd80f339a-le64.cache-7
7f6d4e3ca000-7f6d4e3cc000 r--p 00000000 00:13 86765943                   /usr/lib64/libXfixes.so.3.1.0
7f6d4e3cc000-7f6d4e3cf000 r-xp 00002000 00:13 86765943                   /usr/lib64/libXfixes.so.3.1.0
7f6d4e3cf000-7f6d4e3d0000 r--p 00005000 00:13 86765943                   /usr/lib64/libXfixes.so.3.1.0
7f6d4e3d0000-7f6d4e3d1000 r--p 00005000 00:13 86765943                   /usr/lib64/libXfixes.so.3.1.0
7f6d4e3d1000-7f6d4e3d2000 rw-p 00006000 00:13 86765943                   /usr/lib64/libXfixes.so.3.1.0
7f6d4e3d2000-7f6d4e3d5000 r--p 00000000 00:13 86766363                   /usr/lib64/libXcursor.so.1.0.2
7f6d4e3d5000-7f6d4e3da000 r-xp 00003000 00:13 86766363                   /usr/lib64/libXcursor.so.1.0.2
7f6d4e3da000-7f6d4e3dc000 r--p 00008000 00:13 86766363                   /usr/lib64/libXcursor.so.1.0.2
7f6d4e3dc000-7f6d4e3dd000 r--p 00009000 00:13 86766363                   /usr/lib64/libXcursor.so.1.0.2
7f6d4e3dd000-7f6d4e3de000 rw-p 0000a000 00:13 86766363                   /usr/lib64/libXcursor.so.1.0.2
7f6d4e3de000-7f6d4e3e0000 r--p 00000000 00:13 92034209                   /lib64/libbz2.so.1.0.6
7f6d4e3e0000-7f6d4e3ed000 r-xp 00002000 00:13 92034209                   /lib64/libbz2.so.1.0.6
7f6d4e3ed000-7f6d4e3ef000 r--p 0000f000 00:13 92034209                   /lib64/libbz2.so.1.0.6
7f6d4e3ef000-7f6d4e3f0000 r--p 00010000 00:13 92034209                   /lib64/libbz2.so.1.0.6
7f6d4e3f0000-7f6d4e3f1000 rw-p 00011000 00:13 92034209                   /lib64/libbz2.so.1.0.6
7f6d4e3f1000-7f6d4e404000 r--s 00102000 00:13 144429876                  /opt/icedtea-bin-3.15.0/jre/lib/resources.jar
7f6d4e404000-7f6d4e42b000 r--p 00000000 00:13 115563057                  /usr/share/locale/de/LC_MESSAGES/libc.mo
7f6d4e42b000-7f6d4e456000 r--p 00000000 00:13 144429882                  /opt/icedtea-bin-3.15.0/jre/lib/amd64/libawt.so
7f6d4e456000-7f6d4e4be000 r-xp 0002b000 00:13 144429882                  /opt/icedtea-bin-3.15.0/jre/lib/amd64/libawt.so
7f6d4e4be000-7f6d4e4ca000 r--p 00093000 00:13 144429882                  /opt/icedtea-bin-3.15.0/jre/lib/amd64/libawt.so
7f6d4e4ca000-7f6d4e4cb000 ---p 0009f000 00:13 144429882                  /opt/icedtea-bin-3.15.0/jre/lib/amd64/libawt.so
7f6d4e4cb000-7f6d4e4cc000 r--p 0009f000 00:13 144429882                  /opt/icedtea-bin-3.15.0/jre/lib/amd64/libawt.so
7f6d4e4cc000-7f6d4e4d7000 rw-p 000a0000 00:13 144429882                  /opt/icedtea-bin-3.15.0/jre/lib/amd64/libawt.so
7f6d4e4d7000-7f6d4fcfd000 rw-p 00000000 00:00 0 
7f6d4fcfd000-7f6d4fcfe000 ---p 00000000 00:00 0 
7f6d4fcfe000-7f6d4fdfe000 rw-p 00000000 00:00 0 
7f6d4fdfe000-7f6d4fe01000 ---p 00000000 00:00 0 
7f6d4fe01000-7f6d4feff000 rw-p 00000000 00:00 0 
7f6d4feff000-7f6d4ff00000 ---p 00000000 00:00 0 
7f6d4ff00000-7f6d4ff03000 ---p 00000000 00:00 0 
7f6d4ff03000-7f6d50000000 rw-p 00000000 00:00 0 
7f6d50000000-7f6d50021000 rw-p 00000000 00:00 0 
7f6d50021000-7f6d54000000 ---p 00000000 00:00 0 
7f6d54000000-7f6d54002000 r--s 00000000 00:13 143157143                  /var/cache/fontconfig/3b1a9ecb-5406-4d9b-af49-042da322f920-le64.cache-7
7f6d54002000-7f6d54005000 r--s 00000000 00:13 143157115                  /var/cache/fontconfig/44a72481-c8e2-4417-949f-02067910fe1b-le64.cache-7
7f6d54005000-7f6d54009000 r--p 00000000 00:13 112304023                  /usr/lib64/libbsd.so.0.10.0
7f6d54009000-7f6d54018000 r-xp 00004000 00:13 112304023                  /usr/lib64/libbsd.so.0.10.0
7f6d54018000-7f6d5401b000 r--p 00013000 00:13 112304023                  /usr/lib64/libbsd.so.0.10.0
7f6d5401b000-7f6d5401c000 ---p 00016000 00:13 112304023                  /usr/lib64/libbsd.so.0.10.0
7f6d5401c000-7f6d5401d000 r--p 00016000 00:13 112304023                  /usr/lib64/libbsd.so.0.10.0
7f6d5401d000-7f6d5401e000 rw-p 00017000 00:13 112304023                  /usr/lib64/libbsd.so.0.10.0
7f6d5401e000-7f6d5401f000 rw-p 00000000 00:00 0 
7f6d5401f000-7f6d5402b000 r--p 00000000 00:13 86762118                   /usr/lib64/libxcb.so.1.1.0
7f6d5402b000-7f6d5403f000 r-xp 0000c000 00:13 86762118                   /usr/lib64/libxcb.so.1.1.0
7f6d5403f000-7f6d54048000 r--p 00020000 00:13 86762118                   /usr/lib64/libxcb.so.1.1.0
7f6d54048000-7f6d54049000 r--p 00028000 00:13 86762118                   /usr/lib64/libxcb.so.1.1.0
7f6d54049000-7f6d5404a000 rw-p 00029000 00:13 86762118                   /usr/lib64/libxcb.so.1.1.0
7f6d5404a000-7f6d5404b000 ---p 00000000 00:00 0 
7f6d5404b000-7f6d5404e000 ---p 00000000 00:00 0 
7f6d5404e000-7f6d5414b000 rw-p 00000000 00:00 0 
7f6d5414b000-7f6d5414c000 ---p 00000000 00:00 0 
7f6d5414c000-7f6d5414f000 ---p 00000000 00:00 0 
7f6d5414f000-7f6d5424c000 rw-p 00000000 00:00 0 
7f6d5424c000-7f6d5424f000 ---p 00000000 00:00 0 
7f6d5424f000-7f6d5434d000 rw-p 00000000 00:00 0 
7f6d5434d000-7f6d547f8000 r--p 00000000 00:13 115564439                  /usr/lib64/locale/locale-archive
7f6d547f8000-7f6d547fb000 ---p 00000000 00:00 0 
7f6d547fb000-7f6d548f9000 rw-p 00000000 00:00 0 
7f6d548f9000-7f6d548fc000 ---p 00000000 00:00 0 
7f6d548fc000-7f6d549fa000 rw-p 00000000 00:00 0 
7f6d549fa000-7f6d549fb000 ---p 00000000 00:00 0 
7f6d549fb000-7f6d55000000 rw-p 00000000 00:00 0 
7f6d55000000-7f6d55410000 rwxp 00000000 00:00 0 
7f6d55410000-7f6d64000000 ---p 00000000 00:00 0 
7f6d64000000-7f6d644b5000 rw-p 00000000 00:00 0 
7f6d644b5000-7f6d68000000 ---p 00000000 00:00 0 
7f6d68000000-7f6d68002000 r--s 00000000 00:13 143157135                  /var/cache/fontconfig/76f8f982-8fd2-4cf6-b704-a1dfe3220bad-le64.cache-7
7f6d68002000-7f6d68007000 r--s 00000000 00:13 143157107                  /var/cache/fontconfig/b2269786-0c13-4624-a55f-dd01db5ff397-le64.cache-7
7f6d68007000-7f6d68009000 r--p 00000000 00:13 133401966                  /lib64/libuuid.so.1.3.0
7f6d68009000-7f6d6800e000 r-xp 00002000 00:13 133401966                  /lib64/libuuid.so.1.3.0
7f6d6800e000-7f6d6800f000 r--p 00007000 00:13 133401966                  /lib64/libuuid.so.1.3.0
7f6d6800f000-7f6d68010000 r--p 00007000 00:13 133401966                  /lib64/libuuid.so.1.3.0
7f6d68010000-7f6d68011000 rw-p 00008000 00:13 133401966                  /lib64/libuuid.so.1.3.0
7f6d68011000-7f6d68018000 r--s 00000000 00:13 115564410                  /usr/lib64/gconv/gconv-modules.cache
7f6d68018000-7f6d6801a000 r--p 00000000 00:13 86738602                   /usr/lib64/libXdmcp.so.6.0.0
7f6d6801a000-7f6d6801c000 r-xp 00002000 00:13 86738602                   /usr/lib64/libXdmcp.so.6.0.0
7f6d6801c000-7f6d6801e000 r--p 00004000 00:13 86738602                   /usr/lib64/libXdmcp.so.6.0.0
7f6d6801e000-7f6d6801f000 r--p 00005000 00:13 86738602                   /usr/lib64/libXdmcp.so.6.0.0
7f6d6801f000-7f6d68020000 rw-p 00006000 00:13 86738602                   /usr/lib64/libXdmcp.so.6.0.0
7f6d68020000-7f6d68021000 r--p 00000000 00:13 86738521                   /usr/lib64/libXau.so.6.0.0
7f6d68021000-7f6d68022000 r-xp 00001000 00:13 86738521                   /usr/lib64/libXau.so.6.0.0
7f6d68022000-7f6d68023000 r--p 00002000 00:13 86738521                   /usr/lib64/libXau.so.6.0.0
7f6d68023000-7f6d68024000 r--p 00002000 00:13 86738521                   /usr/lib64/libXau.so.6.0.0
7f6d68024000-7f6d68025000 rw-p 00003000 00:13 86738521                   /usr/lib64/libXau.so.6.0.0
7f6d68025000-7f6d68027000 r--p 00000000 00:13 91940288                   /usr/lib64/libXi.so.6.1.0
7f6d68027000-7f6d68032000 r-xp 00002000 00:13 91940288                   /usr/lib64/libXi.so.6.1.0
7f6d68032000-7f6d68035000 r--p 0000d000 00:13 91940288                   /usr/lib64/libXi.so.6.1.0
7f6d68035000-7f6d68036000 r--p 0000f000 00:13 91940288                   /usr/lib64/libXi.so.6.1.0
7f6d68036000-7f6d68037000 rw-p 00010000 00:13 91940288                   /usr/lib64/libXi.so.6.1.0
7f6d68037000-7f6d68039000 r--p 00000000 00:13 86766748                   /usr/lib64/libXtst.so.6.1.0
7f6d68039000-7f6d6803c000 r-xp 00002000 00:13 86766748                   /usr/lib64/libXtst.so.6.1.0
7f6d6803c000-7f6d6803d000 r--p 00005000 00:13 86766748                   /usr/lib64/libXtst.so.6.1.0
7f6d6803d000-7f6d6803e000 r--p 00005000 00:13 86766748                   /usr/lib64/libXtst.so.6.1.0
7f6d6803e000-7f6d6803f000 rw-p 00006000 00:13 86766748                   /usr/lib64/libXtst.so.6.1.0
7f6d6803f000-7f6d68040000 r--p 00000000 00:13 86766225                   /usr/lib64/libXcomposite.so.1.0.0
7f6d68040000-7f6d68041000 r-xp 00001000 00:13 86766225                   /usr/lib64/libXcomposite.so.1.0.0
7f6d68041000-7f6d68042000 r--p 00002000 00:13 86766225                   /usr/lib64/libXcomposite.so.1.0.0
7f6d68042000-7f6d68043000 r--p 00002000 00:13 86766225                   /usr/lib64/libXcomposite.so.1.0.0
7f6d68043000-7f6d68044000 rw-p 00003000 00:13 86766225                   /usr/lib64/libXcomposite.so.1.0.0
7f6d68044000-7f6d68046000 r--p 00000000 00:13 86766012                   /usr/lib64/libXrender.so.1.3.0
7f6d68046000-7f6d6804d000 r-xp 00002000 00:13 86766012                   /usr/lib64/libXrender.so.1.3.0
7f6d6804d000-7f6d6804f000 r--p 00009000 00:13 86766012                   /usr/lib64/libXrender.so.1.3.0
7f6d6804f000-7f6d68050000 r--p 0000a000 00:13 86766012                   /usr/lib64/libXrender.so.1.3.0
7f6d68050000-7f6d68051000 rw-p 0000b000 00:13 86766012                   /usr/lib64/libXrender.so.1.3.0
7f6d68051000-7f6d68055000 r--p 00000000 00:13 86765860                   /usr/lib64/libXext.so.6.4.0
7f6d68055000-7f6d68060000 r-xp 00004000 00:13 86765860                   /usr/lib64/libXext.so.6.4.0
7f6d68060000-7f6d68064000 r--p 0000f000 00:13 86765860                   /usr/lib64/libXext.so.6.4.0
7f6d68064000-7f6d68065000 r--p 00012000 00:13 86765860                   /usr/lib64/libXext.so.6.4.0
7f6d68065000-7f6d68066000 rw-p 00013000 00:13 86765860                   /usr/lib64/libXext.so.6.4.0
7f6d68066000-7f6d68075000 r--p 00000000 00:13 144429911                  /opt/icedtea-bin-3.15.0/jre/lib/amd64/libawt_xawt.so
7f6d68075000-7f6d680af000 r-xp 0000f000 00:13 144429911                  /opt/icedtea-bin-3.15.0/jre/lib/amd64/libawt_xawt.so
7f6d680af000-7f6d680c0000 r--p 00049000 00:13 144429911                  /opt/icedtea-bin-3.15.0/jre/lib/amd64/libawt_xawt.so
7f6d680c0000-7f6d680c1000 r--p 00059000 00:13 144429911                  /opt/icedtea-bin-3.15.0/jre/lib/amd64/libawt_xawt.so
7f6d680c1000-7f6d680c4000 rw-p 0005a000 00:13 144429911                  /opt/icedtea-bin-3.15.0/jre/lib/amd64/libawt_xawt.so
7f6d680c4000-7f6d680c6000 rw-p 00000000 00:00 0 
7f6d680c6000-7f6d680ca000 r--p 00000000 00:13 144429901                  /opt/icedtea-bin-3.15.0/jre/lib/amd64/libnet.so
7f6d680ca000-7f6d680d9000 r-xp 00004000 00:13 144429901                  /opt/icedtea-bin-3.15.0/jre/lib/amd64/libnet.so
7f6d680d9000-7f6d680dd000 r--p 00013000 00:13 144429901                  /opt/icedtea-bin-3.15.0/jre/lib/amd64/libnet.so
7f6d680dd000-7f6d680de000 r--p 00016000 00:13 144429901                  /opt/icedtea-bin-3.15.0/jre/lib/amd64/libnet.so
7f6d680de000-7f6d680df000 rw-p 00017000 00:13 144429901                  /opt/icedtea-bin-3.15.0/jre/lib/amd64/libnet.so
7f6d680df000-7f6d680e5000 r--p 00000000 00:13 144429904                  /opt/icedtea-bin-3.15.0/jre/lib/amd64/libnio.so
7f6d680e5000-7f6d680ed000 r-xp 00006000 00:13 144429904                  /opt/icedtea-bin-3.15.0/jre/lib/amd64/libnio.so
7f6d680ed000-7f6d680f0000 r--p 0000e000 00:13 144429904                  /opt/icedtea-bin-3.15.0/jre/lib/amd64/libnio.so
7f6d680f0000-7f6d680f1000 r--p 00010000 00:13 144429904                  /opt/icedtea-bin-3.15.0/jre/lib/amd64/libnio.so
7f6d680f1000-7f6d680f2000 rw-p 00011000 00:13 144429904                  /opt/icedtea-bin-3.15.0/jre/lib/amd64/libnio.so
7f6d680f2000-7f6d680f3000 r--s 001a6000 00:28 177191                     /home/alex/onlinePusher.jar
7f6d680f3000-7f6d68b4b000 rw-p 00000000 00:00 0 
7f6d68b4b000-7f6d68d1b000 r--s 01f6f000 00:13 144429934                  /opt/icedtea-bin-3.15.0/jre/lib/rt.jar
7f6d68d1b000-7f6d6a214000 rw-p 00000000 00:00 0 
7f6d6a214000-7f6d6a215000 ---p 00000000 00:00 0 
7f6d6a215000-7f6d6a315000 rw-p 00000000 00:00 0 
7f6d6a315000-7f6d6a316000 ---p 00000000 00:00 0 
7f6d6a316000-7f6d6a416000 rw-p 00000000 00:00 0 
7f6d6a416000-7f6d6a417000 ---p 00000000 00:00 0 
7f6d6a417000-7f6d6a517000 rw-p 00000000 00:00 0 
7f6d6a517000-7f6d6a518000 ---p 00000000 00:00 0 
7f6d6a518000-7f6d6a696000 rw-p 00000000 00:00 0 
7f6d6a696000-7f6d6ade5000 ---p 00000000 00:00 0 
7f6d6ade5000-7f6d6ae63000 rw-p 00000000 00:00 0 
7f6d6ae63000-7f6d6b5b1000 ---p 00000000 00:00 0 
7f6d6b5b1000-7f6d6b5f1000 rw-p 00000000 00:00 0 
7f6d6b5f1000-7f6d6b998000 ---p 00000000 00:00 0 
7f6d6b998000-7f6d6b9aa000 rw-p 00000000 00:00 0 
7f6d6b9aa000-7f6d6bd59000 ---p 00000000 00:00 0 
7f6d6bd59000-7f6d6bd5b000 r--p 00000000 00:13 115562643                  /lib64/librt-2.29.so
7f6d6bd5b000-7f6d6bd5f000 r-xp 00002000 00:13 115562643                  /lib64/librt-2.29.so
7f6d6bd5f000-7f6d6bd61000 r--p 00006000 00:13 115562643                  /lib64/librt-2.29.so
7f6d6bd61000-7f6d6bd62000 r--p 00007000 00:13 115562643                  /lib64/librt-2.29.so
7f6d6bd62000-7f6d6bd63000 rw-p 00008000 00:13 115562643                  /lib64/librt-2.29.so
7f6d6bd63000-7f6d6bd64000 ---p 00000000 00:00 0 
7f6d6bd64000-7f6d6bd67000 ---p 00000000 00:00 0 
7f6d6bd67000-7f6d6be64000 rw-p 00000000 00:00 0 
7f6d6be64000-7f6d6be67000 r--p 00000000 00:13 111242592                  /usr/lib/gcc/x86_64-pc-linux-gnu/9.2.0/libgcc_s.so.1
7f6d6be67000-7f6d6be78000 r-xp 00003000 00:13 111242592                  /usr/lib/gcc/x86_64-pc-linux-gnu/9.2.0/libgcc_s.so.1
7f6d6be78000-7f6d6be7c000 r--p 00014000 00:13 111242592                  /usr/lib/gcc/x86_64-pc-linux-gnu/9.2.0/libgcc_s.so.1
7f6d6be7c000-7f6d6be7d000 r--p 00017000 00:13 111242592                  /usr/lib/gcc/x86_64-pc-linux-gnu/9.2.0/libgcc_s.so.1
7f6d6be7d000-7f6d6be7e000 rw-p 00018000 00:13 111242592                  /usr/lib/gcc/x86_64-pc-linux-gnu/9.2.0/libgcc_s.so.1
7f6d6be7e000-7f6d6be8b000 r--p 00000000 00:13 115562646                  /lib64/libm-2.29.so
7f6d6be8b000-7f6d6bf22000 r-xp 0000d000 00:13 115562646                  /lib64/libm-2.29.so
7f6d6bf22000-7f6d6bfba000 r--p 000a4000 00:13 115562646                  /lib64/libm-2.29.so
7f6d6bfba000-7f6d6bfbb000 r--p 0013b000 00:13 115562646                  /lib64/libm-2.29.so
7f6d6bfbb000-7f6d6bfbc000 rw-p 0013c000 00:13 115562646                  /lib64/libm-2.29.so
7f6d6bfbc000-7f6d6c058000 r--p 00000000 00:13 111242575                  /usr/lib/gcc/x86_64-pc-linux-gnu/9.2.0/libstdc++.so.6.0.27
7f6d6c058000-7f6d6c177000 r-xp 0009c000 00:13 111242575                  /usr/lib/gcc/x86_64-pc-linux-gnu/9.2.0/libstdc++.so.6.0.27
7f6d6c177000-7f6d6c21c000 r--p 001bb000 00:13 111242575                  /usr/lib/gcc/x86_64-pc-linux-gnu/9.2.0/libstdc++.so.6.0.27
7f6d6c21c000-7f6d6c229000 r--p 0025f000 00:13 111242575                  /usr/lib/gcc/x86_64-pc-linux-gnu/9.2.0/libstdc++.so.6.0.27
7f6d6c229000-7f6d6c22e000 rw-p 0026c000 00:13 111242575                  /usr/lib/gcc/x86_64-pc-linux-gnu/9.2.0/libstdc++.so.6.0.27
7f6d6c22e000-7f6d6c231000 rw-p 00000000 00:00 0 
7f6d6c231000-7f6d6c420000 r--p 00000000 00:13 144429906                  /opt/icedtea-bin-3.15.0/jre/lib/amd64/server/libjvm.so
7f6d6c420000-7f6d6cbe6000 r-xp 001ef000 00:13 144429906                  /opt/icedtea-bin-3.15.0/jre/lib/amd64/server/libjvm.so
7f6d6cbe6000-7f6d6cd80000 r--p 009b5000 00:13 144429906                  /opt/icedtea-bin-3.15.0/jre/lib/amd64/server/libjvm.so
7f6d6cd80000-7f6d6ce14000 r--p 00b4e000 00:13 144429906                  /opt/icedtea-bin-3.15.0/jre/lib/amd64/server/libjvm.so
7f6d6ce14000-7f6d6ce3d000 rw-p 00be2000 00:13 144429906                  /opt/icedtea-bin-3.15.0/jre/lib/amd64/server/libjvm.so
7f6d6ce3d000-7f6d6ce6f000 rw-p 00000000 00:00 0 
7f6d6ce6f000-7f6d6ce75000 r--p 00000000 00:13 115562668                  /lib64/libpthread-2.29.so
7f6d6ce75000-7f6d6ce86000 r-xp 00006000 00:13 115562668                  /lib64/libpthread-2.29.so
7f6d6ce86000-7f6d6ce8b000 r--p 00017000 00:13 115562668                  /lib64/libpthread-2.29.so
7f6d6ce8b000-7f6d6ce8c000 r--p 0001b000 00:13 115562668                  /lib64/libpthread-2.29.so
7f6d6ce8c000-7f6d6ce8d000 rw-p 0001c000 00:13 115562668                  /lib64/libpthread-2.29.so
7f6d6ce8d000-7f6d6ce91000 rw-p 00000000 00:00 0 
7f6d6ce91000-7f6d6ce92000 r--p 00000000 00:13 115562647                  /lib64/libdl-2.29.so
7f6d6ce92000-7f6d6ce94000 r-xp 00001000 00:13 115562647                  /lib64/libdl-2.29.so
7f6d6ce94000-7f6d6ce95000 r--p 00003000 00:13 115562647                  /lib64/libdl-2.29.so
7f6d6ce95000-7f6d6ce96000 r--p 00003000 00:13 115562647                  /lib64/libdl-2.29.so
7f6d6ce96000-7f6d6ce97000 rw-p 00004000 00:13 115562647                  /lib64/libdl-2.29.so
7f6d6ce97000-7f6d6ce9a000 r--p 00000000 00:13 92034826                   /lib64/libz.so.1.2.11
7f6d6ce9a000-7f6d6cea8000 r-xp 00003000 00:13 92034826                   /lib64/libz.so.1.2.11
7f6d6cea8000-7f6d6ceaf000 r--p 00011000 00:13 92034826                   /lib64/libz.so.1.2.11
7f6d6ceaf000-7f6d6ceb0000 r--p 00017000 00:13 92034826                   /lib64/libz.so.1.2.11
7f6d6ceb0000-7f6d6ceb1000 rw-p 00018000 00:13 92034826                   /lib64/libz.so.1.2.11
7f6d6ceb1000-7f6d6ced3000 r--p 00000000 00:13 115562628                  /lib64/libc-2.29.so
7f6d6ced3000-7f6d6d02c000 r-xp 00022000 00:13 115562628                  /lib64/libc-2.29.so
7f6d6d02c000-7f6d6d075000 r--p 0017b000 00:13 115562628                  /lib64/libc-2.29.so
7f6d6d075000-7f6d6d076000 ---p 001c4000 00:13 115562628                  /lib64/libc-2.29.so
7f6d6d076000-7f6d6d07a000 r--p 001c4000 00:13 115562628                  /lib64/libc-2.29.so
7f6d6d07a000-7f6d6d07c000 rw-p 001c8000 00:13 115562628                  /lib64/libc-2.29.so
7f6d6d07c000-7f6d6d080000 rw-p 00000000 00:00 0 
7f6d6d080000-7f6d6d083000 r--p 00000000 00:13 144429881                  /opt/icedtea-bin-3.15.0/jre/lib/amd64/libzip.so
7f6d6d083000-7f6d6d087000 r-xp 00003000 00:13 144429881                  /opt/icedtea-bin-3.15.0/jre/lib/amd64/libzip.so
7f6d6d087000-7f6d6d089000 r--p 00007000 00:13 144429881                  /opt/icedtea-bin-3.15.0/jre/lib/amd64/libzip.so
7f6d6d089000-7f6d6d08a000 r--p 00008000 00:13 144429881                  /opt/icedtea-bin-3.15.0/jre/lib/amd64/libzip.so
7f6d6d08a000-7f6d6d08b000 rw-p 00009000 00:13 144429881                  /opt/icedtea-bin-3.15.0/jre/lib/amd64/libzip.so
7f6d6d08b000-7f6d6d093000 rw-s 00000000 00:13 6152562                    /tmp/hsperfdata_alex/26114
7f6d6d093000-7f6d6d096000 r--p 00000000 00:13 115562635                  /lib64/libnss_files-2.29.so
7f6d6d096000-7f6d6d09d000 r-xp 00003000 00:13 115562635                  /lib64/libnss_files-2.29.so
7f6d6d09d000-7f6d6d09f000 r--p 0000a000 00:13 115562635                  /lib64/libnss_files-2.29.so
7f6d6d09f000-7f6d6d0a0000 r--p 0000b000 00:13 115562635                  /lib64/libnss_files-2.29.so
7f6d6d0a0000-7f6d6d0a1000 rw-p 0000c000 00:13 115562635                  /lib64/libnss_files-2.29.so
7f6d6d0a1000-7f6d6d0a3000 r--p 00000000 00:13 115562633                  /lib64/libnss_db-2.29.so
7f6d6d0a3000-7f6d6d0a8000 r-xp 00002000 00:13 115562633                  /lib64/libnss_db-2.29.so
7f6d6d0a8000-7f6d6d0a9000 r--p 00007000 00:13 115562633                  /lib64/libnss_db-2.29.so
7f6d6d0a9000-7f6d6d0aa000 r--p 00007000 00:13 115562633                  /lib64/libnss_db-2.29.so
7f6d6d0aa000-7f6d6d0ab000 rw-p 00008000 00:13 115562633                  /lib64/libnss_db-2.29.so
7f6d6d0ab000-7f6d6d0ac000 rw-p 00000000 00:00 0 
7f6d6d0ac000-7f6d6d0ad000 r--p 00000000 00:00 0 
7f6d6d0ad000-7f6d6d0b9000 r--p 00000000 00:13 144429878                  /opt/icedtea-bin-3.15.0/jre/lib/amd64/libjava.so
7f6d6d0b9000-7f6d6d0d0000 r-xp 0000c000 00:13 144429878                  /opt/icedtea-bin-3.15.0/jre/lib/amd64/libjava.so
7f6d6d0d0000-7f6d6d0d7000 r--p 00023000 00:13 144429878                  /opt/icedtea-bin-3.15.0/jre/lib/amd64/libjava.so
7f6d6d0d7000-7f6d6d0d8000 r--p 00029000 00:13 144429878                  /opt/icedtea-bin-3.15.0/jre/lib/amd64/libjava.so
7f6d6d0d8000-7f6d6d0da000 rw-p 0002a000 00:13 144429878                  /opt/icedtea-bin-3.15.0/jre/lib/amd64/libjava.so
7f6d6d0da000-7f6d6d0de000 r--p 00000000 00:13 144429890                  /opt/icedtea-bin-3.15.0/jre/lib/amd64/libverify.so
7f6d6d0de000-7f6d6d0e5000 r-xp 00004000 00:13 144429890                  /opt/icedtea-bin-3.15.0/jre/lib/amd64/libverify.so
7f6d6d0e5000-7f6d6d0e7000 r--p 0000b000 00:13 144429890                  /opt/icedtea-bin-3.15.0/jre/lib/amd64/libverify.so
7f6d6d0e7000-7f6d6d0e8000 ---p 0000d000 00:13 144429890                  /opt/icedtea-bin-3.15.0/jre/lib/amd64/libverify.so
7f6d6d0e8000-7f6d6d0ea000 r--p 0000d000 00:13 144429890                  /opt/icedtea-bin-3.15.0/jre/lib/amd64/libverify.so
7f6d6d0ea000-7f6d6d0eb000 rw-p 0000f000 00:13 144429890                  /opt/icedtea-bin-3.15.0/jre/lib/amd64/libverify.so
7f6d6d0eb000-7f6d6d0ed000 r--p 00000000 00:13 144429853                  /opt/icedtea-bin-3.15.0/lib/amd64/jli/libjli.so
7f6d6d0ed000-7f6d6d0f6000 r-xp 00002000 00:13 144429853                  /opt/icedtea-bin-3.15.0/lib/amd64/jli/libjli.so
7f6d6d0f6000-7f6d6d0f9000 r--p 0000b000 00:13 144429853                  /opt/icedtea-bin-3.15.0/lib/amd64/jli/libjli.so
7f6d6d0f9000-7f6d6d0fa000 r--p 0000d000 00:13 144429853                  /opt/icedtea-bin-3.15.0/lib/amd64/jli/libjli.so
7f6d6d0fa000-7f6d6d0fb000 rw-p 0000e000 00:13 144429853                  /opt/icedtea-bin-3.15.0/lib/amd64/jli/libjli.so
7f6d6d0fb000-7f6d6d0fd000 rw-p 00000000 00:00 0 
7f6d6d0fd000-7f6d6d0fe000 r--p 00000000 00:13 115562629                  /lib64/ld-2.29.so
7f6d6d0fe000-7f6d6d11c000 r-xp 00001000 00:13 115562629                  /lib64/ld-2.29.so
7f6d6d11c000-7f6d6d124000 r--p 0001f000 00:13 115562629                  /lib64/ld-2.29.so
7f6d6d124000-7f6d6d125000 r--p 00026000 00:13 115562629                  /lib64/ld-2.29.so
7f6d6d125000-7f6d6d126000 rw-p 00027000 00:13 115562629                  /lib64/ld-2.29.so
7f6d6d126000-7f6d6d127000 rw-p 00000000 00:00 0 
7ffd1f3fc000-7ffd1f41e000 rw-p 00000000 00:00 0                          [stack]
7ffd1f51b000-7ffd1f51e000 r--p 00000000 00:00 0                          [vvar]
7ffd1f51e000-7ffd1f51f000 r-xp 00000000 00:00 0                          [vdso]
ffffffffff600000-ffffffffff601000 r-xp 00000000 00:00 0                  [vsyscall]

VM Arguments:
java_command: /home/alex/onlinePusher.jar client 192.168.2.40 neon 8889
java_class_path (initial): /home/alex/onlinePusher.jar
Launcher Type: SUN_STANDARD

Environment Variables:
JAVA_HOME=/etc/java-config-2/current-system-vm
PATH=/usr/lib/llvm/9/bin:/usr/local/sbin:/usr/local/bin:/usr/sbin:/usr/bin:/sbin:/bin:/opt/bin:/usr/lib/llvm/8/bin:/usr/sbin/:/opt/scripts:/home/alex/bin:/opt/nvidia-cg-toolkit/bin:/usr/games/bin:/opt/cuda/bin:/opt/cuda/libnvvp
SHELL=/bin/zsh
DISPLAY=:0

Signal Handlers:
SIGSEGV: [libjvm.so+0x994670], sa_mask[0]=11111111011111111101111111111110, sa_flags=SA_RESTART|SA_SIGINFO
SIGBUS: [libjvm.so+0x994670], sa_mask[0]=11111111011111111101111111111110, sa_flags=SA_RESTART|SA_SIGINFO
SIGFPE: [libjvm.so+0x821550], sa_mask[0]=11111111011111111101111111111110, sa_flags=SA_RESTART|SA_SIGINFO
SIGPIPE: [libjvm.so+0x821550], sa_mask[0]=11111111011111111101111111111110, sa_flags=SA_RESTART|SA_SIGINFO
SIGXFSZ: [libjvm.so+0x821550], sa_mask[0]=11111111011111111101111111111110, sa_flags=SA_RESTART|SA_SIGINFO
SIGILL: [libjvm.so+0x821550], sa_mask[0]=11111111011111111101111111111110, sa_flags=SA_RESTART|SA_SIGINFO
SIGUSR1: SIG_DFL, sa_mask[0]=00000000000000000000000000000000, sa_flags=none
SIGUSR2: [libjvm.so+0x821290], sa_mask[0]=00000000000000000000000000000000, sa_flags=SA_RESTART|SA_SIGINFO
SIGHUP: [libjvm.so+0x824a10], sa_mask[0]=11111111011111111101111111111110, sa_flags=SA_RESTART|SA_SIGINFO
SIGINT: [libjvm.so+0x824a10], sa_mask[0]=11111111011111111101111111111110, sa_flags=SA_RESTART|SA_SIGINFO
SIGTERM: [libjvm.so+0x824a10], sa_mask[0]=11111111011111111101111111111110, sa_flags=SA_RESTART|SA_SIGINFO
SIGQUIT: [libjvm.so+0x824a10], sa_mask[0]=11111111011111111101111111111110, sa_flags=SA_RESTART|SA_SIGINFO


---------------  S Y S T E M  ---------------

OS:DISTRIB_ID="Gentoo"

uname:Linux 5.4.17-gentoo-x86_64 #1 SMP Wed Feb 5 00:35:34 CET 2020 x86_64
libc:glibc 2.29 NPTL 2.29 
rlimit: STACK 8192k, CORE 0k, NPROC 95797, NOFILE 524288, AS infinity
load average:3,06 3,21 2,62

/proc/meminfo:
MemTotal:       24528096 kB
MemFree:         5991684 kB
MemAvailable:   12949300 kB
Buffers:          302168 kB
Cached:          6394156 kB
SwapCached:       222300 kB
Active:         14701288 kB
Inactive:        2486364 kB
Active(anon):    9522404 kB
Inactive(anon):  1307112 kB
Active(file):    5178884 kB
Inactive(file):  1179252 kB
Unevictable:       33632 kB
Mlocked:            8484 kB
SwapTotal:       9667580 kB
SwapFree:        9444100 kB
Dirty:              2260 kB
Writeback:             0 kB
AnonPages:      10302760 kB
Mapped:           673740 kB
Shmem:            331140 kB
KReclaimable:     857052 kB
Slab:            1123292 kB
SReclaimable:     857052 kB
SUnreclaim:       266240 kB
KernelStack:       19120 kB
PageTables:        61240 kB
NFS_Unstable:          0 kB
Bounce:                0 kB
WritebackTmp:          0 kB
CommitLimit:    21931628 kB
Committed_AS:   21099144 kB
VmallocTotal:   34359738367 kB
VmallocUsed:       58056 kB
VmallocChunk:          0 kB
Percpu:             1360 kB
HugePages_Total:       0
HugePages_Free:        0
HugePages_Rsvd:        0
HugePages_Surp:        0
Hugepagesize:       2048 kB
Hugetlb:               0 kB
DirectMap4k:     8946880 kB
DirectMap2M:    16119808 kB
DirectMap1G:           0 kB


CPU:total 4 (initial active 4) (2 cores per cpu, 2 threads per core) family 6 model 142 stepping 9, cmov, cx8, fxsr, mmx, sse, sse2, sse3, ssse3, sse4.1, sse4.2, popcnt, avx, avx2, aes, clmul, erms, 3dnowpref, lzcnt, ht, tsc, tscinvbit, bmi1, bmi2, adx

/proc/cpuinfo:
processor	: 0
vendor_id	: GenuineIntel
cpu family	: 6
model		: 142
model name	: Intel(R) Core(TM) i7-7500U CPU @ 2.70GHz
stepping	: 9
microcode	: 0x5e
cpu MHz		: 2799.998
cache size	: 4096 KB
physical id	: 0
siblings	: 4
core id		: 0
cpu cores	: 2
apicid		: 0
initial apicid	: 0
fpu		: yes
fpu_exception	: yes
cpuid level	: 22
wp		: yes
flags		: fpu vme de pse tsc msr pae mce cx8 apic sep mtrr pge mca cmov pat pse36 clflush dts acpi mmx fxsr sse sse2 ss ht tm pbe syscall nx pdpe1gb rdtscp lm constant_tsc art arch_perfmon pebs bts rep_good nopl xtopology nonstop_tsc cpuid aperfmperf pni pclmulqdq dtes64 monitor ds_cpl vmx est tm2 ssse3 sdbg fma cx16 xtpr pdcm pcid sse4_1 sse4_2 x2apic movbe popcnt tsc_deadline_timer aes xsave avx f16c rdrand lahf_lm abm 3dnowprefetch cpuid_fault epb invpcid_single pti tpr_shadow vnmi flexpriority ept vpid ept_ad fsgsbase tsc_adjust bmi1 avx2 smep bmi2 erms invpcid mpx rdseed adx smap clflushopt intel_pt xsaveopt xsavec xgetbv1 xsaves dtherm ida arat pln pts hwp hwp_notify hwp_act_window hwp_epp
bugs		: cpu_meltdown spectre_v1 spectre_v2 spec_store_bypass l1tf mds swapgs itlb_multihit
bogomips	: 5799.77
clflush size	: 64
cache_alignment	: 64
address sizes	: 39 bits physical, 48 bits virtual
power management:

processor	: 1
vendor_id	: GenuineIntel
cpu family	: 6
model		: 142
model name	: Intel(R) Core(TM) i7-7500U CPU @ 2.70GHz
stepping	: 9
microcode	: 0x5e
cpu MHz		: 2800.000
cache size	: 4096 KB
physical id	: 0
siblings	: 4
core id		: 1
cpu cores	: 2
apicid		: 2
initial apicid	: 2
fpu		: yes
fpu_exception	: yes
cpuid level	: 22
wp		: yes
flags		: fpu vme de pse tsc msr pae mce cx8 apic sep mtrr pge mca cmov pat pse36 clflush dts acpi mmx fxsr sse sse2 ss ht tm pbe syscall nx pdpe1gb rdtscp lm constant_tsc art arch_perfmon pebs bts rep_good nopl xtopology nonstop_tsc cpuid aperfmperf pni pclmulqdq dtes64 monitor ds_cpl vmx est tm2 ssse3 sdbg fma cx16 xtpr pdcm pcid sse4_1 sse4_2 x2apic movbe popcnt tsc_deadline_timer aes xsave avx f16c rdrand lahf_lm abm 3dnowprefetch cpuid_fault epb invpcid_single pti tpr_shadow vnmi flexpriority ept vpid ept_ad fsgsbase tsc_adjust bmi1 avx2 smep bmi2 erms invpcid mpx rdseed adx smap clflushopt intel_pt xsaveopt xsavec xgetbv1 xsaves dtherm ida arat pln pts hwp hwp_notify hwp_act_window hwp_epp
bugs		: cpu_meltdown spectre_v1 spectre_v2 spec_store_bypass l1tf mds swapgs itlb_multihit
bogomips	: 5799.77
clflush size	: 64
cache_alignment	: 64
address sizes	: 39 bits physical, 48 bits virtual
power management:

processor	: 2
vendor_id	: GenuineIntel
cpu family	: 6
model		: 142
model name	: Intel(R) Core(TM) i7-7500U CPU @ 2.70GHz
stepping	: 9
microcode	: 0x5e
cpu MHz		: 2799.999
cache size	: 4096 KB
physical id	: 0
siblings	: 4
core id		: 0
cpu cores	: 2
apicid		: 1
initial apicid	: 1
fpu		: yes
fpu_exception	: yes
cpuid level	: 22
wp		: yes
flags		: fpu vme de pse tsc msr pae mce cx8 apic sep mtrr pge mca cmov pat pse36 clflush dts acpi mmx fxsr sse sse2 ss ht tm pbe syscall nx pdpe1gb rdtscp lm constant_tsc art arch_perfmon pebs bts rep_good nopl xtopology nonstop_tsc cpuid aperfmperf pni pclmulqdq dtes64 monitor ds_cpl vmx est tm2 ssse3 sdbg fma cx16 xtpr pdcm pcid sse4_1 sse4_2 x2apic movbe popcnt tsc_deadline_timer aes xsave avx f16c rdrand lahf_lm abm 3dnowprefetch cpuid_fault epb invpcid_single pti tpr_shadow vnmi flexpriority ept vpid ept_ad fsgsbase tsc_adjust bmi1 avx2 smep bmi2 erms invpcid mpx rdseed adx smap clflushopt intel_pt xsaveopt xsavec xgetbv1 xsaves dtherm ida arat pln pts hwp hwp_notify hwp_act_window hwp_epp
bugs		: cpu_meltdown spectre_v1 spectre_v2 spec_store_bypass l1tf mds swapgs itlb_multihit
bogomips	: 5799.77
clflush size	: 64
cache_alignment	: 64
address sizes	: 39 bits physical, 48 bits virtual
power management:

processor	: 3
vendor_id	: GenuineIntel
cpu family	: 6
model		: 142
model name	: Intel(R) Core(TM) i7-7500U CPU @ 2.70GHz
stepping	: 9
microcode	: 0x5e
cpu MHz		: 2800.000
cache size	: 4096 KB
physical id	: 0
siblings	: 4
core id		: 1
cpu cores	: 2
apicid		: 3
initial apicid	: 3
fpu		: yes
fpu_exception	: yes
cpuid level	: 22
wp		: yes
flags		: fpu vme de pse tsc msr pae mce cx8 apic sep mtrr pge mca cmov pat pse36 clflush dts acpi mmx fxsr sse sse2 ss ht tm pbe syscall nx pdpe1gb rdtscp lm constant_tsc art arch_perfmon pebs bts rep_good nopl xtopology nonstop_tsc cpuid aperfmperf pni pclmulqdq dtes64 monitor ds_cpl vmx est tm2 ssse3 sdbg fma cx16 xtpr pdcm pcid sse4_1 sse4_2 x2apic movbe popcnt tsc_deadline_timer aes xsave avx f16c rdrand lahf_lm abm 3dnowprefetch cpuid_fault epb invpcid_single pti tpr_shadow vnmi flexpriority ept vpid ept_ad fsgsbase tsc_adjust bmi1 avx2 smep bmi2 erms invpcid mpx rdseed adx smap clflushopt intel_pt xsaveopt xsavec xgetbv1 xsaves dtherm ida arat pln pts hwp hwp_notify hwp_act_window hwp_epp
bugs		: cpu_meltdown spectre_v1 spectre_v2 spec_store_bypass l1tf mds swapgs itlb_multihit
bogomips	: 5799.77
clflush size	: 64
cache_alignment	: 64
address sizes	: 39 bits physical, 48 bits virtual
power management:



Memory: 4k page, physical 24528096k(5991684k free), swap 9667580k(9444100k free)

vm_info: OpenJDK 64-Bit Server VM (25.242-b08) for linux-amd64 JRE (1.8.0_242-b08), built on Mar 28 2020 04:01:45 by "portage" with gcc 9.2.0

time: Sun Apr  5 00:07:15 2020
timezone: CEST
elapsed time: 156014 seconds (1d 19h 20m 14s)

