#
# A fatal error has been detected by the Java Runtime Environment:
#
#  SIGSEGV (0xb) at pc=0x00007f63799b7410, pid=11555, tid=0x00007f6379998700
#
# JRE version: OpenJDK Runtime Environment (8.0_242-b08) (build 1.8.0_242-b08)
# Java VM: OpenJDK 64-Bit Server VM (25.242-b08 mixed mode linux-amd64 compressed oops)
# Derivative: IcedTea 3.15.0
# Distribution: Gentoo Base System release 2.6, package Gentoo icedtea-3.15.0
# Problematic frame:
# C  [libXt.so.6+0x1e410]
#
# Failed to write core dump. Core dumps have been disabled. To enable core dumping, try "ulimit -c unlimited" before starting Java again
#
# If you would like to submit a bug report, please include
# instructions on how to reproduce the bug and visit:
#   https://icedtea.classpath.org/bugzilla
# The crash happened outside the Java Virtual Machine in native code.
# See problematic frame for where to report the bug.
#

---------------  T H R E A D  ---------------

Current thread (0x00007f6354010000):  JavaThread "JNativeHook Native Hook" [_thread_in_native, id=11589, stack(0x00007f6379199000,0x00007f6379999000)]

siginfo: si_signo: 11 (SIGSEGV), si_code: 1 (SEGV_MAPERR), si_addr: 0x00007f6217fff010

Registers:
RAX=0x00007f621803f010, RBX=0x00007f6358082e30, RCX=0x00000000ffff8001, RDX=0xffffffffffff8000
RSP=0x00007f6379997c30, RBP=0x00007f6358082e30, RSI=0x000000000000800c, RDI=0x00007f63580ab830
R8 =0x0000000000000000, R9 =0x0000000000000000, R10=0x00007f631d72a330, R11=0x00007f631d729080
R12=0x00007f63580ab830, R13=0x00007f6379a0e378, R14=0x00007f6379a0e378, R15=0x00007f6379997cec
RIP=0x00007f63799b7410, EFLAGS=0x0000000000010293, CSGSFS=0x002b000000000033, ERR=0x0000000000000006
  TRAPNO=0x000000000000000e

Top of Stack: (sp=0x00007f6379997c30)
0x00007f6379997c30:   00007f6379997c7c 00007f6358082e30
0x00007f6379997c40:   00007f63580ab830 00007f6379a0e378
0x00007f6379997c50:   00000000000002b5 0000000000000000
0x00007f6379997c60:   00007f6379997cec 00007f63799b7c76
0x00007f6379997c70:   0000000000000000 0000000000000000
0x00007f6379997c80:   0000000000000000 0000000000000000
0x00007f6379997c90:   0000020400000203 00007f6379c0f348
0x00007f6379997ca0:   0000000000000000 0000000000000000
0x00007f6379997cb0:   00000000000002b5 00007f6354020e40
0x00007f6379997cc0:   0000000000000551 00007f6379a06351
0x00007f6379997cd0:   00007f6379997cec 0000000000000000
0x00007f6379997ce0:   000000005e8c8fa9 00000000343d6e49
0x00007f6379997cf0:   0000000000000005 0000000000000005
0x00007f6379997d00:   0000017155112f94 00007f6379a06a88
0x00007f6379997d10:   000000000000000b 00007f6379997d30
0x00007f6379997d20:   0000000000000000 00007f6300000001
0x00007f6379997d30:   0000000000000000 0000000000000000
0x00007f6379997d40:   0000000000000000 0000025400000000
0x00007f6379997d50:   0000000400000000 0000000000000000
0x00007f6379997d60:   00007f6354008538 00007f63540101e0
0x00007f6379997d70:   0000ffff0000007f 3233406944275900
0x00007f6379997d80:   000000005e8c8fa9 00000000000d5f99
0x00007f6379997d90:   0000000000000000 0000000000000020
0x00007f6379997da0:   00007f63b8893180 00007f6354024378
0x00007f6379997db0:   0000000000000020 00007f6379997e40
0x00007f6379997dc0:   0000000000000020 00007f63b88907e4
0x00007f6379997dd0:   00007f635400e100 00007f6379a06700
0x00007f6379997de0:   00007f6354024384 00007f6354000b60
0x00007f6379997df0:   00007f6354000b60 00007f6354000b60
0x00007f6379997e00:   00007f635400e100 00007f6379997e40
0x00007f6379997e10:   00007f6379a06700 0000000000000000
0x00007f6379997e20:   00007f6354024370 00007f63b8891805 

Instructions: (pc=0x00007f63799b7410)
0x00007f63799b73f0:   00 00 0f b7 b6 8e 00 00 00 48 8b 45 18 66 39 f2
0x00007f63799b7400:   0f 8d 2a 02 00 00 8d 4a 01 66 89 8d 8c 00 00 00
0x00007f63799b7410:   4c 89 24 d0 c6 85 1d 01 00 00 01 bf 70 02 00 00
0x00007f63799b7420:   ff 85 88 00 00 00 e8 45 40 ff ff 48 89 c3 48 8b 

Register to memory mapping:

RAX=0x00007f621803f010 is an unknown value
RBX=0x00007f6358082e30 is an unknown value
RCX=0x00000000ffff8001 is an unknown value
RDX=0xffffffffffff8000 is an unknown value
RSP=0x00007f6379997c30 is pointing into the stack for thread: 0x00007f6354010000
RBP=0x00007f6358082e30 is an unknown value
RSI=0x000000000000800c is an unknown value
RDI=0x00007f63580ab830 is an unknown value
R8 =0x0000000000000000 is an unknown value
R9 =0x0000000000000000 is an unknown value
R10=0x00007f631d72a330 is an unknown value
R11=0x00007f631d729080 is an unknown value
R12=0x00007f63580ab830 is an unknown value
R13=0x00007f6379a0e378: <offset 0xb378> in /tmp/libJNativeHook_1553594203934906576.so at 0x00007f6379a03000
R14=0x00007f6379a0e378: <offset 0xb378> in /tmp/libJNativeHook_1553594203934906576.so at 0x00007f6379a03000
R15=0x00007f6379997cec is pointing into the stack for thread: 0x00007f6354010000


Stack: [0x00007f6379199000,0x00007f6379999000],  sp=0x00007f6379997c30,  free space=8187k
Native frames: (J=compiled Java code, j=interpreted, Vv=VM code, C=native code)
C  [libXt.so.6+0x1e410]


---------------  P R O C E S S  ---------------

Java Threads: ( => current thread )
  0x00007f635402d800 JavaThread "JNativeHook Native Dispatch" [_thread_blocked, id=11590, stack(0x00007f6379097000,0x00007f6379198000)]
=>0x00007f6354010000 JavaThread "JNativeHook Native Hook" [_thread_in_native, id=11589, stack(0x00007f6379199000,0x00007f6379999000)]
  0x00007f635c009000 JavaThread "process reaper" daemon [_thread_blocked, id=11588, stack(0x00007f63a809a000,0x00007f63a80d3000)]
  0x00007f635800b000 JavaThread "Timer-0" [_thread_blocked, id=11581, stack(0x00007f6379c10000,0x00007f6379d11000)]
  0x00007f63cc00a800 JavaThread "DestroyJavaVM" [_thread_blocked, id=11559, stack(0x00007f63d0af3000,0x00007f63d0bf3000)]
  0x00007f63cc44f800 JavaThread "Thread-4" [_thread_blocked, id=11580, stack(0x00007f6379d11000,0x00007f6379e12000)]
  0x00007f63cc44c000 JavaThread "Thread-3" daemon [_thread_blocked, id=11579, stack(0x00007f6379e12000,0x00007f6379f13000)]
  0x00007f63cc466800 JavaThread "AWT-EventQueue-0" [_thread_blocked, id=11578, stack(0x00007f637a113000,0x00007f637a214000)]
  0x00007f63cc465000 JavaThread "AWT-Shutdown" [_thread_blocked, id=11577, stack(0x00007f637a214000,0x00007f637a315000)]
  0x00007f63cc362800 JavaThread "AWT-XAWT" daemon [_thread_in_native, id=11574, stack(0x00007f63b812a000,0x00007f63b822b000)]
  0x00007f63cc335000 JavaThread "Java2D Disposer" daemon [_thread_blocked, id=11573, stack(0x00007f63b8233000,0x00007f63b8334000)]
  0x00007f63cc19c800 JavaThread "Service Thread" daemon [_thread_blocked, id=11571, stack(0x00007f63b8cbc000,0x00007f63b8dbd000)]
  0x00007f63cc199800 JavaThread "C1 CompilerThread2" daemon [_thread_blocked, id=11570, stack(0x00007f63b8dbe000,0x00007f63b8ebe000)]
  0x00007f63cc198000 JavaThread "C2 CompilerThread1" daemon [_thread_blocked, id=11569, stack(0x00007f63b8ebf000,0x00007f63b8fbf000)]
  0x00007f63cc188800 JavaThread "C2 CompilerThread0" daemon [_thread_blocked, id=11568, stack(0x00007f63b8fc0000,0x00007f63b90c0000)]
  0x00007f63cc186800 JavaThread "Signal Dispatcher" daemon [_thread_blocked, id=11567, stack(0x00007f63b90c0000,0x00007f63b91c1000)]
  0x00007f63cc15b800 JavaThread "Finalizer" daemon [_thread_blocked, id=11566, stack(0x00007f63b966c000,0x00007f63b976d000)]
  0x00007f63cc157000 JavaThread "Reference Handler" daemon [_thread_blocked, id=11565, stack(0x00007f63b976d000,0x00007f63b986e000)]

Other Threads:
  0x00007f63cc14d000 VMThread [stack: 0x00007f63b986f000,0x00007f63b996f000] [id=11564]
  0x00007f63cc19f000 WatcherThread [stack: 0x00007f63b8bbc000,0x00007f63b8cbc000] [id=11572]

VM state:not at safepoint (normal execution)

VM Mutex/Monitor currently owned by a thread: None

heap address: 0x0000000649a00000, size: 5990 MB, Compressed Oops mode: Zero based, Oop shift amount: 3
Narrow klass base: 0x0000000000000000, Narrow klass shift: 3
Compressed class space size: 1073741824 Address: 0x00000007c0000000

Heap:
 PSYoungGen      total 112128K, used 2887K [0x0000000743380000, 0x000000074b080000, 0x00000007c0000000)
  eden space 96256K, 3% used [0x0000000743380000,0x0000000743651f18,0x0000000749180000)
  from space 15872K, 0% used [0x000000074a100000,0x000000074a100000,0x000000074b080000)
  to   space 15872K, 0% used [0x0000000749180000,0x0000000749180000,0x000000074a100000)
 ParOldGen       total 257024K, used 1531K [0x0000000649a00000, 0x0000000659500000, 0x0000000743380000)
  object space 257024K, 0% used [0x0000000649a00000,0x0000000649b7ef30,0x0000000659500000)
 Metaspace       used 12333K, capacity 12556K, committed 12928K, reserved 1060864K
  class space    used 1267K, capacity 1356K, committed 1408K, reserved 1048576K

Card table byte_map: [0x00007f63bc44c000,0x00007f63bd000000] byte_map_base: 0x00007f63b91ff000

Marking Bits: (ParMarkBitMap*) 0x00007f63d1bdf4c0
 Begin Bits: [0x00007f63a84d0000, 0x00007f63ae268000)
 End Bits:   [0x00007f63ae268000, 0x00007f63b4000000)

Polling page: 0x00007f63d1e3b000

CodeCache: size=245760Kb used=3873Kb max_used=3901Kb free=241886Kb
 bounds [0x00007f63bd000000, 0x00007f63bd3e0000, 0x00007f63cc000000]
 total_blobs=1514 nmethods=995 adapters=434
 compilation: enabled

Compilation events (10 events):
Event: 89673,689 Thread 0x00007f63cc198000 1146   !   4       onlinePusher.hooks_KeyMouse::nativeMouseReleased (24 bytes)
Event: 89673,691 Thread 0x00007f63cc198000 nmethod 1146 0x00007f63bd1d9410 code [0x00007f63bd1d9580, 0x00007f63bd1d9808]
Event: 90921,450 Thread 0x00007f63cc198000 1147       4       java.net.URI$Parser::scan (50 bytes)
Event: 90921,454 Thread 0x00007f63cc198000 nmethod 1147 0x00007f63bd1ee950 code [0x00007f63bd1eeaa0, 0x00007f63bd1eeeb8]
Event: 91521,913 Thread 0x00007f63cc188800 1148       4       java.util.LinkedList::indexOf (73 bytes)
Event: 91521,926 Thread 0x00007f63cc188800 nmethod 1148 0x00007f63bd22cf50 code [0x00007f63bd22d0a0, 0x00007f63bd22d298]
Event: 94523,137 Thread 0x00007f63cc199800 1149       3       java.lang.CharacterData00::toLowerCase (1339 bytes)
Event: 94523,146 Thread 0x00007f63cc199800 nmethod 1149 0x00007f63bd3b7f10 code [0x00007f63bd3b8140, 0x00007f63bd3b9110]
Event: 94523,146 Thread 0x00007f63cc199800 1150       3       java.lang.CharacterData00::getProperties (32 bytes)
Event: 94523,146 Thread 0x00007f63cc199800 nmethod 1150 0x00007f63bd1defd0 code [0x00007f63bd1df140, 0x00007f63bd1df330]

GC Heap History (10 events):
Event: 96001,012 GC heap before
{Heap before GC invocations=7040 (full 3520):
 PSYoungGen      total 112128K, used 160K [0x0000000743380000, 0x000000074b080000, 0x00000007c0000000)
  eden space 96256K, 0% used [0x0000000743380000,0x0000000743380000,0x0000000749180000)
  from space 15872K, 1% used [0x000000074a100000,0x000000074a128000,0x000000074b080000)
  to   space 15872K, 0% used [0x0000000749180000,0x0000000749180000,0x000000074a100000)
 ParOldGen       total 257024K, used 1532K [0x0000000649a00000, 0x0000000659500000, 0x0000000743380000)
  object space 257024K, 0% used [0x0000000649a00000,0x0000000649b7f360,0x0000000659500000)
 Metaspace       used 12333K, capacity 12556K, committed 12928K, reserved 1060864K
  class space    used 1267K, capacity 1356K, committed 1408K, reserved 1048576K
Event: 96001,019 GC heap after
Heap after GC invocations=7040 (full 3520):
 PSYoungGen      total 112128K, used 0K [0x0000000743380000, 0x000000074b080000, 0x00000007c0000000)
  eden space 96256K, 0% used [0x0000000743380000,0x0000000743380000,0x0000000749180000)
  from space 15872K, 0% used [0x000000074a100000,0x000000074a100000,0x000000074b080000)
  to   space 15872K, 0% used [0x0000000749180000,0x0000000749180000,0x000000074a100000)
 ParOldGen       total 257024K, used 1532K [0x0000000649a00000, 0x0000000659500000, 0x0000000743380000)
  object space 257024K, 0% used [0x0000000649a00000,0x0000000649b7f3d0,0x0000000659500000)
 Metaspace       used 12333K, capacity 12556K, committed 12928K, reserved 1060864K
  class space    used 1267K, capacity 1356K, committed 1408K, reserved 1048576K
}
Event: 96023,542 GC heap before
{Heap before GC invocations=7041 (full 3520):
 PSYoungGen      total 112128K, used 2887K [0x0000000743380000, 0x000000074b080000, 0x00000007c0000000)
  eden space 96256K, 3% used [0x0000000743380000,0x0000000743651f20,0x0000000749180000)
  from space 15872K, 0% used [0x000000074a100000,0x000000074a100000,0x000000074b080000)
  to   space 15872K, 0% used [0x0000000749180000,0x0000000749180000,0x000000074a100000)
 ParOldGen       total 257024K, used 1532K [0x0000000649a00000, 0x0000000659500000, 0x0000000743380000)
  object space 257024K, 0% used [0x0000000649a00000,0x0000000649b7f3d0,0x0000000659500000)
 Metaspace       used 12333K, capacity 12556K, committed 12928K, reserved 1060864K
  class space    used 1267K, capacity 1356K, committed 1408K, reserved 1048576K
Event: 96023,543 GC heap after
Heap after GC invocations=7041 (full 3520):
 PSYoungGen      total 112128K, used 64K [0x0000000743380000, 0x000000074b080000, 0x00000007c0000000)
  eden space 96256K, 0% used [0x0000000743380000,0x0000000743380000,0x0000000749180000)
  from space 15872K, 0% used [0x0000000749180000,0x0000000749190000,0x000000074a100000)
  to   space 15872K, 0% used [0x000000074a100000,0x000000074a100000,0x000000074b080000)
 ParOldGen       total 257024K, used 1532K [0x0000000649a00000, 0x0000000659500000, 0x0000000743380000)
  object space 257024K, 0% used [0x0000000649a00000,0x0000000649b7f3d0,0x0000000659500000)
 Metaspace       used 12333K, capacity 12556K, committed 12928K, reserved 1060864K
  class space    used 1267K, capacity 1356K, committed 1408K, reserved 1048576K
}
Event: 96023,543 GC heap before
{Heap before GC invocations=7042 (full 3521):
 PSYoungGen      total 112128K, used 64K [0x0000000743380000, 0x000000074b080000, 0x00000007c0000000)
  eden space 96256K, 0% used [0x0000000743380000,0x0000000743380000,0x0000000749180000)
  from space 15872K, 0% used [0x0000000749180000,0x0000000749190000,0x000000074a100000)
  to   space 15872K, 0% used [0x000000074a100000,0x000000074a100000,0x000000074b080000)
 ParOldGen       total 257024K, used 1532K [0x0000000649a00000, 0x0000000659500000, 0x0000000743380000)
  object space 257024K, 0% used [0x0000000649a00000,0x0000000649b7f3d0,0x0000000659500000)
 Metaspace       used 12333K, capacity 12556K, committed 12928K, reserved 1060864K
  class space    used 1267K, capacity 1356K, committed 1408K, reserved 1048576K
Event: 96023,566 GC heap after
Heap after GC invocations=7042 (full 3521):
 PSYoungGen      total 112128K, used 0K [0x0000000743380000, 0x000000074b080000, 0x00000007c0000000)
  eden space 96256K, 0% used [0x0000000743380000,0x0000000743380000,0x0000000749180000)
  from space 15872K, 0% used [0x0000000749180000,0x0000000749180000,0x000000074a100000)
  to   space 15872K, 0% used [0x000000074a100000,0x000000074a100000,0x000000074b080000)
 ParOldGen       total 257024K, used 1532K [0x0000000649a00000, 0x0000000659500000, 0x0000000743380000)
  object space 257024K, 0% used [0x0000000649a00000,0x0000000649b7f230,0x0000000659500000)
 Metaspace       used 12333K, capacity 12556K, committed 12928K, reserved 1060864K
  class space    used 1267K, capacity 1356K, committed 1408K, reserved 1048576K
}
Event: 96031,016 GC heap before
{Heap before GC invocations=7043 (full 3521):
 PSYoungGen      total 112128K, used 6738K [0x0000000743380000, 0x000000074b080000, 0x00000007c0000000)
  eden space 96256K, 7% used [0x0000000743380000,0x0000000743a148b8,0x0000000749180000)
  from space 15872K, 0% used [0x0000000749180000,0x0000000749180000,0x000000074a100000)
  to   space 15872K, 0% used [0x000000074a100000,0x000000074a100000,0x000000074b080000)
 ParOldGen       total 257024K, used 1532K [0x0000000649a00000, 0x0000000659500000, 0x0000000743380000)
  object space 257024K, 0% used [0x0000000649a00000,0x0000000649b7f230,0x0000000659500000)
 Metaspace       used 12333K, capacity 12556K, committed 12928K, reserved 1060864K
  class space    used 1267K, capacity 1356K, committed 1408K, reserved 1048576K
Event: 96031,017 GC heap after
Heap after GC invocations=7043 (full 3521):
 PSYoungGen      total 112128K, used 128K [0x0000000743380000, 0x000000074b080000, 0x00000007c0000000)
  eden space 96256K, 0% used [0x0000000743380000,0x0000000743380000,0x0000000749180000)
  from space 15872K, 0% used [0x000000074a100000,0x000000074a120000,0x000000074b080000)
  to   space 15872K, 0% used [0x0000000749180000,0x0000000749180000,0x000000074a100000)
 ParOldGen       total 257024K, used 1532K [0x0000000649a00000, 0x0000000659500000, 0x0000000743380000)
  object space 257024K, 0% used [0x0000000649a00000,0x0000000649b7f230,0x0000000659500000)
 Metaspace       used 12333K, capacity 12556K, committed 12928K, reserved 1060864K
  class space    used 1267K, capacity 1356K, committed 1408K, reserved 1048576K
}
Event: 96031,017 GC heap before
{Heap before GC invocations=7044 (full 3522):
 PSYoungGen      total 112128K, used 128K [0x0000000743380000, 0x000000074b080000, 0x00000007c0000000)
  eden space 96256K, 0% used [0x0000000743380000,0x0000000743380000,0x0000000749180000)
  from space 15872K, 0% used [0x000000074a100000,0x000000074a120000,0x000000074b080000)
  to   space 15872K, 0% used [0x0000000749180000,0x0000000749180000,0x000000074a100000)
 ParOldGen       total 257024K, used 1532K [0x0000000649a00000, 0x0000000659500000, 0x0000000743380000)
  object space 257024K, 0% used [0x0000000649a00000,0x0000000649b7f230,0x0000000659500000)
 Metaspace       used 12333K, capacity 12556K, committed 12928K, reserved 1060864K
  class space    used 1267K, capacity 1356K, committed 1408K, reserved 1048576K
Event: 96031,039 GC heap after
Heap after GC invocations=7044 (full 3522):
 PSYoungGen      total 112128K, used 0K [0x0000000743380000, 0x000000074b080000, 0x00000007c0000000)
  eden space 96256K, 0% used [0x0000000743380000,0x0000000743380000,0x0000000749180000)
  from space 15872K, 0% used [0x000000074a100000,0x000000074a100000,0x000000074b080000)
  to   space 15872K, 0% used [0x0000000749180000,0x0000000749180000,0x000000074a100000)
 ParOldGen       total 257024K, used 1531K [0x0000000649a00000, 0x0000000659500000, 0x0000000743380000)
  object space 257024K, 0% used [0x0000000649a00000,0x0000000649b7ef30,0x0000000659500000)
 Metaspace       used 12333K, capacity 12556K, committed 12928K, reserved 1060864K
  class space    used 1267K, capacity 1356K, committed 1408K, reserved 1048576K
}

Deoptimization events (10 events):
Event: 276,507 Thread 0x00007f635402d800 Uncommon trap: reason=array_check action=maybe_recompile pc=0x00007f63bd28c4ac method=javax.swing.event.EventListenerList.getListeners(Ljava/lang/Class;)[Ljava/util/EventListener; @ 63
Event: 949,014 Thread 0x00007f635402d800 Uncommon trap: reason=unstable_if action=reinterpret pc=0x00007f63bd280678 method=org.jnativehook.GlobalScreen$1.run()V @ 7
Event: 949,014 Thread 0x00007f635402d800 Uncommon trap: reason=null_check action=make_not_entrant pc=0x00007f63bd28b83c method=java.lang.reflect.Array.newInstance(Ljava/lang/Class;I)Ljava/lang/Object; @ 2
Event: 1501,448 Thread 0x00007f63cc44f800 Uncommon trap: reason=unstable_if action=reinterpret pc=0x00007f63bd112f2c method=java.io.BufferedOutputStream.write([BII)V @ 6
Event: 3602,323 Thread 0x00007f63cc44f800 Uncommon trap: reason=unstable_if action=reinterpret pc=0x00007f63bd19bfe0 method=java.lang.CharacterData.of(I)Ljava/lang/CharacterData; @ 4
Event: 44550,745 Thread 0x00007f635c009000 Uncommon trap: reason=class_check action=maybe_recompile pc=0x00007f63bd309624 method=java.util.concurrent.ThreadPoolExecutor.runWorker(Ljava/util/concurrent/ThreadPoolExecutor$Worker;)V @ 95
Event: 54518,229 Thread 0x00007f63cc362800 Uncommon trap: reason=unstable_if action=reinterpret pc=0x00007f63bd38b8c0 method=sun.awt.X11.XToolkit.run(Z)V @ 132
Event: 70383,641 Thread 0x00007f63cc44f800 Uncommon trap: reason=unstable_if action=reinterpret pc=0x00007f63bd2bb598 method=java.lang.ref.SoftReference.get()Ljava/lang/Object; @ 6
Event: 70813,709 Thread 0x00007f63cc44f800 Uncommon trap: reason=unstable_if action=reinterpret pc=0x00007f63bd2409c0 method=java.lang.StringCoding.safeTrim([CILjava/nio/charset/Charset;Z)[C @ 3
Event: 75270,875 Thread 0x00007f635c009000 Uncommon trap: reason=class_check action=maybe_recompile pc=0x00007f63bd309624 method=java.util.concurrent.ThreadPoolExecutor.runWorker(Ljava/util/concurrent/ThreadPoolExecutor$Worker;)V @ 95

Classes redefined (0 events):
No events

Internal exceptions (10 events):
Event: 0,159 Thread 0x00007f63cc00a800 Exception <a 'java/lang/NoSuchFieldError': method resolution failed> (0x0000000743502498) thrown at [/var/tmp/portage/dev-java/icedtea-3.15.0/work/icedtea-3.15.0/openjdk/hotspot/src/share/vm/prims/methodHandles.cpp, line 1167]
Event: 0,160 Thread 0x00007f63cc00a800 Exception <a 'java/lang/NoSuchFieldError': method resolution failed> (0x000000074350fc18) thrown at [/var/tmp/portage/dev-java/icedtea-3.15.0/work/icedtea-3.15.0/openjdk/hotspot/src/share/vm/prims/methodHandles.cpp, line 1167]
Event: 0,179 Thread 0x00007f63cc00a800 Exception <a 'java/io/FileNotFoundException'> (0x0000000743773010) thrown at [/var/tmp/portage/dev-java/icedtea-3.15.0/work/icedtea-3.15.0/openjdk/hotspot/src/share/vm/prims/jni.cpp, line 710]
Event: 0,179 Thread 0x00007f63cc00a800 Exception <a 'java/io/FileNotFoundException'> (0x0000000743773ac8) thrown at [/var/tmp/portage/dev-java/icedtea-3.15.0/work/icedtea-3.15.0/openjdk/hotspot/src/share/vm/prims/jni.cpp, line 710]
Event: 0,200 Thread 0x00007f63cc00a800 Exception <a 'java/lang/ClassNotFoundException': sun/dc/DuctusRenderingEngine> (0x000000074378e530) thrown at [/var/tmp/portage/dev-java/icedtea-3.15.0/work/icedtea-3.15.0/openjdk/hotspot/src/share/vm/classfile/systemDictionary.cpp, line 210]
Event: 0,336 Thread 0x00007f63cc00a800 Exception <a 'java/io/FileNotFoundException'> (0x00000007438810e8) thrown at [/var/tmp/portage/dev-java/icedtea-3.15.0/work/icedtea-3.15.0/openjdk/hotspot/src/share/vm/prims/jni.cpp, line 710]
Event: 0,538 Thread 0x00007f63cc362800 Implicit null exception at 0x00007f63bd1df188 to 0x00007f63bd1df251
Event: 70383,641 Thread 0x00007f63cc44f800 Implicit null exception at 0x00007f63bd2bb0e7 to 0x00007f63bd2bb579
Event: 70383,644 Thread 0x00007f63cc44f800 Exception <a 'java/net/ConnectException'> (0x00000007435617d8) thrown at [/var/tmp/portage/dev-java/icedtea-3.15.0/work/icedtea-3.15.0/openjdk/hotspot/src/share/vm/prims/jni.cpp, line 710]
Event: 70813,709 Thread 0x00007f63cc44f800 Exception <a 'java/net/ConnectException'> (0x00000007435616e8) thrown at [/var/tmp/portage/dev-java/icedtea-3.15.0/work/icedtea-3.15.0/openjdk/hotspot/src/share/vm/prims/jni.cpp, line 710]

Events (10 events):
Event: 96031,016 Executing VM operation: RevokeBias
Event: 96031,016 Executing VM operation: RevokeBias done
Event: 96031,016 Executing VM operation: ParallelGCSystemGC
Event: 96031,039 Executing VM operation: ParallelGCSystemGC done
Event: 96031,039 Executing VM operation: RevokeBias
Event: 96031,039 Executing VM operation: RevokeBias done
Event: 96031,039 Executing VM operation: RevokeBias
Event: 96031,039 Executing VM operation: RevokeBias done
Event: 96031,039 Executing VM operation: RevokeBias
Event: 96031,039 Executing VM operation: RevokeBias done


Dynamic libraries:
649a00000-659500000 rw-p 00000000 00:00 0 
659500000-743380000 ---p 00000000 00:00 0 
743380000-74b080000 rw-p 00000000 00:00 0 
74b080000-7c0000000 ---p 00000000 00:00 0 
7c0000000-7c0160000 rw-p 00000000 00:00 0 
7c0160000-800000000 ---p 00000000 00:00 0 
55fdfc3d3000-55fdfc3d4000 r--p 00000000 00:13 144430001                  /opt/icedtea-bin-3.15.0/bin/java
55fdfc3d4000-55fdfc3d5000 r-xp 00001000 00:13 144430001                  /opt/icedtea-bin-3.15.0/bin/java
55fdfc3d5000-55fdfc3d6000 r--p 00002000 00:13 144430001                  /opt/icedtea-bin-3.15.0/bin/java
55fdfc3d6000-55fdfc3d7000 r--p 00002000 00:13 144430001                  /opt/icedtea-bin-3.15.0/bin/java
55fdfc3d7000-55fdfc3d8000 rw-p 00003000 00:13 144430001                  /opt/icedtea-bin-3.15.0/bin/java
55fdfdb41000-55fdfdb62000 rw-p 00000000 00:00 0                          [heap]
7f621803f000-7f6318000000 rw-p 00000000 00:00 0 
7f6318000000-7f631d739000 rw-p 00000000 00:00 0 
7f631d739000-7f6320000000 ---p 00000000 00:00 0 
7f6320000000-7f6327ffd000 rw-p 00000000 00:00 0 
7f6327ffd000-7f6328000000 ---p 00000000 00:00 0 
7f6328000000-7f632fffe000 rw-p 00000000 00:00 0 
7f632fffe000-7f6330000000 ---p 00000000 00:00 0 
7f6330000000-7f6337ffd000 rw-p 00000000 00:00 0 
7f6337ffd000-7f6338000000 ---p 00000000 00:00 0 
7f6338000000-7f633fffe000 rw-p 00000000 00:00 0 
7f633fffe000-7f6340000000 ---p 00000000 00:00 0 
7f6340000000-7f6347ffd000 rw-p 00000000 00:00 0 
7f6347ffd000-7f6348000000 ---p 00000000 00:00 0 
7f6348000000-7f6348021000 rw-p 00000000 00:00 0 
7f6348021000-7f634c000000 ---p 00000000 00:00 0 
7f634c000000-7f634fffe000 rw-p 00000000 00:00 0 
7f634fffe000-7f6350000000 ---p 00000000 00:00 0 
7f6350000000-7f6350021000 rw-p 00000000 00:00 0 
7f6350021000-7f6354000000 ---p 00000000 00:00 0 
7f6354000000-7f6358000000 rw-p 00000000 00:00 0 
7f6358000000-7f6358120000 rw-p 00000000 00:00 0 
7f6358120000-7f635c000000 ---p 00000000 00:00 0 
7f635c000000-7f635c031000 rw-p 00000000 00:00 0 
7f635c031000-7f6360000000 ---p 00000000 00:00 0 
7f6360000000-7f6360021000 rw-p 00000000 00:00 0 
7f6360021000-7f6364000000 ---p 00000000 00:00 0 
7f6364000000-7f6364021000 rw-p 00000000 00:00 0 
7f6364021000-7f6368000000 ---p 00000000 00:00 0 
7f6368000000-7f6368021000 rw-p 00000000 00:00 0 
7f6368021000-7f636c000000 ---p 00000000 00:00 0 
7f636c000000-7f636c021000 rw-p 00000000 00:00 0 
7f636c021000-7f6370000000 ---p 00000000 00:00 0 
7f6370000000-7f6370021000 rw-p 00000000 00:00 0 
7f6370021000-7f6374000000 ---p 00000000 00:00 0 
7f6374000000-7f6374021000 rw-p 00000000 00:00 0 
7f6374021000-7f6378000000 ---p 00000000 00:00 0 
7f6379097000-7f637909a000 ---p 00000000 00:00 0 
7f637909a000-7f6379198000 rw-p 00000000 00:00 0 
7f6379198000-7f6379199000 ---p 00000000 00:00 0 
7f6379199000-7f637919c000 ---p 00000000 00:00 0 
7f637919c000-7f6379999000 rw-p 00000000 00:00 0 
7f6379999000-7f63799ab000 r--p 00000000 00:13 91940964                   /usr/lib64/libXt.so.6.0.0
7f63799ab000-7f63799e9000 r-xp 00012000 00:13 91940964                   /usr/lib64/libXt.so.6.0.0
7f63799e9000-7f63799fb000 r--p 00050000 00:13 91940964                   /usr/lib64/libXt.so.6.0.0
7f63799fb000-7f63799fc000 ---p 00062000 00:13 91940964                   /usr/lib64/libXt.so.6.0.0
7f63799fc000-7f63799fd000 r--p 00062000 00:13 91940964                   /usr/lib64/libXt.so.6.0.0
7f63799fd000-7f6379a02000 rw-p 00063000 00:13 91940964                   /usr/lib64/libXt.so.6.0.0
7f6379a02000-7f6379a03000 rw-p 00000000 00:00 0 
7f6379a03000-7f6379a0f000 r-xp 00000000 00:13 6262736                    /tmp/libJNativeHook_1553594203934906576.so
7f6379a0f000-7f6379c0e000 ---p 0000c000 00:13 6262736                    /tmp/libJNativeHook_1553594203934906576.so
7f6379c0e000-7f6379c0f000 r--p 0000b000 00:13 6262736                    /tmp/libJNativeHook_1553594203934906576.so
7f6379c0f000-7f6379c10000 rw-p 0000c000 00:13 6262736                    /tmp/libJNativeHook_1553594203934906576.so
7f6379c10000-7f6379c13000 ---p 00000000 00:00 0 
7f6379c13000-7f6379d11000 rw-p 00000000 00:00 0 
7f6379d11000-7f6379d14000 ---p 00000000 00:00 0 
7f6379d14000-7f6379e12000 rw-p 00000000 00:00 0 
7f6379e12000-7f6379e15000 ---p 00000000 00:00 0 
7f6379e15000-7f637a053000 rw-p 00000000 00:00 0 
7f637a053000-7f637a113000 ---p 00000000 00:00 0 
7f637a113000-7f637a116000 ---p 00000000 00:00 0 
7f637a116000-7f637a214000 rw-p 00000000 00:00 0 
7f637a214000-7f637a217000 ---p 00000000 00:00 0 
7f637a217000-7f637a515000 rw-p 00000000 00:00 0 
7f637a515000-7f637a7ff000 r--s 00000000 00:13 143157157                  /var/cache/fontconfig/287d9664-6f5d-488d-b940-ea3a4178dcf1-le64.cache-7
7f637a7ff000-7f637c000000 rw-p 00000000 00:00 0 
7f637c000000-7f637c37d000 rw-p 00000000 00:00 0 
7f637c37d000-7f6380000000 ---p 00000000 00:00 0 
7f6380000000-7f6380021000 rw-p 00000000 00:00 0 
7f6380021000-7f6384000000 ---p 00000000 00:00 0 
7f6384000000-7f638497a000 rw-p 00000000 00:00 0 
7f638497a000-7f6388000000 ---p 00000000 00:00 0 
7f6388000000-7f6388e9a000 rw-p 00000000 00:00 0 
7f6388e9a000-7f638c000000 ---p 00000000 00:00 0 
7f638c000000-7f638c021000 rw-p 00000000 00:00 0 
7f638c021000-7f6390000000 ---p 00000000 00:00 0 
7f6390000000-7f6390021000 rw-p 00000000 00:00 0 
7f6390021000-7f6394000000 ---p 00000000 00:00 0 
7f6394000000-7f6394043000 rw-p 00000000 00:00 0 
7f6394043000-7f6398000000 ---p 00000000 00:00 0 
7f6398000000-7f6398021000 rw-p 00000000 00:00 0 
7f6398021000-7f639c000000 ---p 00000000 00:00 0 
7f639c000000-7f639c021000 rw-p 00000000 00:00 0 
7f639c021000-7f63a0000000 ---p 00000000 00:00 0 
7f63a0000000-7f63a0021000 rw-p 00000000 00:00 0 
7f63a0021000-7f63a4000000 ---p 00000000 00:00 0 
7f63a4000000-7f63a4021000 rw-p 00000000 00:00 0 
7f63a4021000-7f63a8000000 ---p 00000000 00:00 0 
7f63a8006000-7f63a800b000 r--p 00000000 00:13 97414550                   /usr/lib64/libICE.so.6.3.0
7f63a800b000-7f63a8019000 r-xp 00005000 00:13 97414550                   /usr/lib64/libICE.so.6.3.0
7f63a8019000-7f63a801e000 r--p 00013000 00:13 97414550                   /usr/lib64/libICE.so.6.3.0
7f63a801e000-7f63a801f000 r--p 00017000 00:13 97414550                   /usr/lib64/libICE.so.6.3.0
7f63a801f000-7f63a8020000 rw-p 00018000 00:13 97414550                   /usr/lib64/libICE.so.6.3.0
7f63a8020000-7f63a8024000 rw-p 00000000 00:00 0 
7f63a8024000-7f63a8026000 r--p 00000000 00:13 86760975                   /usr/lib64/libSM.so.6.0.1
7f63a8026000-7f63a802b000 r-xp 00002000 00:13 86760975                   /usr/lib64/libSM.so.6.0.1
7f63a802b000-7f63a802d000 r--p 00007000 00:13 86760975                   /usr/lib64/libSM.so.6.0.1
7f63a802d000-7f63a802e000 r--p 00008000 00:13 86760975                   /usr/lib64/libSM.so.6.0.1
7f63a802e000-7f63a802f000 rw-p 00009000 00:13 86760975                   /usr/lib64/libSM.so.6.0.1
7f63a809a000-7f63a809d000 ---p 00000000 00:00 0 
7f63a809d000-7f63a80d3000 rw-p 00000000 00:00 0 
7f63a80d3000-7f63a80d5000 r--s 00024000 00:13 6262735                    /tmp/jar_cache1311630202875987659.tmp (deleted)
7f63a80d5000-7f63a80e0000 r--s 0011c000 00:13 144429953                  /opt/icedtea-bin-3.15.0/jre/lib/ext/localedata.jar
7f63a80e0000-7f63a80fb000 r--s 003b7000 00:13 144429947                  /opt/icedtea-bin-3.15.0/jre/lib/ext/cldrdata.jar
7f63a80fb000-7f63a8110000 r--s 00000000 00:13 143157173                  /var/cache/fontconfig/af36c546-5c1c-41f1-a146-aed8467fa49d-le64.cache-7
7f63a8110000-7f63a811c000 r--s 00000000 00:13 143157171                  /var/cache/fontconfig/a1ed53c8-e454-4fb6-a283-e6d319ce4b62-le64.cache-7
7f63a811c000-7f63a84d0000 r--s 00000000 00:13 143157155                  /var/cache/fontconfig/b7b6aec5-d2f2-407a-98b7-e4be7a8b4d77-le64.cache-7
7f63a84d0000-7f63b4000000 rw-p 00000000 00:00 0 
7f63b4000000-7f63b4021000 rw-p 00000000 00:00 0 
7f63b4021000-7f63b8000000 ---p 00000000 00:00 0 
7f63b8001000-7f63b8003000 r--s 00009000 00:13 6262733                    /tmp/jar_cache9052656450985220139.tmp (deleted)
7f63b8003000-7f63b8007000 r--s 00059000 00:13 144429956                  /opt/icedtea-bin-3.15.0/jre/lib/jsse.jar
7f63b8007000-7f63b800d000 r--s 00000000 00:13 143157169                  /var/cache/fontconfig/af94f7a9-18f2-4a40-940f-faeaebb158e0-le64.cache-7
7f63b800d000-7f63b8015000 r--s 00000000 00:13 143157167                  /var/cache/fontconfig/9d8e7a22-ea14-4e81-981d-3f7ecadff48f-le64.cache-7
7f63b8015000-7f63b801a000 r--s 00000000 00:13 143157165                  /var/cache/fontconfig/d28dd01b-b6dd-4820-8797-722b9fb9750f-le64.cache-7
7f63b801a000-7f63b801d000 r--s 00000000 00:13 143157163                  /var/cache/fontconfig/e108169e-4a09-4a79-ab2a-e1c53d9ad263-le64.cache-7
7f63b801d000-7f63b801f000 r--s 00000000 00:13 143157161                  /var/cache/fontconfig/28815ec5-6ff2-4bd6-ad2f-d69e6276fd80-le64.cache-7
7f63b801f000-7f63b8023000 r--s 00000000 00:13 143157159                  /var/cache/fontconfig/d50fee3d-ebd8-4d9e-8df9-4f1736fd4129-le64.cache-7
7f63b8023000-7f63b8025000 r--s 00000000 00:13 143157153                  /var/cache/fontconfig/ad081d65-2157-4c60-8464-ac0dbece26f9-le64.cache-7
7f63b8025000-7f63b8047000 r--s 00000000 00:13 143157151                  /var/cache/fontconfig/c1a69e60-6b58-4cf8-ae57-bbecc0d4c2cd-le64.cache-7
7f63b8047000-7f63b804b000 r--s 00000000 00:13 143157149                  /var/cache/fontconfig/0cc5ba6b-213d-4758-a2d7-c59831f481da-le64.cache-7
7f63b804b000-7f63b8050000 r--s 00000000 00:13 143157145                  /var/cache/fontconfig/408fb765-f964-4e2e-bbda-e4bf8d413414-le64.cache-7
7f63b8050000-7f63b8052000 r--s 00000000 00:13 143157143                  /var/cache/fontconfig/3b1a9ecb-5406-4d9b-af49-042da322f920-le64.cache-7
7f63b8052000-7f63b805f000 r--s 00000000 00:13 143157141                  /var/cache/fontconfig/bf57e666-bb53-49b8-98c6-fe50f5f6308a-le64.cache-7
7f63b805f000-7f63b8062000 r--s 00000000 00:13 143157139                  /var/cache/fontconfig/b3a5a3f7-9041-466a-a459-112dac7f3940-le64.cache-7
7f63b8062000-7f63b806f000 r--s 00000000 00:13 143157137                  /var/cache/fontconfig/94ee1d25-da4a-46af-bb22-0c3a6455e279-le64.cache-7
7f63b806f000-7f63b8071000 r--s 00000000 00:13 143157135                  /var/cache/fontconfig/76f8f982-8fd2-4cf6-b704-a1dfe3220bad-le64.cache-7
7f63b8071000-7f63b808d000 r--s 00000000 00:13 143157129                  /var/cache/fontconfig/f7c44856-d4cc-40ce-b9b8-e6d2e8a837d8-le64.cache-7
7f63b808d000-7f63b8099000 r--s 00000000 00:13 143157127                  /var/cache/fontconfig/8cbb2b80-f067-483d-a375-b60541b7bcde-le64.cache-7
7f63b8099000-7f63b809e000 r--s 00000000 00:13 143157123                  /var/cache/fontconfig/09ee9e5b-dbf1-4df1-994d-bd23e1735daf-le64.cache-7
7f63b809e000-7f63b80aa000 r--s 00000000 00:13 143157121                  /var/cache/fontconfig/c5b3fe61-649e-4d94-a8e1-296d43643020-le64.cache-7
7f63b80aa000-7f63b812a000 r--s 00000000 00:13 143157099                  /var/cache/fontconfig/0c6439b1-150b-4b09-8cf0-95d516063542-le64.cache-7
7f63b812a000-7f63b812d000 ---p 00000000 00:00 0 
7f63b812d000-7f63b822b000 rw-p 00000000 00:00 0 
7f63b822b000-7f63b822d000 r--p 00000000 00:13 86765943                   /usr/lib64/libXfixes.so.3.1.0
7f63b822d000-7f63b8230000 r-xp 00002000 00:13 86765943                   /usr/lib64/libXfixes.so.3.1.0
7f63b8230000-7f63b8231000 r--p 00005000 00:13 86765943                   /usr/lib64/libXfixes.so.3.1.0
7f63b8231000-7f63b8232000 r--p 00005000 00:13 86765943                   /usr/lib64/libXfixes.so.3.1.0
7f63b8232000-7f63b8233000 rw-p 00006000 00:13 86765943                   /usr/lib64/libXfixes.so.3.1.0
7f63b8233000-7f63b8236000 ---p 00000000 00:00 0 
7f63b8236000-7f63b8334000 rw-p 00000000 00:00 0 
7f63b8334000-7f63b8336000 r--p 00000000 00:13 92084962                   /lib64/libpcre.so.1.2.10
7f63b8336000-7f63b8387000 r-xp 00002000 00:13 92084962                   /lib64/libpcre.so.1.2.10
7f63b8387000-7f63b83a5000 r--p 00053000 00:13 92084962                   /lib64/libpcre.so.1.2.10
7f63b83a5000-7f63b83a6000 r--p 00070000 00:13 92084962                   /lib64/libpcre.so.1.2.10
7f63b83a6000-7f63b83a7000 rw-p 00071000 00:13 92084962                   /lib64/libpcre.so.1.2.10
7f63b83a7000-7f63b83aa000 r--p 00000000 00:13 121164342                  /usr/lib64/libgraphite2.so.3.2.1
7f63b83aa000-7f63b83c4000 r-xp 00003000 00:13 121164342                  /usr/lib64/libgraphite2.so.3.2.1
7f63b83c4000-7f63b83c9000 r--p 0001d000 00:13 121164342                  /usr/lib64/libgraphite2.so.3.2.1
7f63b83c9000-7f63b83cb000 r--p 00021000 00:13 121164342                  /usr/lib64/libgraphite2.so.3.2.1
7f63b83cb000-7f63b83cc000 rw-p 00023000 00:13 121164342                  /usr/lib64/libgraphite2.so.3.2.1
7f63b83cc000-7f63b83e7000 r--p 00000000 00:13 124339746                  /usr/lib64/libglib-2.0.so.0.6000.7
7f63b83e7000-7f63b8467000 r-xp 0001b000 00:13 124339746                  /usr/lib64/libglib-2.0.so.0.6000.7
7f63b8467000-7f63b84ea000 r--p 0009b000 00:13 124339746                  /usr/lib64/libglib-2.0.so.0.6000.7
7f63b84ea000-7f63b84eb000 r--p 0011d000 00:13 124339746                  /usr/lib64/libglib-2.0.so.0.6000.7
7f63b84eb000-7f63b84ec000 rw-p 0011e000 00:13 124339746                  /usr/lib64/libglib-2.0.so.0.6000.7
7f63b84ec000-7f63b84ed000 rw-p 00000000 00:00 0 
7f63b84ed000-7f63b84f1000 r--p 00000000 00:13 97176888                   /usr/lib64/libexpat.so.1.6.10
7f63b84f1000-7f63b8512000 r-xp 00004000 00:13 97176888                   /usr/lib64/libexpat.so.1.6.10
7f63b8512000-7f63b8526000 r--p 00025000 00:13 97176888                   /usr/lib64/libexpat.so.1.6.10
7f63b8526000-7f63b8527000 ---p 00039000 00:13 97176888                   /usr/lib64/libexpat.so.1.6.10
7f63b8527000-7f63b8529000 r--p 00039000 00:13 97176888                   /usr/lib64/libexpat.so.1.6.10
7f63b8529000-7f63b852a000 rw-p 0003b000 00:13 97176888                   /usr/lib64/libexpat.so.1.6.10
7f63b852a000-7f63b8534000 r--p 00000000 00:13 116434834                  /usr/lib64/libharfbuzz.so.0.20600.4
7f63b8534000-7f63b85fa000 r-xp 0000a000 00:13 116434834                  /usr/lib64/libharfbuzz.so.0.20600.4
7f63b85fa000-7f63b862c000 r--p 000d0000 00:13 116434834                  /usr/lib64/libharfbuzz.so.0.20600.4
7f63b862c000-7f63b862d000 r--p 00101000 00:13 116434834                  /usr/lib64/libharfbuzz.so.0.20600.4
7f63b862d000-7f63b862e000 rw-p 00102000 00:13 116434834                  /usr/lib64/libharfbuzz.so.0.20600.4
7f63b862e000-7f63b862f000 rw-p 00000000 00:00 0 
7f63b862f000-7f63b8635000 r--p 00000000 00:13 86739463                   /usr/lib64/libpng16.so.16.37.0
7f63b8635000-7f63b865a000 r-xp 00006000 00:13 86739463                   /usr/lib64/libpng16.so.16.37.0
7f63b865a000-7f63b8666000 r--p 0002b000 00:13 86739463                   /usr/lib64/libpng16.so.16.37.0
7f63b8666000-7f63b8667000 r--p 00036000 00:13 86739463                   /usr/lib64/libpng16.so.16.37.0
7f63b8667000-7f63b8668000 rw-p 00037000 00:13 86739463                   /usr/lib64/libpng16.so.16.37.0
7f63b8668000-7f63b866f000 r--p 00000000 00:13 86778740                   /usr/lib64/libfontconfig.so.1.11.1
7f63b866f000-7f63b8692000 r-xp 00007000 00:13 86778740                   /usr/lib64/libfontconfig.so.1.11.1
7f63b8692000-7f63b86a9000 r--p 0002a000 00:13 86778740                   /usr/lib64/libfontconfig.so.1.11.1
7f63b86a9000-7f63b86aa000 ---p 00041000 00:13 86778740                   /usr/lib64/libfontconfig.so.1.11.1
7f63b86aa000-7f63b86ac000 r--p 00041000 00:13 86778740                   /usr/lib64/libfontconfig.so.1.11.1
7f63b86ac000-7f63b86ad000 rw-p 00043000 00:13 86778740                   /usr/lib64/libfontconfig.so.1.11.1
7f63b86ad000-7f63b86ba000 r--p 00000000 00:13 86778535                   /usr/lib64/libfreetype.so.6.16.1
7f63b86ba000-7f63b8738000 r-xp 0000d000 00:13 86778535                   /usr/lib64/libfreetype.so.6.16.1
7f63b8738000-7f63b8762000 r--p 0008b000 00:13 86778535                   /usr/lib64/libfreetype.so.6.16.1
7f63b8762000-7f63b8769000 r--p 000b4000 00:13 86778535                   /usr/lib64/libfreetype.so.6.16.1
7f63b8769000-7f63b876a000 rw-p 000bb000 00:13 86778535                   /usr/lib64/libfreetype.so.6.16.1
7f63b876a000-7f63b876d000 r--s 00000000 00:13 143157119                  /var/cache/fontconfig/c8f673d7-ba61-41d4-a4bb-7c9d33ad4c9e-le64.cache-7
7f63b876d000-7f63b8775000 r--s 00000000 00:13 143157117                  /var/cache/fontconfig/1f177bc4-b1db-4eed-9fd7-9e0a7324f1d8-le64.cache-7
7f63b8775000-7f63b8778000 r--s 00000000 00:13 143157115                  /var/cache/fontconfig/44a72481-c8e2-4417-949f-02067910fe1b-le64.cache-7
7f63b8778000-7f63b877e000 r--s 00000000 00:13 143157113                  /var/cache/fontconfig/7fae2a27-acf6-46eb-ab44-1bdeb67aad64-le64.cache-7
7f63b877e000-7f63b878a000 r--s 00000000 00:13 143157111                  /var/cache/fontconfig/4783f747-8b27-4ea1-9892-c2d762175051-le64.cache-7
7f63b878a000-7f63b8792000 r--s 00000000 00:13 143157109                  /var/cache/fontconfig/3af0ef5a-7b7b-4a42-b524-4fdbd80f339a-le64.cache-7
7f63b8792000-7f63b8797000 r--s 00000000 00:13 143157107                  /var/cache/fontconfig/b2269786-0c13-4624-a55f-dd01db5ff397-le64.cache-7
7f63b8797000-7f63b87d5000 r--s 00000000 00:13 143157101                  /var/cache/fontconfig/0497d38e-2d99-48fb-bde5-eb81019ece47-le64.cache-7
7f63b87d5000-7f63b87dc000 r--p 00000000 00:13 144429896                  /opt/icedtea-bin-3.15.0/jre/lib/amd64/libfontmanager.so
7f63b87dc000-7f63b880a000 r-xp 00007000 00:13 144429896                  /opt/icedtea-bin-3.15.0/jre/lib/amd64/libfontmanager.so
7f63b880a000-7f63b8826000 r--p 00035000 00:13 144429896                  /opt/icedtea-bin-3.15.0/jre/lib/amd64/libfontmanager.so
7f63b8826000-7f63b8827000 ---p 00051000 00:13 144429896                  /opt/icedtea-bin-3.15.0/jre/lib/amd64/libfontmanager.so
7f63b8827000-7f63b8829000 r--p 00051000 00:13 144429896                  /opt/icedtea-bin-3.15.0/jre/lib/amd64/libfontmanager.so
7f63b8829000-7f63b882a000 rw-p 00053000 00:13 144429896                  /opt/icedtea-bin-3.15.0/jre/lib/amd64/libfontmanager.so
7f63b882a000-7f63b882e000 r--p 00000000 00:13 112304023                  /usr/lib64/libbsd.so.0.10.0
7f63b882e000-7f63b883d000 r-xp 00004000 00:13 112304023                  /usr/lib64/libbsd.so.0.10.0
7f63b883d000-7f63b8840000 r--p 00013000 00:13 112304023                  /usr/lib64/libbsd.so.0.10.0
7f63b8840000-7f63b8841000 ---p 00016000 00:13 112304023                  /usr/lib64/libbsd.so.0.10.0
7f63b8841000-7f63b8842000 r--p 00016000 00:13 112304023                  /usr/lib64/libbsd.so.0.10.0
7f63b8842000-7f63b8843000 rw-p 00017000 00:13 112304023                  /usr/lib64/libbsd.so.0.10.0
7f63b8843000-7f63b8844000 rw-p 00000000 00:00 0 
7f63b8844000-7f63b8846000 r--p 00000000 00:13 86738602                   /usr/lib64/libXdmcp.so.6.0.0
7f63b8846000-7f63b8848000 r-xp 00002000 00:13 86738602                   /usr/lib64/libXdmcp.so.6.0.0
7f63b8848000-7f63b884a000 r--p 00004000 00:13 86738602                   /usr/lib64/libXdmcp.so.6.0.0
7f63b884a000-7f63b884b000 r--p 00005000 00:13 86738602                   /usr/lib64/libXdmcp.so.6.0.0
7f63b884b000-7f63b884c000 rw-p 00006000 00:13 86738602                   /usr/lib64/libXdmcp.so.6.0.0
7f63b884c000-7f63b884d000 r--p 00000000 00:13 86738521                   /usr/lib64/libXau.so.6.0.0
7f63b884d000-7f63b884e000 r-xp 00001000 00:13 86738521                   /usr/lib64/libXau.so.6.0.0
7f63b884e000-7f63b884f000 r--p 00002000 00:13 86738521                   /usr/lib64/libXau.so.6.0.0
7f63b884f000-7f63b8850000 r--p 00002000 00:13 86738521                   /usr/lib64/libXau.so.6.0.0
7f63b8850000-7f63b8851000 rw-p 00003000 00:13 86738521                   /usr/lib64/libXau.so.6.0.0
7f63b8851000-7f63b885d000 r--p 00000000 00:13 148586003                  /usr/lib64/libxcb.so.1.1.0
7f63b885d000-7f63b8871000 r-xp 0000c000 00:13 148586003                  /usr/lib64/libxcb.so.1.1.0
7f63b8871000-7f63b887a000 r--p 00020000 00:13 148586003                  /usr/lib64/libxcb.so.1.1.0
7f63b887a000-7f63b887b000 r--p 00028000 00:13 148586003                  /usr/lib64/libxcb.so.1.1.0
7f63b887b000-7f63b887c000 rw-p 00029000 00:13 148586003                  /usr/lib64/libxcb.so.1.1.0
7f63b887c000-7f63b887e000 r--p 00000000 00:13 91940288                   /usr/lib64/libXi.so.6.1.0
7f63b887e000-7f63b8889000 r-xp 00002000 00:13 91940288                   /usr/lib64/libXi.so.6.1.0
7f63b8889000-7f63b888c000 r--p 0000d000 00:13 91940288                   /usr/lib64/libXi.so.6.1.0
7f63b888c000-7f63b888d000 r--p 0000f000 00:13 91940288                   /usr/lib64/libXi.so.6.1.0
7f63b888d000-7f63b888e000 rw-p 00010000 00:13 91940288                   /usr/lib64/libXi.so.6.1.0
7f63b888e000-7f63b8890000 r--p 00000000 00:13 86766748                   /usr/lib64/libXtst.so.6.1.0
7f63b8890000-7f63b8893000 r-xp 00002000 00:13 86766748                   /usr/lib64/libXtst.so.6.1.0
7f63b8893000-7f63b8894000 r--p 00005000 00:13 86766748                   /usr/lib64/libXtst.so.6.1.0
7f63b8894000-7f63b8895000 r--p 00005000 00:13 86766748                   /usr/lib64/libXtst.so.6.1.0
7f63b8895000-7f63b8896000 rw-p 00006000 00:13 86766748                   /usr/lib64/libXtst.so.6.1.0
7f63b8896000-7f63b8897000 r--p 00000000 00:13 86766225                   /usr/lib64/libXcomposite.so.1.0.0
7f63b8897000-7f63b8898000 r-xp 00001000 00:13 86766225                   /usr/lib64/libXcomposite.so.1.0.0
7f63b8898000-7f63b8899000 r--p 00002000 00:13 86766225                   /usr/lib64/libXcomposite.so.1.0.0
7f63b8899000-7f63b889a000 r--p 00002000 00:13 86766225                   /usr/lib64/libXcomposite.so.1.0.0
7f63b889a000-7f63b889b000 rw-p 00003000 00:13 86766225                   /usr/lib64/libXcomposite.so.1.0.0
7f63b889b000-7f63b88b7000 r--p 00000000 00:13 112193933                  /usr/lib64/libX11.so.6.3.0
7f63b88b7000-7f63b8943000 r-xp 0001c000 00:13 112193933                  /usr/lib64/libX11.so.6.3.0
7f63b8943000-7f63b89d7000 r--p 000a8000 00:13 112193933                  /usr/lib64/libX11.so.6.3.0
7f63b89d7000-7f63b89d8000 ---p 0013c000 00:13 112193933                  /usr/lib64/libX11.so.6.3.0
7f63b89d8000-7f63b89d9000 r--p 0013c000 00:13 112193933                  /usr/lib64/libX11.so.6.3.0
7f63b89d9000-7f63b89de000 rw-p 0013d000 00:13 112193933                  /usr/lib64/libX11.so.6.3.0
7f63b89de000-7f63b89e2000 r--p 00000000 00:13 86765860                   /usr/lib64/libXext.so.6.4.0
7f63b89e2000-7f63b89ed000 r-xp 00004000 00:13 86765860                   /usr/lib64/libXext.so.6.4.0
7f63b89ed000-7f63b89f1000 r--p 0000f000 00:13 86765860                   /usr/lib64/libXext.so.6.4.0
7f63b89f1000-7f63b89f2000 r--p 00012000 00:13 86765860                   /usr/lib64/libXext.so.6.4.0
7f63b89f2000-7f63b89f3000 rw-p 00013000 00:13 86765860                   /usr/lib64/libXext.so.6.4.0
7f63b89f3000-7f63b89f4000 r--s 00000000 00:13 143157179                  /var/cache/fontconfig/62331ab5-ee04-4937-adb3-ca3658adc169-le64.cache-7
7f63b89f4000-7f63b89f7000 r--p 00000000 00:13 86766363                   /usr/lib64/libXcursor.so.1.0.2
7f63b89f7000-7f63b89fc000 r-xp 00003000 00:13 86766363                   /usr/lib64/libXcursor.so.1.0.2
7f63b89fc000-7f63b89fe000 r--p 00008000 00:13 86766363                   /usr/lib64/libXcursor.so.1.0.2
7f63b89fe000-7f63b89ff000 r--p 00009000 00:13 86766363                   /usr/lib64/libXcursor.so.1.0.2
7f63b89ff000-7f63b8a00000 rw-p 0000a000 00:13 86766363                   /usr/lib64/libXcursor.so.1.0.2
7f63b8a00000-7f63b8a02000 r--p 00000000 00:13 133401966                  /lib64/libuuid.so.1.3.0
7f63b8a02000-7f63b8a07000 r-xp 00002000 00:13 133401966                  /lib64/libuuid.so.1.3.0
7f63b8a07000-7f63b8a08000 r--p 00007000 00:13 133401966                  /lib64/libuuid.so.1.3.0
7f63b8a08000-7f63b8a09000 r--p 00007000 00:13 133401966                  /lib64/libuuid.so.1.3.0
7f63b8a09000-7f63b8a0a000 rw-p 00008000 00:13 133401966                  /lib64/libuuid.so.1.3.0
7f63b8a0a000-7f63b8a0c000 r--p 00000000 00:13 92034209                   /lib64/libbz2.so.1.0.6
7f63b8a0c000-7f63b8a19000 r-xp 00002000 00:13 92034209                   /lib64/libbz2.so.1.0.6
7f63b8a19000-7f63b8a1b000 r--p 0000f000 00:13 92034209                   /lib64/libbz2.so.1.0.6
7f63b8a1b000-7f63b8a1c000 r--p 00010000 00:13 92034209                   /lib64/libbz2.so.1.0.6
7f63b8a1c000-7f63b8a1d000 rw-p 00011000 00:13 92034209                   /lib64/libbz2.so.1.0.6
7f63b8a1d000-7f63b8a30000 r--s 00102000 00:13 144429876                  /opt/icedtea-bin-3.15.0/jre/lib/resources.jar
7f63b8a30000-7f63b8a37000 r--s 00000000 00:13 115564410                  /usr/lib64/gconv/gconv-modules.cache
7f63b8a37000-7f63b8a5e000 r--p 00000000 00:13 115563057                  /usr/share/locale/de/LC_MESSAGES/libc.mo
7f63b8a5e000-7f63b8a6d000 r--p 00000000 00:13 144429911                  /opt/icedtea-bin-3.15.0/jre/lib/amd64/libawt_xawt.so
7f63b8a6d000-7f63b8aa7000 r-xp 0000f000 00:13 144429911                  /opt/icedtea-bin-3.15.0/jre/lib/amd64/libawt_xawt.so
7f63b8aa7000-7f63b8ab8000 r--p 00049000 00:13 144429911                  /opt/icedtea-bin-3.15.0/jre/lib/amd64/libawt_xawt.so
7f63b8ab8000-7f63b8ab9000 r--p 00059000 00:13 144429911                  /opt/icedtea-bin-3.15.0/jre/lib/amd64/libawt_xawt.so
7f63b8ab9000-7f63b8abc000 rw-p 0005a000 00:13 144429911                  /opt/icedtea-bin-3.15.0/jre/lib/amd64/libawt_xawt.so
7f63b8abc000-7f63b8abe000 rw-p 00000000 00:00 0 
7f63b8abe000-7f63b8ae9000 r--p 00000000 00:13 144429882                  /opt/icedtea-bin-3.15.0/jre/lib/amd64/libawt.so
7f63b8ae9000-7f63b8b51000 r-xp 0002b000 00:13 144429882                  /opt/icedtea-bin-3.15.0/jre/lib/amd64/libawt.so
7f63b8b51000-7f63b8b5d000 r--p 00093000 00:13 144429882                  /opt/icedtea-bin-3.15.0/jre/lib/amd64/libawt.so
7f63b8b5d000-7f63b8b5e000 ---p 0009f000 00:13 144429882                  /opt/icedtea-bin-3.15.0/jre/lib/amd64/libawt.so
7f63b8b5e000-7f63b8b5f000 r--p 0009f000 00:13 144429882                  /opt/icedtea-bin-3.15.0/jre/lib/amd64/libawt.so
7f63b8b5f000-7f63b8b6a000 rw-p 000a0000 00:13 144429882                  /opt/icedtea-bin-3.15.0/jre/lib/amd64/libawt.so
7f63b8b6a000-7f63b8b8f000 rw-p 00000000 00:00 0 
7f63b8b8f000-7f63b8b93000 r--p 00000000 00:13 144429901                  /opt/icedtea-bin-3.15.0/jre/lib/amd64/libnet.so
7f63b8b93000-7f63b8ba2000 r-xp 00004000 00:13 144429901                  /opt/icedtea-bin-3.15.0/jre/lib/amd64/libnet.so
7f63b8ba2000-7f63b8ba6000 r--p 00013000 00:13 144429901                  /opt/icedtea-bin-3.15.0/jre/lib/amd64/libnet.so
7f63b8ba6000-7f63b8ba7000 r--p 00016000 00:13 144429901                  /opt/icedtea-bin-3.15.0/jre/lib/amd64/libnet.so
7f63b8ba7000-7f63b8ba8000 rw-p 00017000 00:13 144429901                  /opt/icedtea-bin-3.15.0/jre/lib/amd64/libnet.so
7f63b8ba8000-7f63b8bae000 r--p 00000000 00:13 144429904                  /opt/icedtea-bin-3.15.0/jre/lib/amd64/libnio.so
7f63b8bae000-7f63b8bb6000 r-xp 00006000 00:13 144429904                  /opt/icedtea-bin-3.15.0/jre/lib/amd64/libnio.so
7f63b8bb6000-7f63b8bb9000 r--p 0000e000 00:13 144429904                  /opt/icedtea-bin-3.15.0/jre/lib/amd64/libnio.so
7f63b8bb9000-7f63b8bba000 r--p 00010000 00:13 144429904                  /opt/icedtea-bin-3.15.0/jre/lib/amd64/libnio.so
7f63b8bba000-7f63b8bbb000 rw-p 00011000 00:13 144429904                  /opt/icedtea-bin-3.15.0/jre/lib/amd64/libnio.so
7f63b8bbb000-7f63b8bbc000 ---p 00000000 00:00 0 
7f63b8bbc000-7f63b8cbc000 rw-p 00000000 00:00 0 
7f63b8cbc000-7f63b8cbf000 ---p 00000000 00:00 0 
7f63b8cbf000-7f63b8dbd000 rw-p 00000000 00:00 0 
7f63b8dbd000-7f63b8dbe000 ---p 00000000 00:00 0 
7f63b8dbe000-7f63b8dc1000 ---p 00000000 00:00 0 
7f63b8dc1000-7f63b8ebe000 rw-p 00000000 00:00 0 
7f63b8ebe000-7f63b8ebf000 ---p 00000000 00:00 0 
7f63b8ebf000-7f63b8ec2000 ---p 00000000 00:00 0 
7f63b8ec2000-7f63b8fbf000 rw-p 00000000 00:00 0 
7f63b8fbf000-7f63b8fc0000 ---p 00000000 00:00 0 
7f63b8fc0000-7f63b8fc3000 ---p 00000000 00:00 0 
7f63b8fc3000-7f63b90c0000 rw-p 00000000 00:00 0 
7f63b90c0000-7f63b90c3000 ---p 00000000 00:00 0 
7f63b90c3000-7f63b91c1000 rw-p 00000000 00:00 0 
7f63b91c1000-7f63b966c000 r--p 00000000 00:13 115564439                  /usr/lib64/locale/locale-archive
7f63b966c000-7f63b966f000 ---p 00000000 00:00 0 
7f63b966f000-7f63b976d000 rw-p 00000000 00:00 0 
7f63b976d000-7f63b9770000 ---p 00000000 00:00 0 
7f63b9770000-7f63b986e000 rw-p 00000000 00:00 0 
7f63b986e000-7f63b986f000 ---p 00000000 00:00 0 
7f63b986f000-7f63bb0cc000 rw-p 00000000 00:00 0 
7f63bb0cc000-7f63bbcfd000 rw-p 00000000 00:00 0 
7f63bbcfd000-7f63bc44c000 ---p 00000000 00:00 0 
7f63bc44c000-7f63bc4ca000 rw-p 00000000 00:00 0 
7f63bc4ca000-7f63bcc18000 ---p 00000000 00:00 0 
7f63bcc18000-7f63bcc58000 rw-p 00000000 00:00 0 
7f63bcc58000-7f63bcfff000 ---p 00000000 00:00 0 
7f63bcfff000-7f63bd000000 rw-p 00000000 00:00 0 
7f63bd000000-7f63bd3e0000 rwxp 00000000 00:00 0 
7f63bd3e0000-7f63cc000000 ---p 00000000 00:00 0 
7f63cc000000-7f63cc476000 rw-p 00000000 00:00 0 
7f63cc476000-7f63d0000000 ---p 00000000 00:00 0 
7f63d0000000-7f63d0002000 r--p 00000000 00:13 86766012                   /usr/lib64/libXrender.so.1.3.0
7f63d0002000-7f63d0009000 r-xp 00002000 00:13 86766012                   /usr/lib64/libXrender.so.1.3.0
7f63d0009000-7f63d000b000 r--p 00009000 00:13 86766012                   /usr/lib64/libXrender.so.1.3.0
7f63d000b000-7f63d000c000 r--p 0000a000 00:13 86766012                   /usr/lib64/libXrender.so.1.3.0
7f63d000c000-7f63d000d000 rw-p 0000b000 00:13 86766012                   /usr/lib64/libXrender.so.1.3.0
7f63d000d000-7f63d000e000 r--s 001a6000 00:28 177191                     /home/alex/onlinePusher.jar
7f63d000e000-7f63d01de000 r--s 01f6f000 00:13 144429934                  /opt/icedtea-bin-3.15.0/jre/lib/rt.jar
7f63d01de000-7f63d0324000 rw-p 00000000 00:00 0 
7f63d0324000-7f63d0325000 ---p 00000000 00:00 0 
7f63d0325000-7f63d0425000 rw-p 00000000 00:00 0 
7f63d0425000-7f63d0426000 ---p 00000000 00:00 0 
7f63d0426000-7f63d0526000 rw-p 00000000 00:00 0 
7f63d0526000-7f63d0527000 ---p 00000000 00:00 0 
7f63d0527000-7f63d0627000 rw-p 00000000 00:00 0 
7f63d0627000-7f63d0628000 ---p 00000000 00:00 0 
7f63d0628000-7f63d0738000 rw-p 00000000 00:00 0 
7f63d0738000-7f63d0ae8000 ---p 00000000 00:00 0 
7f63d0ae8000-7f63d0aea000 r--p 00000000 00:13 115562643                  /lib64/librt-2.29.so
7f63d0aea000-7f63d0aee000 r-xp 00002000 00:13 115562643                  /lib64/librt-2.29.so
7f63d0aee000-7f63d0af0000 r--p 00006000 00:13 115562643                  /lib64/librt-2.29.so
7f63d0af0000-7f63d0af1000 r--p 00007000 00:13 115562643                  /lib64/librt-2.29.so
7f63d0af1000-7f63d0af2000 rw-p 00008000 00:13 115562643                  /lib64/librt-2.29.so
7f63d0af2000-7f63d0af3000 ---p 00000000 00:00 0 
7f63d0af3000-7f63d0af6000 ---p 00000000 00:00 0 
7f63d0af6000-7f63d0bf3000 rw-p 00000000 00:00 0 
7f63d0bf3000-7f63d0bf6000 r--p 00000000 00:13 147923231                  /usr/lib/gcc/x86_64-pc-linux-gnu/9.2.0/libgcc_s.so.1
7f63d0bf6000-7f63d0c07000 r-xp 00003000 00:13 147923231                  /usr/lib/gcc/x86_64-pc-linux-gnu/9.2.0/libgcc_s.so.1
7f63d0c07000-7f63d0c0b000 r--p 00014000 00:13 147923231                  /usr/lib/gcc/x86_64-pc-linux-gnu/9.2.0/libgcc_s.so.1
7f63d0c0b000-7f63d0c0c000 r--p 00017000 00:13 147923231                  /usr/lib/gcc/x86_64-pc-linux-gnu/9.2.0/libgcc_s.so.1
7f63d0c0c000-7f63d0c0d000 rw-p 00018000 00:13 147923231                  /usr/lib/gcc/x86_64-pc-linux-gnu/9.2.0/libgcc_s.so.1
7f63d0c0d000-7f63d0c1a000 r--p 00000000 00:13 115562646                  /lib64/libm-2.29.so
7f63d0c1a000-7f63d0cb1000 r-xp 0000d000 00:13 115562646                  /lib64/libm-2.29.so
7f63d0cb1000-7f63d0d49000 r--p 000a4000 00:13 115562646                  /lib64/libm-2.29.so
7f63d0d49000-7f63d0d4a000 r--p 0013b000 00:13 115562646                  /lib64/libm-2.29.so
7f63d0d4a000-7f63d0d4b000 rw-p 0013c000 00:13 115562646                  /lib64/libm-2.29.so
7f63d0d4b000-7f63d0de7000 r--p 00000000 00:13 147923215                  /usr/lib/gcc/x86_64-pc-linux-gnu/9.2.0/libstdc++.so.6.0.27
7f63d0de7000-7f63d0f06000 r-xp 0009c000 00:13 147923215                  /usr/lib/gcc/x86_64-pc-linux-gnu/9.2.0/libstdc++.so.6.0.27
7f63d0f06000-7f63d0fab000 r--p 001bb000 00:13 147923215                  /usr/lib/gcc/x86_64-pc-linux-gnu/9.2.0/libstdc++.so.6.0.27
7f63d0fab000-7f63d0fb8000 r--p 0025f000 00:13 147923215                  /usr/lib/gcc/x86_64-pc-linux-gnu/9.2.0/libstdc++.so.6.0.27
7f63d0fb8000-7f63d0fbd000 rw-p 0026c000 00:13 147923215                  /usr/lib/gcc/x86_64-pc-linux-gnu/9.2.0/libstdc++.so.6.0.27
7f63d0fbd000-7f63d0fc0000 rw-p 00000000 00:00 0 
7f63d0fc0000-7f63d11af000 r--p 00000000 00:13 144429906                  /opt/icedtea-bin-3.15.0/jre/lib/amd64/server/libjvm.so
7f63d11af000-7f63d1975000 r-xp 001ef000 00:13 144429906                  /opt/icedtea-bin-3.15.0/jre/lib/amd64/server/libjvm.so
7f63d1975000-7f63d1b0f000 r--p 009b5000 00:13 144429906                  /opt/icedtea-bin-3.15.0/jre/lib/amd64/server/libjvm.so
7f63d1b0f000-7f63d1ba3000 r--p 00b4e000 00:13 144429906                  /opt/icedtea-bin-3.15.0/jre/lib/amd64/server/libjvm.so
7f63d1ba3000-7f63d1bcc000 rw-p 00be2000 00:13 144429906                  /opt/icedtea-bin-3.15.0/jre/lib/amd64/server/libjvm.so
7f63d1bcc000-7f63d1bfe000 rw-p 00000000 00:00 0 
7f63d1bfe000-7f63d1c04000 r--p 00000000 00:13 115562668                  /lib64/libpthread-2.29.so
7f63d1c04000-7f63d1c15000 r-xp 00006000 00:13 115562668                  /lib64/libpthread-2.29.so
7f63d1c15000-7f63d1c1a000 r--p 00017000 00:13 115562668                  /lib64/libpthread-2.29.so
7f63d1c1a000-7f63d1c1b000 r--p 0001b000 00:13 115562668                  /lib64/libpthread-2.29.so
7f63d1c1b000-7f63d1c1c000 rw-p 0001c000 00:13 115562668                  /lib64/libpthread-2.29.so
7f63d1c1c000-7f63d1c20000 rw-p 00000000 00:00 0 
7f63d1c20000-7f63d1c21000 r--p 00000000 00:13 115562647                  /lib64/libdl-2.29.so
7f63d1c21000-7f63d1c23000 r-xp 00001000 00:13 115562647                  /lib64/libdl-2.29.so
7f63d1c23000-7f63d1c24000 r--p 00003000 00:13 115562647                  /lib64/libdl-2.29.so
7f63d1c24000-7f63d1c25000 r--p 00003000 00:13 115562647                  /lib64/libdl-2.29.so
7f63d1c25000-7f63d1c26000 rw-p 00004000 00:13 115562647                  /lib64/libdl-2.29.so
7f63d1c26000-7f63d1c29000 r--p 00000000 00:13 92034826                   /lib64/libz.so.1.2.11
7f63d1c29000-7f63d1c37000 r-xp 00003000 00:13 92034826                   /lib64/libz.so.1.2.11
7f63d1c37000-7f63d1c3e000 r--p 00011000 00:13 92034826                   /lib64/libz.so.1.2.11
7f63d1c3e000-7f63d1c3f000 r--p 00017000 00:13 92034826                   /lib64/libz.so.1.2.11
7f63d1c3f000-7f63d1c40000 rw-p 00018000 00:13 92034826                   /lib64/libz.so.1.2.11
7f63d1c40000-7f63d1c62000 r--p 00000000 00:13 115562628                  /lib64/libc-2.29.so
7f63d1c62000-7f63d1dbb000 r-xp 00022000 00:13 115562628                  /lib64/libc-2.29.so
7f63d1dbb000-7f63d1e04000 r--p 0017b000 00:13 115562628                  /lib64/libc-2.29.so
7f63d1e04000-7f63d1e05000 ---p 001c4000 00:13 115562628                  /lib64/libc-2.29.so
7f63d1e05000-7f63d1e09000 r--p 001c4000 00:13 115562628                  /lib64/libc-2.29.so
7f63d1e09000-7f63d1e0b000 rw-p 001c8000 00:13 115562628                  /lib64/libc-2.29.so
7f63d1e0b000-7f63d1e0f000 rw-p 00000000 00:00 0 
7f63d1e0f000-7f63d1e12000 r--p 00000000 00:13 144429881                  /opt/icedtea-bin-3.15.0/jre/lib/amd64/libzip.so
7f63d1e12000-7f63d1e16000 r-xp 00003000 00:13 144429881                  /opt/icedtea-bin-3.15.0/jre/lib/amd64/libzip.so
7f63d1e16000-7f63d1e18000 r--p 00007000 00:13 144429881                  /opt/icedtea-bin-3.15.0/jre/lib/amd64/libzip.so
7f63d1e18000-7f63d1e19000 r--p 00008000 00:13 144429881                  /opt/icedtea-bin-3.15.0/jre/lib/amd64/libzip.so
7f63d1e19000-7f63d1e1a000 rw-p 00009000 00:13 144429881                  /opt/icedtea-bin-3.15.0/jre/lib/amd64/libzip.so
7f63d1e1a000-7f63d1e22000 rw-s 00000000 00:13 6262680                    /tmp/hsperfdata_alex/11555
7f63d1e22000-7f63d1e25000 r--p 00000000 00:13 115562635                  /lib64/libnss_files-2.29.so
7f63d1e25000-7f63d1e2c000 r-xp 00003000 00:13 115562635                  /lib64/libnss_files-2.29.so
7f63d1e2c000-7f63d1e2e000 r--p 0000a000 00:13 115562635                  /lib64/libnss_files-2.29.so
7f63d1e2e000-7f63d1e2f000 r--p 0000b000 00:13 115562635                  /lib64/libnss_files-2.29.so
7f63d1e2f000-7f63d1e30000 rw-p 0000c000 00:13 115562635                  /lib64/libnss_files-2.29.so
7f63d1e30000-7f63d1e32000 r--p 00000000 00:13 115562633                  /lib64/libnss_db-2.29.so
7f63d1e32000-7f63d1e37000 r-xp 00002000 00:13 115562633                  /lib64/libnss_db-2.29.so
7f63d1e37000-7f63d1e38000 r--p 00007000 00:13 115562633                  /lib64/libnss_db-2.29.so
7f63d1e38000-7f63d1e39000 r--p 00007000 00:13 115562633                  /lib64/libnss_db-2.29.so
7f63d1e39000-7f63d1e3a000 rw-p 00008000 00:13 115562633                  /lib64/libnss_db-2.29.so
7f63d1e3a000-7f63d1e3b000 rw-p 00000000 00:00 0 
7f63d1e3b000-7f63d1e3c000 r--p 00000000 00:00 0 
7f63d1e3c000-7f63d1e48000 r--p 00000000 00:13 144429878                  /opt/icedtea-bin-3.15.0/jre/lib/amd64/libjava.so
7f63d1e48000-7f63d1e5f000 r-xp 0000c000 00:13 144429878                  /opt/icedtea-bin-3.15.0/jre/lib/amd64/libjava.so
7f63d1e5f000-7f63d1e66000 r--p 00023000 00:13 144429878                  /opt/icedtea-bin-3.15.0/jre/lib/amd64/libjava.so
7f63d1e66000-7f63d1e67000 r--p 00029000 00:13 144429878                  /opt/icedtea-bin-3.15.0/jre/lib/amd64/libjava.so
7f63d1e67000-7f63d1e69000 rw-p 0002a000 00:13 144429878                  /opt/icedtea-bin-3.15.0/jre/lib/amd64/libjava.so
7f63d1e69000-7f63d1e6d000 r--p 00000000 00:13 144429890                  /opt/icedtea-bin-3.15.0/jre/lib/amd64/libverify.so
7f63d1e6d000-7f63d1e74000 r-xp 00004000 00:13 144429890                  /opt/icedtea-bin-3.15.0/jre/lib/amd64/libverify.so
7f63d1e74000-7f63d1e76000 r--p 0000b000 00:13 144429890                  /opt/icedtea-bin-3.15.0/jre/lib/amd64/libverify.so
7f63d1e76000-7f63d1e77000 ---p 0000d000 00:13 144429890                  /opt/icedtea-bin-3.15.0/jre/lib/amd64/libverify.so
7f63d1e77000-7f63d1e79000 r--p 0000d000 00:13 144429890                  /opt/icedtea-bin-3.15.0/jre/lib/amd64/libverify.so
7f63d1e79000-7f63d1e7a000 rw-p 0000f000 00:13 144429890                  /opt/icedtea-bin-3.15.0/jre/lib/amd64/libverify.so
7f63d1e7a000-7f63d1e7c000 r--p 00000000 00:13 144429853                  /opt/icedtea-bin-3.15.0/lib/amd64/jli/libjli.so
7f63d1e7c000-7f63d1e85000 r-xp 00002000 00:13 144429853                  /opt/icedtea-bin-3.15.0/lib/amd64/jli/libjli.so
7f63d1e85000-7f63d1e88000 r--p 0000b000 00:13 144429853                  /opt/icedtea-bin-3.15.0/lib/amd64/jli/libjli.so
7f63d1e88000-7f63d1e89000 r--p 0000d000 00:13 144429853                  /opt/icedtea-bin-3.15.0/lib/amd64/jli/libjli.so
7f63d1e89000-7f63d1e8a000 rw-p 0000e000 00:13 144429853                  /opt/icedtea-bin-3.15.0/lib/amd64/jli/libjli.so
7f63d1e8a000-7f63d1e8c000 rw-p 00000000 00:00 0 
7f63d1e8c000-7f63d1e8d000 r--p 00000000 00:13 115562629                  /lib64/ld-2.29.so
7f63d1e8d000-7f63d1eab000 r-xp 00001000 00:13 115562629                  /lib64/ld-2.29.so
7f63d1eab000-7f63d1eb3000 r--p 0001f000 00:13 115562629                  /lib64/ld-2.29.so
7f63d1eb3000-7f63d1eb4000 r--p 00026000 00:13 115562629                  /lib64/ld-2.29.so
7f63d1eb4000-7f63d1eb5000 rw-p 00027000 00:13 115562629                  /lib64/ld-2.29.so
7f63d1eb5000-7f63d1eb6000 rw-p 00000000 00:00 0 
7ffd723d8000-7ffd723fa000 rw-p 00000000 00:00 0                          [stack]
7ffd723fa000-7ffd723fd000 r--p 00000000 00:00 0                          [vvar]
7ffd723fd000-7ffd723fe000 r-xp 00000000 00:00 0                          [vdso]
ffffffffff600000-ffffffffff601000 r-xp 00000000 00:00 0                  [vsyscall]

VM Arguments:
java_command: /home/alex/onlinePusher.jar client 192.168.2.40 neon 8889
java_class_path (initial): /home/alex/onlinePusher.jar
Launcher Type: SUN_STANDARD

Environment Variables:
JAVA_HOME=/etc/java-config-2/current-system-vm
PATH=/usr/lib/llvm/9/bin:/usr/local/sbin:/usr/local/bin:/usr/sbin:/usr/bin:/sbin:/bin:/opt/bin:/usr/lib/llvm/8/bin:/usr/sbin/:/opt/scripts:/home/alex/bin:/opt/nvidia-cg-toolkit/bin:/usr/games/bin:/opt/cuda/bin:/opt/cuda/libnvvp
SHELL=/bin/zsh
DISPLAY=:0

Signal Handlers:
SIGSEGV: [libjvm.so+0x994670], sa_mask[0]=11111111011111111101111111111110, sa_flags=SA_RESTART|SA_SIGINFO
SIGBUS: [libjvm.so+0x994670], sa_mask[0]=11111111011111111101111111111110, sa_flags=SA_RESTART|SA_SIGINFO
SIGFPE: [libjvm.so+0x821550], sa_mask[0]=11111111011111111101111111111110, sa_flags=SA_RESTART|SA_SIGINFO
SIGPIPE: [libjvm.so+0x821550], sa_mask[0]=11111111011111111101111111111110, sa_flags=SA_RESTART|SA_SIGINFO
SIGXFSZ: [libjvm.so+0x821550], sa_mask[0]=11111111011111111101111111111110, sa_flags=SA_RESTART|SA_SIGINFO
SIGILL: [libjvm.so+0x821550], sa_mask[0]=11111111011111111101111111111110, sa_flags=SA_RESTART|SA_SIGINFO
SIGUSR1: SIG_DFL, sa_mask[0]=00000000000000000000000000000000, sa_flags=none
SIGUSR2: [libjvm.so+0x821290], sa_mask[0]=00000000000000000000000000000000, sa_flags=SA_RESTART|SA_SIGINFO
SIGHUP: [libjvm.so+0x824a10], sa_mask[0]=11111111011111111101111111111110, sa_flags=SA_RESTART|SA_SIGINFO
SIGINT: [libjvm.so+0x824a10], sa_mask[0]=11111111011111111101111111111110, sa_flags=SA_RESTART|SA_SIGINFO
SIGTERM: [libjvm.so+0x824a10], sa_mask[0]=11111111011111111101111111111110, sa_flags=SA_RESTART|SA_SIGINFO
SIGQUIT: [libjvm.so+0x824a10], sa_mask[0]=11111111011111111101111111111110, sa_flags=SA_RESTART|SA_SIGINFO


---------------  S Y S T E M  ---------------

OS:DISTRIB_ID="Gentoo"

uname:Linux 5.4.17-gentoo-x86_64 #1 SMP Wed Feb 5 00:35:34 CET 2020 x86_64
libc:glibc 2.29 NPTL 2.29 
rlimit: STACK 8192k, CORE 0k, NPROC 95797, NOFILE 524288, AS infinity
load average:1,06 0,87 0,66

/proc/meminfo:
MemTotal:       24528096 kB
MemFree:         2005152 kB
MemAvailable:   11831516 kB
Buffers:          317652 kB
Cached:          9411196 kB
SwapCached:       132104 kB
Active:         16332280 kB
Inactive:        4559104 kB
Active(anon):   10420792 kB
Inactive(anon):  1458400 kB
Active(file):    5911488 kB
Inactive(file):  3100704 kB
Unevictable:       78852 kB
Mlocked:            8484 kB
SwapTotal:       9667580 kB
SwapFree:        9534548 kB
Dirty:              2756 kB
Writeback:            84 kB
AnonPages:      11109416 kB
Mapped:           906212 kB
Shmem:            709524 kB
KReclaimable:    1071744 kB
Slab:            1348444 kB
SReclaimable:    1071744 kB
SUnreclaim:       276700 kB
KernelStack:       19648 kB
PageTables:        65908 kB
NFS_Unstable:          0 kB
Bounce:                0 kB
WritebackTmp:          0 kB
CommitLimit:    21931628 kB
Committed_AS:   22245996 kB
VmallocTotal:   34359738367 kB
VmallocUsed:       58900 kB
VmallocChunk:          0 kB
Percpu:             1360 kB
HugePages_Total:       0
HugePages_Free:        0
HugePages_Rsvd:        0
HugePages_Surp:        0
Hugepagesize:       2048 kB
Hugetlb:               0 kB
DirectMap4k:     9757888 kB
DirectMap2M:    15308800 kB
DirectMap1G:           0 kB


CPU:total 4 (initial active 4) (2 cores per cpu, 2 threads per core) family 6 model 142 stepping 9, cmov, cx8, fxsr, mmx, sse, sse2, sse3, ssse3, sse4.1, sse4.2, popcnt, avx, avx2, aes, clmul, erms, 3dnowpref, lzcnt, ht, tsc, tscinvbit, bmi1, bmi2, adx

/proc/cpuinfo:
processor	: 0
vendor_id	: GenuineIntel
cpu family	: 6
model		: 142
model name	: Intel(R) Core(TM) i7-7500U CPU @ 2.70GHz
stepping	: 9
microcode	: 0x5e
cpu MHz		: 1053.982
cache size	: 4096 KB
physical id	: 0
siblings	: 4
core id		: 0
cpu cores	: 2
apicid		: 0
initial apicid	: 0
fpu		: yes
fpu_exception	: yes
cpuid level	: 22
wp		: yes
flags		: fpu vme de pse tsc msr pae mce cx8 apic sep mtrr pge mca cmov pat pse36 clflush dts acpi mmx fxsr sse sse2 ss ht tm pbe syscall nx pdpe1gb rdtscp lm constant_tsc art arch_perfmon pebs bts rep_good nopl xtopology nonstop_tsc cpuid aperfmperf pni pclmulqdq dtes64 monitor ds_cpl vmx est tm2 ssse3 sdbg fma cx16 xtpr pdcm pcid sse4_1 sse4_2 x2apic movbe popcnt tsc_deadline_timer aes xsave avx f16c rdrand lahf_lm abm 3dnowprefetch cpuid_fault epb invpcid_single pti tpr_shadow vnmi flexpriority ept vpid ept_ad fsgsbase tsc_adjust bmi1 avx2 smep bmi2 erms invpcid mpx rdseed adx smap clflushopt intel_pt xsaveopt xsavec xgetbv1 xsaves dtherm ida arat pln pts hwp hwp_notify hwp_act_window hwp_epp
bugs		: cpu_meltdown spectre_v1 spectre_v2 spec_store_bypass l1tf mds swapgs itlb_multihit
bogomips	: 5799.77
clflush size	: 64
cache_alignment	: 64
address sizes	: 39 bits physical, 48 bits virtual
power management:

processor	: 1
vendor_id	: GenuineIntel
cpu family	: 6
model		: 142
model name	: Intel(R) Core(TM) i7-7500U CPU @ 2.70GHz
stepping	: 9
microcode	: 0x5e
cpu MHz		: 1120.194
cache size	: 4096 KB
physical id	: 0
siblings	: 4
core id		: 1
cpu cores	: 2
apicid		: 2
initial apicid	: 2
fpu		: yes
fpu_exception	: yes
cpuid level	: 22
wp		: yes
flags		: fpu vme de pse tsc msr pae mce cx8 apic sep mtrr pge mca cmov pat pse36 clflush dts acpi mmx fxsr sse sse2 ss ht tm pbe syscall nx pdpe1gb rdtscp lm constant_tsc art arch_perfmon pebs bts rep_good nopl xtopology nonstop_tsc cpuid aperfmperf pni pclmulqdq dtes64 monitor ds_cpl vmx est tm2 ssse3 sdbg fma cx16 xtpr pdcm pcid sse4_1 sse4_2 x2apic movbe popcnt tsc_deadline_timer aes xsave avx f16c rdrand lahf_lm abm 3dnowprefetch cpuid_fault epb invpcid_single pti tpr_shadow vnmi flexpriority ept vpid ept_ad fsgsbase tsc_adjust bmi1 avx2 smep bmi2 erms invpcid mpx rdseed adx smap clflushopt intel_pt xsaveopt xsavec xgetbv1 xsaves dtherm ida arat pln pts hwp hwp_notify hwp_act_window hwp_epp
bugs		: cpu_meltdown spectre_v1 spectre_v2 spec_store_bypass l1tf mds swapgs itlb_multihit
bogomips	: 5799.77
clflush size	: 64
cache_alignment	: 64
address sizes	: 39 bits physical, 48 bits virtual
power management:

processor	: 2
vendor_id	: GenuineIntel
cpu family	: 6
model		: 142
model name	: Intel(R) Core(TM) i7-7500U CPU @ 2.70GHz
stepping	: 9
microcode	: 0x5e
cpu MHz		: 1100.671
cache size	: 4096 KB
physical id	: 0
siblings	: 4
core id		: 0
cpu cores	: 2
apicid		: 1
initial apicid	: 1
fpu		: yes
fpu_exception	: yes
cpuid level	: 22
wp		: yes
flags		: fpu vme de pse tsc msr pae mce cx8 apic sep mtrr pge mca cmov pat pse36 clflush dts acpi mmx fxsr sse sse2 ss ht tm pbe syscall nx pdpe1gb rdtscp lm constant_tsc art arch_perfmon pebs bts rep_good nopl xtopology nonstop_tsc cpuid aperfmperf pni pclmulqdq dtes64 monitor ds_cpl vmx est tm2 ssse3 sdbg fma cx16 xtpr pdcm pcid sse4_1 sse4_2 x2apic movbe popcnt tsc_deadline_timer aes xsave avx f16c rdrand lahf_lm abm 3dnowprefetch cpuid_fault epb invpcid_single pti tpr_shadow vnmi flexpriority ept vpid ept_ad fsgsbase tsc_adjust bmi1 avx2 smep bmi2 erms invpcid mpx rdseed adx smap clflushopt intel_pt xsaveopt xsavec xgetbv1 xsaves dtherm ida arat pln pts hwp hwp_notify hwp_act_window hwp_epp
bugs		: cpu_meltdown spectre_v1 spectre_v2 spec_store_bypass l1tf mds swapgs itlb_multihit
bogomips	: 5799.77
clflush size	: 64
cache_alignment	: 64
address sizes	: 39 bits physical, 48 bits virtual
power management:

processor	: 3
vendor_id	: GenuineIntel
cpu family	: 6
model		: 142
model name	: Intel(R) Core(TM) i7-7500U CPU @ 2.70GHz
stepping	: 9
microcode	: 0x5e
cpu MHz		: 1105.000
cache size	: 4096 KB
physical id	: 0
siblings	: 4
core id		: 1
cpu cores	: 2
apicid		: 3
initial apicid	: 3
fpu		: yes
fpu_exception	: yes
cpuid level	: 22
wp		: yes
flags		: fpu vme de pse tsc msr pae mce cx8 apic sep mtrr pge mca cmov pat pse36 clflush dts acpi mmx fxsr sse sse2 ss ht tm pbe syscall nx pdpe1gb rdtscp lm constant_tsc art arch_perfmon pebs bts rep_good nopl xtopology nonstop_tsc cpuid aperfmperf pni pclmulqdq dtes64 monitor ds_cpl vmx est tm2 ssse3 sdbg fma cx16 xtpr pdcm pcid sse4_1 sse4_2 x2apic movbe popcnt tsc_deadline_timer aes xsave avx f16c rdrand lahf_lm abm 3dnowprefetch cpuid_fault epb invpcid_single pti tpr_shadow vnmi flexpriority ept vpid ept_ad fsgsbase tsc_adjust bmi1 avx2 smep bmi2 erms invpcid mpx rdseed adx smap clflushopt intel_pt xsaveopt xsavec xgetbv1 xsaves dtherm ida arat pln pts hwp hwp_notify hwp_act_window hwp_epp
bugs		: cpu_meltdown spectre_v1 spectre_v2 spec_store_bypass l1tf mds swapgs itlb_multihit
bogomips	: 5799.77
clflush size	: 64
cache_alignment	: 64
address sizes	: 39 bits physical, 48 bits virtual
power management:



Memory: 4k page, physical 24528096k(2005152k free), swap 9667580k(9534548k free)

vm_info: OpenJDK 64-Bit Server VM (25.242-b08) for linux-amd64 JRE (1.8.0_242-b08), built on Mar 28 2020 04:01:45 by "portage" with gcc 9.2.0

time: Tue Apr  7 16:35:22 2020
timezone: CEST
elapsed time: 96047 seconds (1d 2h 40m 47s)

