#
# A fatal error has been detected by the Java Runtime Environment:
#
#  SIGSEGV (0xb) at pc=0x00007f3b7fa39410, pid=30445, tid=0x00007f3b7fa1a700
#
# JRE version: OpenJDK Runtime Environment (8.0_232-b09) (build 1.8.0_232-b09)
# Java VM: OpenJDK 64-Bit Server VM (25.232-b09 mixed mode linux-amd64 compressed oops)
# Derivative: IcedTea 3.14.0
# Distribution: Gentoo Base System release 2.6, package Gentoo icedtea-3.14.0
# Problematic frame:
# C  [libXt.so.6+0x1e410]
#
# Failed to write core dump. Core dumps have been disabled. To enable core dumping, try "ulimit -c unlimited" before starting Java again
#
# If you would like to submit a bug report, please include
# instructions on how to reproduce the bug and visit:
#   https://icedtea.classpath.org/bugzilla
# The crash happened outside the Java Virtual Machine in native code.
# See problematic frame for where to report the bug.
#

---------------  T H R E A D  ---------------

Current thread (0x00007f3b6c010000):  JavaThread "JNativeHook Native Hook" [_thread_in_native, id=30477, stack(0x00007f3b7f21b000,0x00007f3b7fa1b000)]

siginfo: si_signo: 11 (SIGSEGV), si_code: 1 (SEGV_MAPERR), si_addr: 0x00007f3a2ffff010

Registers:
RAX=0x00007f3a3003f010, RBX=0x00007f3b70085a20, RCX=0x00000000ffff8001, RDX=0xffffffffffff8000
RSP=0x00007f3b7fa19c30, RBP=0x00007f3b70085a20, RSI=0x000000000000800c, RDI=0x00007f3b700ad2d0
R8 =0x0000000000000000, R9 =0x0000000000000000, R10=0x00007f3b357278e0, R11=0x00007f3b35726630
R12=0x00007f3b700ad2d0, R13=0x00007f3b7fafb378, R14=0x00007f3b7fafb378, R15=0x00007f3b7fa19cec
RIP=0x00007f3b7fa39410, EFLAGS=0x0000000000010293, CSGSFS=0x002b000000000033, ERR=0x0000000000000006
  TRAPNO=0x000000000000000e

Top of Stack: (sp=0x00007f3b7fa19c30)
0x00007f3b7fa19c30:   00007f3b7fa19c7c 00007f3b70085a20
0x00007f3b7fa19c40:   00007f3b700ad2d0 00007f3b7fafb378
0x00007f3b7fa19c50:   00000000000000ff 0000000000000000
0x00007f3b7fa19c60:   00007f3b7fa19cec 00007f3b7fa39c76
0x00007f3b7fa19c70:   0000000000000000 0000000000000000
0x00007f3b7fa19c80:   0000000000000000 0000000000000000
0x00007f3b7fa19c90:   0000020400000203 00007f3b7fcfc348
0x00007f3b7fa19ca0:   0000000000000000 0000000000000000
0x00007f3b7fa19cb0:   00000000000000ff 00007f3b7001fb70
0x00007f3b7fa19cc0:   0000000000000006 00007f3b7faf3351
0x00007f3b7fa19cd0:   00007f3b7fa19cec 0000000000000000
0x00007f3b7fa19ce0:   000000005e861b29 0000000034e7c661
0x00007f3b7fa19cf0:   0000000000000000 0000000000000023
0x00007f3b7fa19d00:   000001713bda1b9f 00007f3b7faf3cdb
0x00007f3b7fa19d10:   000000000000000b 00007f3b7fa19d30
0x00007f3b7fa19d20:   0000000000000000 00007f3b00000000
0x00007f3b7fa19d30:   0000000000000000 0000000000000000
0x00007f3b7fa19d40:   0000000000000000 0000033400000000
0x00007f3b7fa19d50:   0000000400000000 0000000000000000
0x00007f3b7fa19d60:   00007f3b6c008528 00007f3b6c0101e0
0x00007f3b7fa19d70:   0000ffc90000007b 04a56cad57058a00
0x00007f3b7fa19d80:   000000005e861b29 00000000000d8b34
0x00007f3b7fa19d90:   00007f3b6c003258 0000000000000020
0x00007f3b7fa19da0:   00007f3bd4007180 00007f3b6c024398
0x00007f3b7fa19db0:   0000000000000020 00007f3b7fa19e40
0x00007f3b7fa19dc0:   0000000000000020 00007f3bd40047e4
0x00007f3b7fa19dd0:   00007f3b6c00e0f0 00007f3b7faf3700
0x00007f3b7fa19de0:   00007f3b6c0243a4 00007f3b6c000b60
0x00007f3b7fa19df0:   00007f3b6c000b60 00007f3b6c000b60
0x00007f3b7fa19e00:   00007f3b6c00e0f0 00007f3b7fa19e40
0x00007f3b7fa19e10:   00007f3b7faf3700 0000000000000000
0x00007f3b7fa19e20:   00007f3b6c024390 00007f3bd4005805 

Instructions: (pc=0x00007f3b7fa39410)
0x00007f3b7fa393f0:   00 00 0f b7 b6 8e 00 00 00 48 8b 45 18 66 39 f2
0x00007f3b7fa39400:   0f 8d 2a 02 00 00 8d 4a 01 66 89 8d 8c 00 00 00
0x00007f3b7fa39410:   4c 89 24 d0 c6 85 1d 01 00 00 01 bf 70 02 00 00
0x00007f3b7fa39420:   ff 85 88 00 00 00 e8 45 40 ff ff 48 89 c3 48 8b 

Register to memory mapping:

RAX=0x00007f3a3003f010 is an unknown value
RBX=0x00007f3b70085a20 is an unknown value
RCX=0x00000000ffff8001 is an unknown value
RDX=0xffffffffffff8000 is an unknown value
RSP=0x00007f3b7fa19c30 is pointing into the stack for thread: 0x00007f3b6c010000
RBP=0x00007f3b70085a20 is an unknown value
RSI=0x000000000000800c is an unknown value
RDI=0x00007f3b700ad2d0 is an unknown value
R8 =0x0000000000000000 is an unknown value
R9 =0x0000000000000000 is an unknown value
R10=0x00007f3b357278e0 is an unknown value
R11=0x00007f3b35726630 is an unknown value
R12=0x00007f3b700ad2d0 is an unknown value
R13=0x00007f3b7fafb378: <offset 0xb378> in /tmp/libJNativeHook_3114837859421204187.so at 0x00007f3b7faf0000
R14=0x00007f3b7fafb378: <offset 0xb378> in /tmp/libJNativeHook_3114837859421204187.so at 0x00007f3b7faf0000
R15=0x00007f3b7fa19cec is pointing into the stack for thread: 0x00007f3b6c010000


Stack: [0x00007f3b7f21b000,0x00007f3b7fa1b000],  sp=0x00007f3b7fa19c30,  free space=8187k
Native frames: (J=compiled Java code, j=interpreted, Vv=VM code, C=native code)
C  [libXt.so.6+0x1e410]


---------------  P R O C E S S  ---------------

Java Threads: ( => current thread )
  0x00007f3b6c02d800 JavaThread "JNativeHook Native Dispatch" [_thread_blocked, id=30478, stack(0x00007f3b7f119000,0x00007f3b7f21a000)]
=>0x00007f3b6c010000 JavaThread "JNativeHook Native Hook" [_thread_in_native, id=30477, stack(0x00007f3b7f21b000,0x00007f3b7fa1b000)]
  0x00007f3b74009000 JavaThread "process reaper" daemon [_thread_blocked, id=30476, stack(0x00007f3bbc043000,0x00007f3bbc07c000)]
  0x00007f3b7000b800 JavaThread "Timer-0" [_thread_blocked, id=30469, stack(0x00007f3b7fcfd000,0x00007f3b7fdfe000)]
  0x00007f3be400a800 JavaThread "DestroyJavaVM" [_thread_blocked, id=30448, stack(0x00007f3beab8a000,0x00007f3beac8a000)]
  0x00007f3be4469000 JavaThread "Thread-4" [_thread_blocked, id=30468, stack(0x00007f3b7fdfe000,0x00007f3b7feff000)]
  0x00007f3be4465800 JavaThread "Thread-3" daemon [_thread_blocked, id=30467, stack(0x00007f3b7feff000,0x00007f3b80000000)]
  0x00007f3be447f800 JavaThread "AWT-EventQueue-0" [_thread_blocked, id=30466, stack(0x00007f3bbc282000,0x00007f3bbc383000)]
  0x00007f3be447e800 JavaThread "AWT-Shutdown" [_thread_blocked, id=30465, stack(0x00007f3bbc383000,0x00007f3bbc484000)]
  0x00007f3be437a800 JavaThread "AWT-XAWT" daemon [_thread_in_native, id=30463, stack(0x00007f3bbce8c000,0x00007f3bbcf8d000)]
  0x00007f3be434a800 JavaThread "Java2D Disposer" daemon [_thread_blocked, id=30462, stack(0x00007f3bbcf95000,0x00007f3bbd096000)]
  0x00007f3be41ac800 JavaThread "Service Thread" daemon [_thread_blocked, id=30460, stack(0x00007f3bbf04a000,0x00007f3bbf14b000)]
  0x00007f3be4199800 JavaThread "C1 CompilerThread2" daemon [_thread_blocked, id=30459, stack(0x00007f3bbf14c000,0x00007f3bbf24c000)]
  0x00007f3be4197800 JavaThread "C2 CompilerThread1" daemon [_thread_blocked, id=30458, stack(0x00007f3bbf24d000,0x00007f3bbf34d000)]
  0x00007f3be4188800 JavaThread "C2 CompilerThread0" daemon [_thread_blocked, id=30457, stack(0x00007f3bbf34e000,0x00007f3bbf44e000)]
  0x00007f3be4186800 JavaThread "Signal Dispatcher" daemon [_thread_blocked, id=30456, stack(0x00007f3bbf44e000,0x00007f3bbf54f000)]
  0x00007f3be415b800 JavaThread "Finalizer" daemon [_thread_blocked, id=30455, stack(0x00007f3bbf9fa000,0x00007f3bbfafb000)]
  0x00007f3be4157000 JavaThread "Reference Handler" daemon [_thread_blocked, id=30454, stack(0x00007f3bbfafb000,0x00007f3bbfbfc000)]

Other Threads:
  0x00007f3be414d000 VMThread [stack: 0x00007f3bbfbfd000,0x00007f3bbfcfd000] [id=30453]
  0x00007f3be41b9000 WatcherThread [stack: 0x00007f3bbef4a000,0x00007f3bbf04a000] [id=30461]

VM state:not at safepoint (normal execution)

VM Mutex/Monitor currently owned by a thread: None

heap address: 0x0000000649a00000, size: 5990 MB, Compressed Oops mode: Zero based, Oop shift amount: 3
Narrow klass base: 0x0000000000000000, Narrow klass shift: 3
Compressed class space size: 1073741824 Address: 0x00000007c0000000

Heap:
 PSYoungGen      total 112128K, used 4235K [0x0000000743380000, 0x000000074b080000, 0x00000007c0000000)
  eden space 96256K, 4% used [0x0000000743380000,0x00000007437a2d78,0x0000000749180000)
  from space 15872K, 0% used [0x0000000749180000,0x0000000749180000,0x000000074a100000)
  to   space 15872K, 0% used [0x000000074a100000,0x000000074a100000,0x000000074b080000)
 ParOldGen       total 257024K, used 1542K [0x0000000649a00000, 0x0000000659500000, 0x0000000743380000)
  object space 257024K, 0% used [0x0000000649a00000,0x0000000649b81898,0x0000000659500000)
 Metaspace       used 12388K, capacity 12588K, committed 12928K, reserved 1060864K
  class space    used 1258K, capacity 1324K, committed 1408K, reserved 1048576K

Card table byte_map: [0x00007f3be9c0b000,0x00007f3bea7bf000] byte_map_base: 0x00007f3be69be000

Marking Bits: (ParMarkBitMap*) 0x00007f3bebc74460
 Begin Bits: [0x00007f3bc44d0000, 0x00007f3bca268000)
 End Bits:   [0x00007f3bca268000, 0x00007f3bd0000000)

Polling page: 0x00007f3bebed0000

CodeCache: size=245760Kb used=4131Kb max_used=4159Kb free=241628Kb
 bounds [0x00007f3bd5000000, 0x00007f3bd5420000, 0x00007f3be4000000]
 total_blobs=1617 nmethods=1098 adapters=434
 compilation: enabled

Compilation events (10 events):
Event: 232894,947 Thread 0x00007f3be4199800 1298       3       java.security.AccessControlContext::combine (205 bytes)
Event: 232894,947 Thread 0x00007f3be4199800 nmethod 1298 0x00007f3bd52ff550 code [0x00007f3bd52ff740, 0x00007f3bd5300238]
Event: 232894,947 Thread 0x00007f3be4199800 1299       1       sun.awt.image.VolatileSurfaceManager::getPrimarySurfaceData (5 bytes)
Event: 232894,948 Thread 0x00007f3be4199800 nmethod 1299 0x00007f3bd52132d0 code [0x00007f3bd5213420, 0x00007f3bd5213530]
Event: 237231,298 Thread 0x00007f3be4199800 1300       3       java.util.Vector$Itr::hasNext (20 bytes)
Event: 237231,298 Thread 0x00007f3be4199800 nmethod 1300 0x00007f3bd52ff110 code [0x00007f3bd52ff280, 0x00007f3bd52ff450]
Event: 239026,081 Thread 0x00007f3be4197800 1301  s    4       java.util.Hashtable::get (69 bytes)
Event: 239026,085 Thread 0x00007f3be4197800 nmethod 1301 0x00007f3bd5296f50 code [0x00007f3bd52970c0, 0x00007f3bd5297838]
Event: 241727,417 Thread 0x00007f3be4188800 1302       4       java.lang.AbstractStringBuilder::append (62 bytes)
Event: 241727,445 Thread 0x00007f3be4188800 nmethod 1302 0x00007f3bd53c7010 code [0x00007f3bd53c71a0, 0x00007f3bd53c7a38]

GC Heap History (10 events):
Event: 242381,648 GC heap before
{Heap before GC invocations=17774 (full 8887):
 PSYoungGen      total 112128K, used 160K [0x0000000743380000, 0x000000074b080000, 0x00000007c0000000)
  eden space 96256K, 0% used [0x0000000743380000,0x0000000743380000,0x0000000749180000)
  from space 15872K, 1% used [0x0000000749180000,0x00000007491a8000,0x000000074a100000)
  to   space 15872K, 0% used [0x000000074a100000,0x000000074a100000,0x000000074b080000)
 ParOldGen       total 257024K, used 1541K [0x0000000649a00000, 0x0000000659500000, 0x0000000743380000)
  object space 257024K, 0% used [0x0000000649a00000,0x0000000649b81678,0x0000000659500000)
 Metaspace       used 12388K, capacity 12588K, committed 12928K, reserved 1060864K
  class space    used 1258K, capacity 1324K, committed 1408K, reserved 1048576K
Event: 242381,658 GC heap after
Heap after GC invocations=17774 (full 8887):
 PSYoungGen      total 112128K, used 0K [0x0000000743380000, 0x000000074b080000, 0x00000007c0000000)
  eden space 96256K, 0% used [0x0000000743380000,0x0000000743380000,0x0000000749180000)
  from space 15872K, 0% used [0x0000000749180000,0x0000000749180000,0x000000074a100000)
  to   space 15872K, 0% used [0x000000074a100000,0x000000074a100000,0x000000074b080000)
 ParOldGen       total 257024K, used 1541K [0x0000000649a00000, 0x0000000659500000, 0x0000000743380000)
  object space 257024K, 0% used [0x0000000649a00000,0x0000000649b81718,0x0000000659500000)
 Metaspace       used 12388K, capacity 12588K, committed 12928K, reserved 1060864K
  class space    used 1258K, capacity 1324K, committed 1408K, reserved 1048576K
}
Event: 242411,640 GC heap before
{Heap before GC invocations=17775 (full 8887):
 PSYoungGen      total 112128K, used 6160K [0x0000000743380000, 0x000000074b080000, 0x00000007c0000000)
  eden space 96256K, 6% used [0x0000000743380000,0x0000000743984240,0x0000000749180000)
  from space 15872K, 0% used [0x0000000749180000,0x0000000749180000,0x000000074a100000)
  to   space 15872K, 0% used [0x000000074a100000,0x000000074a100000,0x000000074b080000)
 ParOldGen       total 257024K, used 1541K [0x0000000649a00000, 0x0000000659500000, 0x0000000743380000)
  object space 257024K, 0% used [0x0000000649a00000,0x0000000649b81718,0x0000000659500000)
 Metaspace       used 12388K, capacity 12588K, committed 12928K, reserved 1060864K
  class space    used 1258K, capacity 1324K, committed 1408K, reserved 1048576K
Event: 242411,641 GC heap after
Heap after GC invocations=17775 (full 8887):
 PSYoungGen      total 112128K, used 128K [0x0000000743380000, 0x000000074b080000, 0x00000007c0000000)
  eden space 96256K, 0% used [0x0000000743380000,0x0000000743380000,0x0000000749180000)
  from space 15872K, 0% used [0x000000074a100000,0x000000074a120000,0x000000074b080000)
  to   space 15872K, 0% used [0x0000000749180000,0x0000000749180000,0x000000074a100000)
 ParOldGen       total 257024K, used 1541K [0x0000000649a00000, 0x0000000659500000, 0x0000000743380000)
  object space 257024K, 0% used [0x0000000649a00000,0x0000000649b81718,0x0000000659500000)
 Metaspace       used 12388K, capacity 12588K, committed 12928K, reserved 1060864K
  class space    used 1258K, capacity 1324K, committed 1408K, reserved 1048576K
}
Event: 242411,641 GC heap before
{Heap before GC invocations=17776 (full 8888):
 PSYoungGen      total 112128K, used 128K [0x0000000743380000, 0x000000074b080000, 0x00000007c0000000)
  eden space 96256K, 0% used [0x0000000743380000,0x0000000743380000,0x0000000749180000)
  from space 15872K, 0% used [0x000000074a100000,0x000000074a120000,0x000000074b080000)
  to   space 15872K, 0% used [0x0000000749180000,0x0000000749180000,0x000000074a100000)
 ParOldGen       total 257024K, used 1541K [0x0000000649a00000, 0x0000000659500000, 0x0000000743380000)
  object space 257024K, 0% used [0x0000000649a00000,0x0000000649b81718,0x0000000659500000)
 Metaspace       used 12388K, capacity 12588K, committed 12928K, reserved 1060864K
  class space    used 1258K, capacity 1324K, committed 1408K, reserved 1048576K
Event: 242411,650 GC heap after
Heap after GC invocations=17776 (full 8888):
 PSYoungGen      total 112128K, used 0K [0x0000000743380000, 0x000000074b080000, 0x00000007c0000000)
  eden space 96256K, 0% used [0x0000000743380000,0x0000000743380000,0x0000000749180000)
  from space 15872K, 0% used [0x000000074a100000,0x000000074a100000,0x000000074b080000)
  to   space 15872K, 0% used [0x0000000749180000,0x0000000749180000,0x000000074a100000)
 ParOldGen       total 257024K, used 1541K [0x0000000649a00000, 0x0000000659500000, 0x0000000743380000)
  object space 257024K, 0% used [0x0000000649a00000,0x0000000649b817d8,0x0000000659500000)
 Metaspace       used 12388K, capacity 12588K, committed 12928K, reserved 1060864K
  class space    used 1258K, capacity 1324K, committed 1408K, reserved 1048576K
}
Event: 242441,657 GC heap before
{Heap before GC invocations=17777 (full 8888):
 PSYoungGen      total 112128K, used 6160K [0x0000000743380000, 0x000000074b080000, 0x00000007c0000000)
  eden space 96256K, 6% used [0x0000000743380000,0x0000000743984240,0x0000000749180000)
  from space 15872K, 0% used [0x000000074a100000,0x000000074a100000,0x000000074b080000)
  to   space 15872K, 0% used [0x0000000749180000,0x0000000749180000,0x000000074a100000)
 ParOldGen       total 257024K, used 1541K [0x0000000649a00000, 0x0000000659500000, 0x0000000743380000)
  object space 257024K, 0% used [0x0000000649a00000,0x0000000649b817d8,0x0000000659500000)
 Metaspace       used 12388K, capacity 12588K, committed 12928K, reserved 1060864K
  class space    used 1258K, capacity 1324K, committed 1408K, reserved 1048576K
Event: 242441,661 GC heap after
Heap after GC invocations=17777 (full 8888):
 PSYoungGen      total 112128K, used 128K [0x0000000743380000, 0x000000074b080000, 0x00000007c0000000)
  eden space 96256K, 0% used [0x0000000743380000,0x0000000743380000,0x0000000749180000)
  from space 15872K, 0% used [0x0000000749180000,0x00000007491a0000,0x000000074a100000)
  to   space 15872K, 0% used [0x000000074a100000,0x000000074a100000,0x000000074b080000)
 ParOldGen       total 257024K, used 1541K [0x0000000649a00000, 0x0000000659500000, 0x0000000743380000)
  object space 257024K, 0% used [0x0000000649a00000,0x0000000649b817d8,0x0000000659500000)
 Metaspace       used 12388K, capacity 12588K, committed 12928K, reserved 1060864K
  class space    used 1258K, capacity 1324K, committed 1408K, reserved 1048576K
}
Event: 242441,661 GC heap before
{Heap before GC invocations=17778 (full 8889):
 PSYoungGen      total 112128K, used 128K [0x0000000743380000, 0x000000074b080000, 0x00000007c0000000)
  eden space 96256K, 0% used [0x0000000743380000,0x0000000743380000,0x0000000749180000)
  from space 15872K, 0% used [0x0000000749180000,0x00000007491a0000,0x000000074a100000)
  to   space 15872K, 0% used [0x000000074a100000,0x000000074a100000,0x000000074b080000)
 ParOldGen       total 257024K, used 1541K [0x0000000649a00000, 0x0000000659500000, 0x0000000743380000)
  object space 257024K, 0% used [0x0000000649a00000,0x0000000649b817d8,0x0000000659500000)
 Metaspace       used 12388K, capacity 12588K, committed 12928K, reserved 1060864K
  class space    used 1258K, capacity 1324K, committed 1408K, reserved 1048576K
Event: 242441,676 GC heap after
Heap after GC invocations=17778 (full 8889):
 PSYoungGen      total 112128K, used 0K [0x0000000743380000, 0x000000074b080000, 0x00000007c0000000)
  eden space 96256K, 0% used [0x0000000743380000,0x0000000743380000,0x0000000749180000)
  from space 15872K, 0% used [0x0000000749180000,0x0000000749180000,0x000000074a100000)
  to   space 15872K, 0% used [0x000000074a100000,0x000000074a100000,0x000000074b080000)
 ParOldGen       total 257024K, used 1542K [0x0000000649a00000, 0x0000000659500000, 0x0000000743380000)
  object space 257024K, 0% used [0x0000000649a00000,0x0000000649b81898,0x0000000659500000)
 Metaspace       used 12388K, capacity 12588K, committed 12928K, reserved 1060864K
  class space    used 1258K, capacity 1324K, committed 1408K, reserved 1048576K
}

Deoptimization events (10 events):
Event: 901,156 Thread 0x00007f3be4469000 Uncommon trap: reason=unstable_if action=reinterpret pc=0x00007f3bd5113348 method=java.io.BufferedOutputStream.write([BII)V @ 6
Event: 1200,523 Thread 0x00007f3b7000b800 Uncommon trap: reason=unstable_if action=reinterpret pc=0x00007f3bd527e618 method=sun.nio.cs.UTF_8$Encoder.encodeArrayLoop(Ljava/nio/CharBuffer;Ljava/nio/ByteBuffer;)Ljava/nio/charset/CoderResult; @ 87
Event: 12606,181 Thread 0x00007f3be4469000 Uncommon trap: reason=unstable_if action=reinterpret pc=0x00007f3bd51ae560 method=java.lang.CharacterData.of(I)Ljava/lang/CharacterData; @ 4
Event: 47552,878 Thread 0x00007f3be4469000 Uncommon trap: reason=unstable_if action=reinterpret pc=0x00007f3bd52b1468 method=java.lang.ref.SoftReference.get()Ljava/lang/Object; @ 6
Event: 60814,583 Thread 0x00007f3b74009000 Uncommon trap: reason=class_check action=maybe_recompile pc=0x00007f3bd534cb88 method=java.util.concurrent.ThreadPoolExecutor.runWorker(Ljava/util/concurrent/ThreadPoolExecutor$Worker;)V @ 95
Event: 63575,700 Thread 0x00007f3b7000b800 Uncommon trap: reason=unstable_if action=reinterpret pc=0x00007f3bd524ebfc method=java.lang.ref.SoftReference.get()Ljava/lang/Object; @ 6
Event: 91535,860 Thread 0x00007f3b74009000 Uncommon trap: reason=class_check action=maybe_recompile pc=0x00007f3bd534cb88 method=java.util.concurrent.ThreadPoolExecutor.runWorker(Ljava/util/concurrent/ThreadPoolExecutor$Worker;)V @ 95
Event: 122259,064 Thread 0x00007f3b74009000 Uncommon trap: reason=class_check action=maybe_recompile pc=0x00007f3bd534cb88 method=java.util.concurrent.ThreadPoolExecutor.runWorker(Ljava/util/concurrent/ThreadPoolExecutor$Worker;)V @ 95
Event: 124568,969 Thread 0x00007f3b6c02d800 Uncommon trap: reason=unstable_if action=reinterpret pc=0x00007f3bd5297258 method=java.util.concurrent.locks.AbstractQueuedSynchronizer.acquireInterruptibly(I)V @ 19
Event: 152979,266 Thread 0x00007f3b74009000 Uncommon trap: reason=class_check action=maybe_recompile pc=0x00007f3bd534cb88 method=java.util.concurrent.ThreadPoolExecutor.runWorker(Ljava/util/concurrent/ThreadPoolExecutor$Worker;)V @ 95

Classes redefined (0 events):
No events

Internal exceptions (10 events):
Event: 0,153 Thread 0x00007f3be400a800 Exception <a 'java/io/FileNotFoundException'> (0x000000074376aeb8) thrown at [/var/tmp/portage/dev-java/icedtea-3.14.0/work/icedtea-3.14.0/openjdk/hotspot/src/share/vm/prims/jni.cpp, line 710]
Event: 0,153 Thread 0x00007f3be400a800 Exception <a 'java/io/FileNotFoundException'> (0x000000074376b970) thrown at [/var/tmp/portage/dev-java/icedtea-3.14.0/work/icedtea-3.14.0/openjdk/hotspot/src/share/vm/prims/jni.cpp, line 710]
Event: 0,170 Thread 0x00007f3be400a800 Exception <a 'java/lang/ClassNotFoundException': sun/dc/DuctusRenderingEngine> (0x00000007437863d8) thrown at [/var/tmp/portage/dev-java/icedtea-3.14.0/work/icedtea-3.14.0/openjdk/hotspot/src/share/vm/classfile/systemDictionary.cpp, line 210]
Event: 0,262 Thread 0x00007f3be400a800 Exception <a 'java/io/FileNotFoundException'> (0x0000000743877218) thrown at [/var/tmp/portage/dev-java/icedtea-3.14.0/work/icedtea-3.14.0/openjdk/hotspot/src/share/vm/prims/jni.cpp, line 710]
Event: 0,482 Thread 0x00007f3be437a800 Implicit null exception at 0x00007f3bd51e5ac8 to 0x00007f3bd51e5b91
Event: 47552,877 Thread 0x00007f3be4469000 Implicit null exception at 0x00007f3bd52b0d55 to 0x00007f3bd52b1429
Event: 47552,884 Thread 0x00007f3be4469000 Exception <a 'java/net/ConnectException'> (0x00000007435617d8) thrown at [/var/tmp/portage/dev-java/icedtea-3.14.0/work/icedtea-3.14.0/openjdk/hotspot/src/share/vm/prims/jni.cpp, line 710]
Event: 63575,700 Thread 0x00007f3b7000b800 Implicit null exception at 0x00007f3bd524e60a to 0x00007f3bd524ebe1
Event: 159963,500 Thread 0x00007f3be4469000 Exception <a 'java/net/ConnectException'> (0x0000000743561758) thrown at [/var/tmp/portage/dev-java/icedtea-3.14.0/work/icedtea-3.14.0/openjdk/hotspot/src/share/vm/prims/jni.cpp, line 710]
Event: 160393,573 Thread 0x00007f3be4469000 Exception <a 'java/net/ConnectException'> (0x00000007435616e8) thrown at [/var/tmp/portage/dev-java/icedtea-3.14.0/work/icedtea-3.14.0/openjdk/hotspot/src/share/vm/prims/jni.cpp, line 710]

Events (10 events):
Event: 242441,657 Executing VM operation: RevokeBias
Event: 242441,657 Executing VM operation: RevokeBias done
Event: 242441,657 Executing VM operation: ParallelGCSystemGC
Event: 242441,676 Executing VM operation: ParallelGCSystemGC done
Event: 242441,676 Executing VM operation: RevokeBias
Event: 242441,676 Executing VM operation: RevokeBias done
Event: 242441,676 Executing VM operation: RevokeBias
Event: 242441,676 Executing VM operation: RevokeBias done
Event: 242441,676 Executing VM operation: BulkRevokeBias
Event: 242441,676 Executing VM operation: BulkRevokeBias done


Dynamic libraries:
649a00000-659500000 rw-p 00000000 00:00 0 
659500000-743380000 ---p 00000000 00:00 0 
743380000-74b080000 rw-p 00000000 00:00 0 
74b080000-7c0000000 ---p 00000000 00:00 0 
7c0000000-7c0160000 rw-p 00000000 00:00 0 
7c0160000-800000000 ---p 00000000 00:00 0 
55f33b883000-55f33b884000 r--p 00000000 00:13 118104933                  /opt/icedtea-bin-3.14.0/bin/java (deleted)
55f33b884000-55f33b885000 r-xp 00001000 00:13 118104933                  /opt/icedtea-bin-3.14.0/bin/java (deleted)
55f33b885000-55f33b886000 r--p 00002000 00:13 118104933                  /opt/icedtea-bin-3.14.0/bin/java (deleted)
55f33b886000-55f33b887000 r--p 00002000 00:13 118104933                  /opt/icedtea-bin-3.14.0/bin/java (deleted)
55f33b887000-55f33b888000 rw-p 00003000 00:13 118104933                  /opt/icedtea-bin-3.14.0/bin/java (deleted)
55f33c392000-55f33c3b3000 rw-p 00000000 00:00 0                          [heap]
7f3a3003f000-7f3b30000000 rw-p 00000000 00:00 0 
7f3b30000000-7f3b33ffe000 rw-p 00000000 00:00 0 
7f3b33ffe000-7f3b34000000 ---p 00000000 00:00 0 
7f3b34000000-7f3b35736000 rw-p 00000000 00:00 0 
7f3b35736000-7f3b38000000 ---p 00000000 00:00 0 
7f3b38000000-7f3b3bffd000 rw-p 00000000 00:00 0 
7f3b3bffd000-7f3b3c000000 ---p 00000000 00:00 0 
7f3b3c000000-7f3b40000000 rw-p 00000000 00:00 0 
7f3b40000000-7f3b43fff000 rw-p 00000000 00:00 0 
7f3b43fff000-7f3b44000000 ---p 00000000 00:00 0 
7f3b44000000-7f3b48000000 rw-p 00000000 00:00 0 
7f3b48000000-7f3b50000000 rw-p 00000000 00:00 0 
7f3b50000000-7f3b57ffe000 rw-p 00000000 00:00 0 
7f3b57ffe000-7f3b58000000 ---p 00000000 00:00 0 
7f3b58000000-7f3b5fffd000 rw-p 00000000 00:00 0 
7f3b5fffd000-7f3b60000000 ---p 00000000 00:00 0 
7f3b60000000-7f3b60021000 rw-p 00000000 00:00 0 
7f3b60021000-7f3b64000000 ---p 00000000 00:00 0 
7f3b64000000-7f3b67ffe000 rw-p 00000000 00:00 0 
7f3b67ffe000-7f3b68000000 ---p 00000000 00:00 0 
7f3b68000000-7f3b68021000 rw-p 00000000 00:00 0 
7f3b68021000-7f3b6c000000 ---p 00000000 00:00 0 
7f3b6c000000-7f3b70000000 rw-p 00000000 00:00 0 
7f3b70000000-7f3b70121000 rw-p 00000000 00:00 0 
7f3b70121000-7f3b74000000 ---p 00000000 00:00 0 
7f3b74000000-7f3b74029000 rw-p 00000000 00:00 0 
7f3b74029000-7f3b78000000 ---p 00000000 00:00 0 
7f3b78000000-7f3b78021000 rw-p 00000000 00:00 0 
7f3b78021000-7f3b7c000000 ---p 00000000 00:00 0 
7f3b7f119000-7f3b7f11c000 ---p 00000000 00:00 0 
7f3b7f11c000-7f3b7f21a000 rw-p 00000000 00:00 0 
7f3b7f21a000-7f3b7f21b000 ---p 00000000 00:00 0 
7f3b7f21b000-7f3b7f21e000 ---p 00000000 00:00 0 
7f3b7f21e000-7f3b7fa1b000 rw-p 00000000 00:00 0 
7f3b7fa1b000-7f3b7fa2d000 r--p 00000000 00:13 91940964                   /usr/lib64/libXt.so.6.0.0
7f3b7fa2d000-7f3b7fa6b000 r-xp 00012000 00:13 91940964                   /usr/lib64/libXt.so.6.0.0
7f3b7fa6b000-7f3b7fa7d000 r--p 00050000 00:13 91940964                   /usr/lib64/libXt.so.6.0.0
7f3b7fa7d000-7f3b7fa7e000 ---p 00062000 00:13 91940964                   /usr/lib64/libXt.so.6.0.0
7f3b7fa7e000-7f3b7fa7f000 r--p 00062000 00:13 91940964                   /usr/lib64/libXt.so.6.0.0
7f3b7fa7f000-7f3b7fa84000 rw-p 00063000 00:13 91940964                   /usr/lib64/libXt.so.6.0.0
7f3b7fa84000-7f3b7fa85000 rw-p 00000000 00:00 0 
7f3b7faf0000-7f3b7fafc000 r-xp 00000000 00:13 6121827                    /tmp/libJNativeHook_3114837859421204187.so
7f3b7fafc000-7f3b7fcfb000 ---p 0000c000 00:13 6121827                    /tmp/libJNativeHook_3114837859421204187.so
7f3b7fcfb000-7f3b7fcfc000 r--p 0000b000 00:13 6121827                    /tmp/libJNativeHook_3114837859421204187.so
7f3b7fcfc000-7f3b7fcfd000 rw-p 0000c000 00:13 6121827                    /tmp/libJNativeHook_3114837859421204187.so
7f3b7fcfd000-7f3b7fd00000 ---p 00000000 00:00 0 
7f3b7fd00000-7f3b7fdfe000 rw-p 00000000 00:00 0 
7f3b7fdfe000-7f3b7fe01000 ---p 00000000 00:00 0 
7f3b7fe01000-7f3b7feff000 rw-p 00000000 00:00 0 
7f3b7feff000-7f3b7ff02000 ---p 00000000 00:00 0 
7f3b7ff02000-7f3b80000000 rw-p 00000000 00:00 0 
7f3b80000000-7f3b80021000 rw-p 00000000 00:00 0 
7f3b80021000-7f3b84000000 ---p 00000000 00:00 0 
7f3b84000000-7f3b84021000 rw-p 00000000 00:00 0 
7f3b84021000-7f3b88000000 ---p 00000000 00:00 0 
7f3b88000000-7f3b88021000 rw-p 00000000 00:00 0 
7f3b88021000-7f3b8c000000 ---p 00000000 00:00 0 
7f3b8c000000-7f3b8c021000 rw-p 00000000 00:00 0 
7f3b8c021000-7f3b90000000 ---p 00000000 00:00 0 
7f3b90000000-7f3b90021000 rw-p 00000000 00:00 0 
7f3b90021000-7f3b94000000 ---p 00000000 00:00 0 
7f3b94000000-7f3b94021000 rw-p 00000000 00:00 0 
7f3b94021000-7f3b98000000 ---p 00000000 00:00 0 
7f3b98000000-7f3b98786000 rw-p 00000000 00:00 0 
7f3b98786000-7f3b9c000000 ---p 00000000 00:00 0 
7f3b9c000000-7f3b9c601000 rw-p 00000000 00:00 0 
7f3b9c601000-7f3ba0000000 ---p 00000000 00:00 0 
7f3ba0000000-7f3ba0021000 rw-p 00000000 00:00 0 
7f3ba0021000-7f3ba4000000 ---p 00000000 00:00 0 
7f3ba4000000-7f3ba4c0d000 rw-p 00000000 00:00 0 
7f3ba4c0d000-7f3ba8000000 ---p 00000000 00:00 0 
7f3ba8000000-7f3ba8021000 rw-p 00000000 00:00 0 
7f3ba8021000-7f3bac000000 ---p 00000000 00:00 0 
7f3bac000000-7f3bac021000 rw-p 00000000 00:00 0 
7f3bac021000-7f3bb0000000 ---p 00000000 00:00 0 
7f3bb0000000-7f3bb0021000 rw-p 00000000 00:00 0 
7f3bb0021000-7f3bb4000000 ---p 00000000 00:00 0 
7f3bb4000000-7f3bb4063000 rw-p 00000000 00:00 0 
7f3bb4063000-7f3bb8000000 ---p 00000000 00:00 0 
7f3bb8000000-7f3bb8021000 rw-p 00000000 00:00 0 
7f3bb8021000-7f3bbc000000 ---p 00000000 00:00 0 
7f3bbc01a000-7f3bbc01f000 r--p 00000000 00:13 97414550                   /usr/lib64/libICE.so.6.3.0
7f3bbc01f000-7f3bbc02d000 r-xp 00005000 00:13 97414550                   /usr/lib64/libICE.so.6.3.0
7f3bbc02d000-7f3bbc032000 r--p 00013000 00:13 97414550                   /usr/lib64/libICE.so.6.3.0
7f3bbc032000-7f3bbc033000 r--p 00017000 00:13 97414550                   /usr/lib64/libICE.so.6.3.0
7f3bbc033000-7f3bbc034000 rw-p 00018000 00:13 97414550                   /usr/lib64/libICE.so.6.3.0
7f3bbc034000-7f3bbc038000 rw-p 00000000 00:00 0 
7f3bbc038000-7f3bbc03a000 r--p 00000000 00:13 86760975                   /usr/lib64/libSM.so.6.0.1
7f3bbc03a000-7f3bbc03f000 r-xp 00002000 00:13 86760975                   /usr/lib64/libSM.so.6.0.1
7f3bbc03f000-7f3bbc041000 r--p 00007000 00:13 86760975                   /usr/lib64/libSM.so.6.0.1
7f3bbc041000-7f3bbc042000 r--p 00008000 00:13 86760975                   /usr/lib64/libSM.so.6.0.1
7f3bbc042000-7f3bbc043000 rw-p 00009000 00:13 86760975                   /usr/lib64/libSM.so.6.0.1
7f3bbc043000-7f3bbc046000 ---p 00000000 00:00 0 
7f3bbc046000-7f3bbc07c000 rw-p 00000000 00:00 0 
7f3bbc07e000-7f3bbc080000 r--s 00024000 00:13 6121826                    /tmp/jar_cache5070230659122222349.tmp (deleted)
7f3bbc080000-7f3bbc082000 r--s 00009000 00:13 6121824                    /tmp/jar_cache1182871285439588838.tmp (deleted)
7f3bbc082000-7f3bbc1c2000 rw-p 00000000 00:00 0 
7f3bbc1c2000-7f3bbc282000 ---p 00000000 00:00 0 
7f3bbc282000-7f3bbc285000 ---p 00000000 00:00 0 
7f3bbc285000-7f3bbc383000 rw-p 00000000 00:00 0 
7f3bbc383000-7f3bbc386000 ---p 00000000 00:00 0 
7f3bbc386000-7f3bbc484000 rw-p 00000000 00:00 0 
7f3bbc484000-7f3bbc48f000 r--s 0011c000 00:13 118104855                  /opt/icedtea-bin-3.14.0/jre/lib/ext/localedata.jar (deleted)
7f3bbc48f000-7f3bbc4aa000 r--s 003b7000 00:13 118104851                  /opt/icedtea-bin-3.14.0/jre/lib/ext/cldrdata.jar (deleted)
7f3bbc4aa000-7f3bbc6aa000 rw-p 00000000 00:00 0 
7f3bbc6aa000-7f3bbc6ae000 r--s 00059000 00:13 118104776                  /opt/icedtea-bin-3.14.0/jre/lib/jsse.jar (deleted)
7f3bbc6ae000-7f3bbc6c3000 r--s 00000000 00:13 143157173                  /var/cache/fontconfig/af36c546-5c1c-41f1-a146-aed8467fa49d-le64.cache-7
7f3bbc6c3000-7f3bbc6cf000 r--s 00000000 00:13 143157171                  /var/cache/fontconfig/a1ed53c8-e454-4fb6-a283-e6d319ce4b62-le64.cache-7
7f3bbc6cf000-7f3bbc6d5000 r--s 00000000 00:13 143157169                  /var/cache/fontconfig/af94f7a9-18f2-4a40-940f-faeaebb158e0-le64.cache-7
7f3bbc6d5000-7f3bbc6dd000 r--s 00000000 00:13 143157167                  /var/cache/fontconfig/9d8e7a22-ea14-4e81-981d-3f7ecadff48f-le64.cache-7
7f3bbc6dd000-7f3bbc6e2000 r--s 00000000 00:13 143157165                  /var/cache/fontconfig/d28dd01b-b6dd-4820-8797-722b9fb9750f-le64.cache-7
7f3bbc6e2000-7f3bbc6e5000 r--s 00000000 00:13 143157163                  /var/cache/fontconfig/e108169e-4a09-4a79-ab2a-e1c53d9ad263-le64.cache-7
7f3bbc6e5000-7f3bbc6e7000 r--s 00000000 00:13 143157161                  /var/cache/fontconfig/28815ec5-6ff2-4bd6-ad2f-d69e6276fd80-le64.cache-7
7f3bbc6e7000-7f3bbc6eb000 r--s 00000000 00:13 143157159                  /var/cache/fontconfig/d50fee3d-ebd8-4d9e-8df9-4f1736fd4129-le64.cache-7
7f3bbc6eb000-7f3bbc9d5000 r--s 00000000 00:13 143157157                  /var/cache/fontconfig/287d9664-6f5d-488d-b940-ea3a4178dcf1-le64.cache-7
7f3bbc9d5000-7f3bbcd89000 r--s 00000000 00:13 143157155                  /var/cache/fontconfig/b7b6aec5-d2f2-407a-98b7-e4be7a8b4d77-le64.cache-7
7f3bbcd89000-7f3bbcd8b000 r--s 00000000 00:13 143157153                  /var/cache/fontconfig/ad081d65-2157-4c60-8464-ac0dbece26f9-le64.cache-7
7f3bbcd8b000-7f3bbcdad000 r--s 00000000 00:13 143157151                  /var/cache/fontconfig/c1a69e60-6b58-4cf8-ae57-bbecc0d4c2cd-le64.cache-7
7f3bbcdad000-7f3bbcdb1000 r--s 00000000 00:13 143157149                  /var/cache/fontconfig/0cc5ba6b-213d-4758-a2d7-c59831f481da-le64.cache-7
7f3bbcdb1000-7f3bbcdb6000 r--s 00000000 00:13 143157145                  /var/cache/fontconfig/408fb765-f964-4e2e-bbda-e4bf8d413414-le64.cache-7
7f3bbcdb6000-7f3bbcdc3000 r--s 00000000 00:13 143157141                  /var/cache/fontconfig/bf57e666-bb53-49b8-98c6-fe50f5f6308a-le64.cache-7
7f3bbcdc3000-7f3bbcdc6000 r--s 00000000 00:13 143157139                  /var/cache/fontconfig/b3a5a3f7-9041-466a-a459-112dac7f3940-le64.cache-7
7f3bbcdc6000-7f3bbcdd3000 r--s 00000000 00:13 143157137                  /var/cache/fontconfig/94ee1d25-da4a-46af-bb22-0c3a6455e279-le64.cache-7
7f3bbcdd3000-7f3bbcdef000 r--s 00000000 00:13 143157129                  /var/cache/fontconfig/f7c44856-d4cc-40ce-b9b8-e6d2e8a837d8-le64.cache-7
7f3bbcdef000-7f3bbcdfb000 r--s 00000000 00:13 143157127                  /var/cache/fontconfig/8cbb2b80-f067-483d-a375-b60541b7bcde-le64.cache-7
7f3bbcdfb000-7f3bbce00000 r--s 00000000 00:13 143157123                  /var/cache/fontconfig/09ee9e5b-dbf1-4df1-994d-bd23e1735daf-le64.cache-7
7f3bbce00000-7f3bbce0c000 r--s 00000000 00:13 143157121                  /var/cache/fontconfig/c5b3fe61-649e-4d94-a8e1-296d43643020-le64.cache-7
7f3bbce0c000-7f3bbce8c000 r--s 00000000 00:13 143157099                  /var/cache/fontconfig/0c6439b1-150b-4b09-8cf0-95d516063542-le64.cache-7
7f3bbce8c000-7f3bbce8f000 ---p 00000000 00:00 0 
7f3bbce8f000-7f3bbcf8d000 rw-p 00000000 00:00 0 
7f3bbcf8d000-7f3bbcf8f000 r--p 00000000 00:13 86765943                   /usr/lib64/libXfixes.so.3.1.0
7f3bbcf8f000-7f3bbcf92000 r-xp 00002000 00:13 86765943                   /usr/lib64/libXfixes.so.3.1.0
7f3bbcf92000-7f3bbcf93000 r--p 00005000 00:13 86765943                   /usr/lib64/libXfixes.so.3.1.0
7f3bbcf93000-7f3bbcf94000 r--p 00005000 00:13 86765943                   /usr/lib64/libXfixes.so.3.1.0
7f3bbcf94000-7f3bbcf95000 rw-p 00006000 00:13 86765943                   /usr/lib64/libXfixes.so.3.1.0
7f3bbcf95000-7f3bbcf98000 ---p 00000000 00:00 0 
7f3bbcf98000-7f3bbd096000 rw-p 00000000 00:00 0 
7f3bbd096000-7f3bbd098000 r--p 00000000 00:13 92084962                   /lib64/libpcre.so.1.2.10
7f3bbd098000-7f3bbd0e9000 r-xp 00002000 00:13 92084962                   /lib64/libpcre.so.1.2.10
7f3bbd0e9000-7f3bbd107000 r--p 00053000 00:13 92084962                   /lib64/libpcre.so.1.2.10
7f3bbd107000-7f3bbd108000 r--p 00070000 00:13 92084962                   /lib64/libpcre.so.1.2.10
7f3bbd108000-7f3bbd109000 rw-p 00071000 00:13 92084962                   /lib64/libpcre.so.1.2.10
7f3bbd109000-7f3bbd10c000 r--p 00000000 00:13 121164342                  /usr/lib64/libgraphite2.so.3.2.1
7f3bbd10c000-7f3bbd126000 r-xp 00003000 00:13 121164342                  /usr/lib64/libgraphite2.so.3.2.1
7f3bbd126000-7f3bbd12b000 r--p 0001d000 00:13 121164342                  /usr/lib64/libgraphite2.so.3.2.1
7f3bbd12b000-7f3bbd12d000 r--p 00021000 00:13 121164342                  /usr/lib64/libgraphite2.so.3.2.1
7f3bbd12d000-7f3bbd12e000 rw-p 00023000 00:13 121164342                  /usr/lib64/libgraphite2.so.3.2.1
7f3bbd12e000-7f3bbd149000 r--p 00000000 00:13 124339746                  /usr/lib64/libglib-2.0.so.0.6000.7
7f3bbd149000-7f3bbd1c9000 r-xp 0001b000 00:13 124339746                  /usr/lib64/libglib-2.0.so.0.6000.7
7f3bbd1c9000-7f3bbd24c000 r--p 0009b000 00:13 124339746                  /usr/lib64/libglib-2.0.so.0.6000.7
7f3bbd24c000-7f3bbd24d000 r--p 0011d000 00:13 124339746                  /usr/lib64/libglib-2.0.so.0.6000.7
7f3bbd24d000-7f3bbd24e000 rw-p 0011e000 00:13 124339746                  /usr/lib64/libglib-2.0.so.0.6000.7
7f3bbd24e000-7f3bbd24f000 rw-p 00000000 00:00 0 
7f3bbd24f000-7f3bbd253000 r--p 00000000 00:13 97176888                   /usr/lib64/libexpat.so.1.6.10
7f3bbd253000-7f3bbd274000 r-xp 00004000 00:13 97176888                   /usr/lib64/libexpat.so.1.6.10
7f3bbd274000-7f3bbd288000 r--p 00025000 00:13 97176888                   /usr/lib64/libexpat.so.1.6.10
7f3bbd288000-7f3bbd289000 ---p 00039000 00:13 97176888                   /usr/lib64/libexpat.so.1.6.10
7f3bbd289000-7f3bbd28b000 r--p 00039000 00:13 97176888                   /usr/lib64/libexpat.so.1.6.10
7f3bbd28b000-7f3bbd28c000 rw-p 0003b000 00:13 97176888                   /usr/lib64/libexpat.so.1.6.10
7f3bbd28c000-7f3bbd296000 r--p 00000000 00:13 116434834                  /usr/lib64/libharfbuzz.so.0.20600.4
7f3bbd296000-7f3bbd35c000 r-xp 0000a000 00:13 116434834                  /usr/lib64/libharfbuzz.so.0.20600.4
7f3bbd35c000-7f3bbd38e000 r--p 000d0000 00:13 116434834                  /usr/lib64/libharfbuzz.so.0.20600.4
7f3bbd38e000-7f3bbd38f000 r--p 00101000 00:13 116434834                  /usr/lib64/libharfbuzz.so.0.20600.4
7f3bbd38f000-7f3bbd390000 rw-p 00102000 00:13 116434834                  /usr/lib64/libharfbuzz.so.0.20600.4
7f3bbd390000-7f3bbd391000 rw-p 00000000 00:00 0 
7f3bbd391000-7f3bbd397000 r--p 00000000 00:13 86739463                   /usr/lib64/libpng16.so.16.37.0
7f3bbd397000-7f3bbd3bc000 r-xp 00006000 00:13 86739463                   /usr/lib64/libpng16.so.16.37.0
7f3bbd3bc000-7f3bbd3c8000 r--p 0002b000 00:13 86739463                   /usr/lib64/libpng16.so.16.37.0
7f3bbd3c8000-7f3bbd3c9000 r--p 00036000 00:13 86739463                   /usr/lib64/libpng16.so.16.37.0
7f3bbd3c9000-7f3bbd3ca000 rw-p 00037000 00:13 86739463                   /usr/lib64/libpng16.so.16.37.0
7f3bbd3ca000-7f3bbd3d1000 r--p 00000000 00:13 86778740                   /usr/lib64/libfontconfig.so.1.11.1
7f3bbd3d1000-7f3bbd3f4000 r-xp 00007000 00:13 86778740                   /usr/lib64/libfontconfig.so.1.11.1
7f3bbd3f4000-7f3bbd40b000 r--p 0002a000 00:13 86778740                   /usr/lib64/libfontconfig.so.1.11.1
7f3bbd40b000-7f3bbd40c000 ---p 00041000 00:13 86778740                   /usr/lib64/libfontconfig.so.1.11.1
7f3bbd40c000-7f3bbd40e000 r--p 00041000 00:13 86778740                   /usr/lib64/libfontconfig.so.1.11.1
7f3bbd40e000-7f3bbd40f000 rw-p 00043000 00:13 86778740                   /usr/lib64/libfontconfig.so.1.11.1
7f3bbd40f000-7f3bbd41c000 r--p 00000000 00:13 86778535                   /usr/lib64/libfreetype.so.6.16.1
7f3bbd41c000-7f3bbd49a000 r-xp 0000d000 00:13 86778535                   /usr/lib64/libfreetype.so.6.16.1
7f3bbd49a000-7f3bbd4c4000 r--p 0008b000 00:13 86778535                   /usr/lib64/libfreetype.so.6.16.1
7f3bbd4c4000-7f3bbd4cb000 r--p 000b4000 00:13 86778535                   /usr/lib64/libfreetype.so.6.16.1
7f3bbd4cb000-7f3bbd4cc000 rw-p 000bb000 00:13 86778535                   /usr/lib64/libfreetype.so.6.16.1
7f3bbd4cc000-7f3bbd4cf000 r--s 00000000 00:13 143157119                  /var/cache/fontconfig/c8f673d7-ba61-41d4-a4bb-7c9d33ad4c9e-le64.cache-7
7f3bbd4cf000-7f3bbd4d7000 r--s 00000000 00:13 143157117                  /var/cache/fontconfig/1f177bc4-b1db-4eed-9fd7-9e0a7324f1d8-le64.cache-7
7f3bbd4d7000-7f3bbd4da000 r--s 00000000 00:13 143157115                  /var/cache/fontconfig/44a72481-c8e2-4417-949f-02067910fe1b-le64.cache-7
7f3bbd4da000-7f3bbd4e0000 r--s 00000000 00:13 143157113                  /var/cache/fontconfig/7fae2a27-acf6-46eb-ab44-1bdeb67aad64-le64.cache-7
7f3bbd4e0000-7f3bbd4ec000 r--s 00000000 00:13 143157111                  /var/cache/fontconfig/4783f747-8b27-4ea1-9892-c2d762175051-le64.cache-7
7f3bbd4ec000-7f3bbd4f4000 r--s 00000000 00:13 143157109                  /var/cache/fontconfig/3af0ef5a-7b7b-4a42-b524-4fdbd80f339a-le64.cache-7
7f3bbd4f4000-7f3bbd4f9000 r--s 00000000 00:13 143157107                  /var/cache/fontconfig/b2269786-0c13-4624-a55f-dd01db5ff397-le64.cache-7
7f3bbd4f9000-7f3bbd537000 r--s 00000000 00:13 143157101                  /var/cache/fontconfig/0497d38e-2d99-48fb-bde5-eb81019ece47-le64.cache-7
7f3bbd537000-7f3bbd53e000 r--p 00000000 00:13 118104820                  /opt/icedtea-bin-3.14.0/jre/lib/amd64/libfontmanager.so (deleted)
7f3bbd53e000-7f3bbd56c000 r-xp 00007000 00:13 118104820                  /opt/icedtea-bin-3.14.0/jre/lib/amd64/libfontmanager.so (deleted)
7f3bbd56c000-7f3bbd588000 r--p 00035000 00:13 118104820                  /opt/icedtea-bin-3.14.0/jre/lib/amd64/libfontmanager.so (deleted)
7f3bbd588000-7f3bbd589000 ---p 00051000 00:13 118104820                  /opt/icedtea-bin-3.14.0/jre/lib/amd64/libfontmanager.so (deleted)
7f3bbd589000-7f3bbd58b000 r--p 00051000 00:13 118104820                  /opt/icedtea-bin-3.14.0/jre/lib/amd64/libfontmanager.so (deleted)
7f3bbd58b000-7f3bbd58c000 rw-p 00053000 00:13 118104820                  /opt/icedtea-bin-3.14.0/jre/lib/amd64/libfontmanager.so (deleted)
7f3bbd58c000-7f3bbd590000 r--p 00000000 00:13 112304023                  /usr/lib64/libbsd.so.0.10.0
7f3bbd590000-7f3bbd59f000 r-xp 00004000 00:13 112304023                  /usr/lib64/libbsd.so.0.10.0
7f3bbd59f000-7f3bbd5a2000 r--p 00013000 00:13 112304023                  /usr/lib64/libbsd.so.0.10.0
7f3bbd5a2000-7f3bbd5a3000 ---p 00016000 00:13 112304023                  /usr/lib64/libbsd.so.0.10.0
7f3bbd5a3000-7f3bbd5a4000 r--p 00016000 00:13 112304023                  /usr/lib64/libbsd.so.0.10.0
7f3bbd5a4000-7f3bbd5a5000 rw-p 00017000 00:13 112304023                  /usr/lib64/libbsd.so.0.10.0
7f3bbd5a5000-7f3bbd5a6000 rw-p 00000000 00:00 0 
7f3bbd5a6000-7f3bbd5a8000 r--p 00000000 00:13 86738602                   /usr/lib64/libXdmcp.so.6.0.0
7f3bbd5a8000-7f3bbd5aa000 r-xp 00002000 00:13 86738602                   /usr/lib64/libXdmcp.so.6.0.0
7f3bbd5aa000-7f3bbd5ac000 r--p 00004000 00:13 86738602                   /usr/lib64/libXdmcp.so.6.0.0
7f3bbd5ac000-7f3bbd5ad000 r--p 00005000 00:13 86738602                   /usr/lib64/libXdmcp.so.6.0.0
7f3bbd5ad000-7f3bbd5ae000 rw-p 00006000 00:13 86738602                   /usr/lib64/libXdmcp.so.6.0.0
7f3bbd5ae000-7f3bbd5af000 r--p 00000000 00:13 86738521                   /usr/lib64/libXau.so.6.0.0
7f3bbd5af000-7f3bbd5b0000 r-xp 00001000 00:13 86738521                   /usr/lib64/libXau.so.6.0.0
7f3bbd5b0000-7f3bbd5b1000 r--p 00002000 00:13 86738521                   /usr/lib64/libXau.so.6.0.0
7f3bbd5b1000-7f3bbd5b2000 r--p 00002000 00:13 86738521                   /usr/lib64/libXau.so.6.0.0
7f3bbd5b2000-7f3bbd5b3000 rw-p 00003000 00:13 86738521                   /usr/lib64/libXau.so.6.0.0
7f3bbd5b3000-7f3bbd5bf000 r--p 00000000 00:13 86762118                   /usr/lib64/libxcb.so.1.1.0
7f3bbd5bf000-7f3bbd5d3000 r-xp 0000c000 00:13 86762118                   /usr/lib64/libxcb.so.1.1.0
7f3bbd5d3000-7f3bbd5dc000 r--p 00020000 00:13 86762118                   /usr/lib64/libxcb.so.1.1.0
7f3bbd5dc000-7f3bbd5dd000 r--p 00028000 00:13 86762118                   /usr/lib64/libxcb.so.1.1.0
7f3bbd5dd000-7f3bbd5de000 rw-p 00029000 00:13 86762118                   /usr/lib64/libxcb.so.1.1.0
7f3bbd5de000-7f3bbd5e0000 r--p 00000000 00:13 91940288                   /usr/lib64/libXi.so.6.1.0
7f3bbd5e0000-7f3bbd5eb000 r-xp 00002000 00:13 91940288                   /usr/lib64/libXi.so.6.1.0
7f3bbd5eb000-7f3bbd5ee000 r--p 0000d000 00:13 91940288                   /usr/lib64/libXi.so.6.1.0
7f3bbd5ee000-7f3bbd5ef000 r--p 0000f000 00:13 91940288                   /usr/lib64/libXi.so.6.1.0
7f3bbd5ef000-7f3bbd5f0000 rw-p 00010000 00:13 91940288                   /usr/lib64/libXi.so.6.1.0
7f3bbd5f0000-7f3bbd60c000 r--p 00000000 00:13 112193933                  /usr/lib64/libX11.so.6.3.0
7f3bbd60c000-7f3bbd698000 r-xp 0001c000 00:13 112193933                  /usr/lib64/libX11.so.6.3.0
7f3bbd698000-7f3bbd72c000 r--p 000a8000 00:13 112193933                  /usr/lib64/libX11.so.6.3.0
7f3bbd72c000-7f3bbd72d000 ---p 0013c000 00:13 112193933                  /usr/lib64/libX11.so.6.3.0
7f3bbd72d000-7f3bbd72e000 r--p 0013c000 00:13 112193933                  /usr/lib64/libX11.so.6.3.0
7f3bbd72e000-7f3bbd733000 rw-p 0013d000 00:13 112193933                  /usr/lib64/libX11.so.6.3.0
7f3bbd733000-7f3bbd737000 r--p 00000000 00:13 86765860                   /usr/lib64/libXext.so.6.4.0
7f3bbd737000-7f3bbd742000 r-xp 00004000 00:13 86765860                   /usr/lib64/libXext.so.6.4.0
7f3bbd742000-7f3bbd746000 r--p 0000f000 00:13 86765860                   /usr/lib64/libXext.so.6.4.0
7f3bbd746000-7f3bbd747000 r--p 00012000 00:13 86765860                   /usr/lib64/libXext.so.6.4.0
7f3bbd747000-7f3bbd748000 rw-p 00013000 00:13 86765860                   /usr/lib64/libXext.so.6.4.0
7f3bbd748000-7f3bbef49000 rw-p 00000000 00:00 0 
7f3bbef49000-7f3bbef4a000 ---p 00000000 00:00 0 
7f3bbef4a000-7f3bbf04a000 rw-p 00000000 00:00 0 
7f3bbf04a000-7f3bbf04d000 ---p 00000000 00:00 0 
7f3bbf04d000-7f3bbf14b000 rw-p 00000000 00:00 0 
7f3bbf14b000-7f3bbf14c000 ---p 00000000 00:00 0 
7f3bbf14c000-7f3bbf14f000 ---p 00000000 00:00 0 
7f3bbf14f000-7f3bbf24c000 rw-p 00000000 00:00 0 
7f3bbf24c000-7f3bbf24d000 ---p 00000000 00:00 0 
7f3bbf24d000-7f3bbf250000 ---p 00000000 00:00 0 
7f3bbf250000-7f3bbf34d000 rw-p 00000000 00:00 0 
7f3bbf34d000-7f3bbf34e000 ---p 00000000 00:00 0 
7f3bbf34e000-7f3bbf351000 ---p 00000000 00:00 0 
7f3bbf351000-7f3bbf44e000 rw-p 00000000 00:00 0 
7f3bbf44e000-7f3bbf451000 ---p 00000000 00:00 0 
7f3bbf451000-7f3bbf54f000 rw-p 00000000 00:00 0 
7f3bbf54f000-7f3bbf9fa000 r--p 00000000 00:13 115564439                  /usr/lib64/locale/locale-archive
7f3bbf9fa000-7f3bbf9fd000 ---p 00000000 00:00 0 
7f3bbf9fd000-7f3bbfafb000 rw-p 00000000 00:00 0 
7f3bbfafb000-7f3bbfafe000 ---p 00000000 00:00 0 
7f3bbfafe000-7f3bbfbfc000 rw-p 00000000 00:00 0 
7f3bbfbfc000-7f3bbfbfd000 ---p 00000000 00:00 0 
7f3bbfbfd000-7f3bc0000000 rw-p 00000000 00:00 0 
7f3bc0000000-7f3bc0021000 rw-p 00000000 00:00 0 
7f3bc0021000-7f3bc4000000 ---p 00000000 00:00 0 
7f3bc4000000-7f3bc4002000 r--s 00000000 00:13 143157143                  /var/cache/fontconfig/3b1a9ecb-5406-4d9b-af49-042da322f920-le64.cache-7
7f3bc4002000-7f3bc4005000 r--p 00000000 00:13 86766363                   /usr/lib64/libXcursor.so.1.0.2
7f3bc4005000-7f3bc400a000 r-xp 00003000 00:13 86766363                   /usr/lib64/libXcursor.so.1.0.2
7f3bc400a000-7f3bc400c000 r--p 00008000 00:13 86766363                   /usr/lib64/libXcursor.so.1.0.2
7f3bc400c000-7f3bc400d000 r--p 00009000 00:13 86766363                   /usr/lib64/libXcursor.so.1.0.2
7f3bc400d000-7f3bc400e000 rw-p 0000a000 00:13 86766363                   /usr/lib64/libXcursor.so.1.0.2
7f3bc400e000-7f3bc4010000 r--p 00000000 00:13 133401966                  /lib64/libuuid.so.1.3.0
7f3bc4010000-7f3bc4015000 r-xp 00002000 00:13 133401966                  /lib64/libuuid.so.1.3.0
7f3bc4015000-7f3bc4016000 r--p 00007000 00:13 133401966                  /lib64/libuuid.so.1.3.0
7f3bc4016000-7f3bc4017000 r--p 00007000 00:13 133401966                  /lib64/libuuid.so.1.3.0
7f3bc4017000-7f3bc4018000 rw-p 00008000 00:13 133401966                  /lib64/libuuid.so.1.3.0
7f3bc4018000-7f3bc401a000 r--p 00000000 00:13 92034209                   /lib64/libbz2.so.1.0.6
7f3bc401a000-7f3bc4027000 r-xp 00002000 00:13 92034209                   /lib64/libbz2.so.1.0.6
7f3bc4027000-7f3bc4029000 r--p 0000f000 00:13 92034209                   /lib64/libbz2.so.1.0.6
7f3bc4029000-7f3bc402a000 r--p 00010000 00:13 92034209                   /lib64/libbz2.so.1.0.6
7f3bc402a000-7f3bc402b000 rw-p 00011000 00:13 92034209                   /lib64/libbz2.so.1.0.6
7f3bc402b000-7f3bc403e000 r--s 00102000 00:13 118104772                  /opt/icedtea-bin-3.14.0/jre/lib/resources.jar (deleted)
7f3bc403e000-7f3bc4045000 r--s 00000000 00:13 115564410                  /usr/lib64/gconv/gconv-modules.cache
7f3bc4045000-7f3bc406c000 r--p 00000000 00:13 115563057                  /usr/share/locale/de/LC_MESSAGES/libc.mo
7f3bc406c000-7f3bc407b000 r--p 00000000 00:13 118104812                  /opt/icedtea-bin-3.14.0/jre/lib/amd64/libawt_xawt.so (deleted)
7f3bc407b000-7f3bc40b5000 r-xp 0000f000 00:13 118104812                  /opt/icedtea-bin-3.14.0/jre/lib/amd64/libawt_xawt.so (deleted)
7f3bc40b5000-7f3bc40c6000 r--p 00049000 00:13 118104812                  /opt/icedtea-bin-3.14.0/jre/lib/amd64/libawt_xawt.so (deleted)
7f3bc40c6000-7f3bc40c7000 r--p 00059000 00:13 118104812                  /opt/icedtea-bin-3.14.0/jre/lib/amd64/libawt_xawt.so (deleted)
7f3bc40c7000-7f3bc40ca000 rw-p 0005a000 00:13 118104812                  /opt/icedtea-bin-3.14.0/jre/lib/amd64/libawt_xawt.so (deleted)
7f3bc40ca000-7f3bd0000000 rw-p 00000000 00:00 0 
7f3bd0000000-7f3bd0021000 rw-p 00000000 00:00 0 
7f3bd0021000-7f3bd4000000 ---p 00000000 00:00 0 
7f3bd4000000-7f3bd4002000 r--s 00000000 00:13 143157135                  /var/cache/fontconfig/76f8f982-8fd2-4cf6-b704-a1dfe3220bad-le64.cache-7
7f3bd4002000-7f3bd4004000 r--p 00000000 00:13 86766748                   /usr/lib64/libXtst.so.6.1.0
7f3bd4004000-7f3bd4007000 r-xp 00002000 00:13 86766748                   /usr/lib64/libXtst.so.6.1.0
7f3bd4007000-7f3bd4008000 r--p 00005000 00:13 86766748                   /usr/lib64/libXtst.so.6.1.0
7f3bd4008000-7f3bd4009000 r--p 00005000 00:13 86766748                   /usr/lib64/libXtst.so.6.1.0
7f3bd4009000-7f3bd400a000 rw-p 00006000 00:13 86766748                   /usr/lib64/libXtst.so.6.1.0
7f3bd400a000-7f3bd400b000 r--p 00000000 00:13 86766225                   /usr/lib64/libXcomposite.so.1.0.0
7f3bd400b000-7f3bd400c000 r-xp 00001000 00:13 86766225                   /usr/lib64/libXcomposite.so.1.0.0
7f3bd400c000-7f3bd400d000 r--p 00002000 00:13 86766225                   /usr/lib64/libXcomposite.so.1.0.0
7f3bd400d000-7f3bd400e000 r--p 00002000 00:13 86766225                   /usr/lib64/libXcomposite.so.1.0.0
7f3bd400e000-7f3bd400f000 rw-p 00003000 00:13 86766225                   /usr/lib64/libXcomposite.so.1.0.0
7f3bd400f000-7f3bd403a000 r--p 00000000 00:13 118104801                  /opt/icedtea-bin-3.14.0/jre/lib/amd64/libawt.so (deleted)
7f3bd403a000-7f3bd40a2000 r-xp 0002b000 00:13 118104801                  /opt/icedtea-bin-3.14.0/jre/lib/amd64/libawt.so (deleted)
7f3bd40a2000-7f3bd40ae000 r--p 00093000 00:13 118104801                  /opt/icedtea-bin-3.14.0/jre/lib/amd64/libawt.so (deleted)
7f3bd40ae000-7f3bd40af000 ---p 0009f000 00:13 118104801                  /opt/icedtea-bin-3.14.0/jre/lib/amd64/libawt.so (deleted)
7f3bd40af000-7f3bd40b0000 r--p 0009f000 00:13 118104801                  /opt/icedtea-bin-3.14.0/jre/lib/amd64/libawt.so (deleted)
7f3bd40b0000-7f3bd40bb000 rw-p 000a0000 00:13 118104801                  /opt/icedtea-bin-3.14.0/jre/lib/amd64/libawt.so (deleted)
7f3bd40bb000-7f3bd40e0000 rw-p 00000000 00:00 0 
7f3bd40e0000-7f3bd40e4000 r--p 00000000 00:13 118104783                  /opt/icedtea-bin-3.14.0/jre/lib/amd64/libnet.so (deleted)
7f3bd40e4000-7f3bd40f3000 r-xp 00004000 00:13 118104783                  /opt/icedtea-bin-3.14.0/jre/lib/amd64/libnet.so (deleted)
7f3bd40f3000-7f3bd40f7000 r--p 00013000 00:13 118104783                  /opt/icedtea-bin-3.14.0/jre/lib/amd64/libnet.so (deleted)
7f3bd40f7000-7f3bd40f8000 r--p 00016000 00:13 118104783                  /opt/icedtea-bin-3.14.0/jre/lib/amd64/libnet.so (deleted)
7f3bd40f8000-7f3bd40f9000 rw-p 00017000 00:13 118104783                  /opt/icedtea-bin-3.14.0/jre/lib/amd64/libnet.so (deleted)
7f3bd40f9000-7f3bd5000000 rw-p 00000000 00:00 0 
7f3bd5000000-7f3bd5420000 rwxp 00000000 00:00 0 
7f3bd5420000-7f3be4000000 ---p 00000000 00:00 0 
7f3be4000000-7f3be448f000 rw-p 00000000 00:00 0 
7f3be448f000-7f3be8000000 ---p 00000000 00:00 0 
7f3be8000000-7f3be8001000 r--s 00000000 00:13 143157179                  /var/cache/fontconfig/62331ab5-ee04-4937-adb3-ca3658adc169-le64.cache-7
7f3be8001000-7f3be8003000 r--p 00000000 00:13 86766012                   /usr/lib64/libXrender.so.1.3.0
7f3be8003000-7f3be800a000 r-xp 00002000 00:13 86766012                   /usr/lib64/libXrender.so.1.3.0
7f3be800a000-7f3be800c000 r--p 00009000 00:13 86766012                   /usr/lib64/libXrender.so.1.3.0
7f3be800c000-7f3be800d000 r--p 0000a000 00:13 86766012                   /usr/lib64/libXrender.so.1.3.0
7f3be800d000-7f3be800e000 rw-p 0000b000 00:13 86766012                   /usr/lib64/libXrender.so.1.3.0
7f3be800e000-7f3be8014000 r--p 00000000 00:13 118104795                  /opt/icedtea-bin-3.14.0/jre/lib/amd64/libnio.so (deleted)
7f3be8014000-7f3be801c000 r-xp 00006000 00:13 118104795                  /opt/icedtea-bin-3.14.0/jre/lib/amd64/libnio.so (deleted)
7f3be801c000-7f3be801f000 r--p 0000e000 00:13 118104795                  /opt/icedtea-bin-3.14.0/jre/lib/amd64/libnio.so (deleted)
7f3be801f000-7f3be8020000 r--p 00010000 00:13 118104795                  /opt/icedtea-bin-3.14.0/jre/lib/amd64/libnio.so (deleted)
7f3be8020000-7f3be8021000 rw-p 00011000 00:13 118104795                  /opt/icedtea-bin-3.14.0/jre/lib/amd64/libnio.so (deleted)
7f3be8021000-7f3be8022000 r--s 001a6000 00:28 177191                     /home/alex/onlinePusher.jar
7f3be8022000-7f3be8171000 rw-p 00000000 00:00 0 
7f3be8171000-7f3be8341000 r--s 01f6a000 00:13 118104769                  /opt/icedtea-bin-3.14.0/jre/lib/rt.jar (deleted)
7f3be8341000-7f3be903a000 rw-p 00000000 00:00 0 
7f3be903a000-7f3be903b000 ---p 00000000 00:00 0 
7f3be903b000-7f3be913b000 rw-p 00000000 00:00 0 
7f3be913b000-7f3be913c000 ---p 00000000 00:00 0 
7f3be913c000-7f3be923c000 rw-p 00000000 00:00 0 
7f3be923c000-7f3be923d000 ---p 00000000 00:00 0 
7f3be923d000-7f3be933d000 rw-p 00000000 00:00 0 
7f3be933d000-7f3be933e000 ---p 00000000 00:00 0 
7f3be933e000-7f3be94bc000 rw-p 00000000 00:00 0 
7f3be94bc000-7f3be9c0b000 ---p 00000000 00:00 0 
7f3be9c0b000-7f3be9c89000 rw-p 00000000 00:00 0 
7f3be9c89000-7f3bea3d7000 ---p 00000000 00:00 0 
7f3bea3d7000-7f3bea417000 rw-p 00000000 00:00 0 
7f3bea417000-7f3bea7be000 ---p 00000000 00:00 0 
7f3bea7be000-7f3bea7d0000 rw-p 00000000 00:00 0 
7f3bea7d0000-7f3beab7f000 ---p 00000000 00:00 0 
7f3beab7f000-7f3beab81000 r--p 00000000 00:13 115562643                  /lib64/librt-2.29.so
7f3beab81000-7f3beab85000 r-xp 00002000 00:13 115562643                  /lib64/librt-2.29.so
7f3beab85000-7f3beab87000 r--p 00006000 00:13 115562643                  /lib64/librt-2.29.so
7f3beab87000-7f3beab88000 r--p 00007000 00:13 115562643                  /lib64/librt-2.29.so
7f3beab88000-7f3beab89000 rw-p 00008000 00:13 115562643                  /lib64/librt-2.29.so
7f3beab89000-7f3beab8a000 ---p 00000000 00:00 0 
7f3beab8a000-7f3beab8d000 ---p 00000000 00:00 0 
7f3beab8d000-7f3beac8a000 rw-p 00000000 00:00 0 
7f3beac8a000-7f3beac8d000 r--p 00000000 00:13 111242592                  /usr/lib/gcc/x86_64-pc-linux-gnu/9.2.0/libgcc_s.so.1
7f3beac8d000-7f3beac9e000 r-xp 00003000 00:13 111242592                  /usr/lib/gcc/x86_64-pc-linux-gnu/9.2.0/libgcc_s.so.1
7f3beac9e000-7f3beaca2000 r--p 00014000 00:13 111242592                  /usr/lib/gcc/x86_64-pc-linux-gnu/9.2.0/libgcc_s.so.1
7f3beaca2000-7f3beaca3000 r--p 00017000 00:13 111242592                  /usr/lib/gcc/x86_64-pc-linux-gnu/9.2.0/libgcc_s.so.1
7f3beaca3000-7f3beaca4000 rw-p 00018000 00:13 111242592                  /usr/lib/gcc/x86_64-pc-linux-gnu/9.2.0/libgcc_s.so.1
7f3beaca4000-7f3beacb1000 r--p 00000000 00:13 115562646                  /lib64/libm-2.29.so
7f3beacb1000-7f3bead48000 r-xp 0000d000 00:13 115562646                  /lib64/libm-2.29.so
7f3bead48000-7f3beade0000 r--p 000a4000 00:13 115562646                  /lib64/libm-2.29.so
7f3beade0000-7f3beade1000 r--p 0013b000 00:13 115562646                  /lib64/libm-2.29.so
7f3beade1000-7f3beade2000 rw-p 0013c000 00:13 115562646                  /lib64/libm-2.29.so
7f3beade2000-7f3beae7e000 r--p 00000000 00:13 111242575                  /usr/lib/gcc/x86_64-pc-linux-gnu/9.2.0/libstdc++.so.6.0.27
7f3beae7e000-7f3beaf9d000 r-xp 0009c000 00:13 111242575                  /usr/lib/gcc/x86_64-pc-linux-gnu/9.2.0/libstdc++.so.6.0.27
7f3beaf9d000-7f3beb042000 r--p 001bb000 00:13 111242575                  /usr/lib/gcc/x86_64-pc-linux-gnu/9.2.0/libstdc++.so.6.0.27
7f3beb042000-7f3beb04f000 r--p 0025f000 00:13 111242575                  /usr/lib/gcc/x86_64-pc-linux-gnu/9.2.0/libstdc++.so.6.0.27
7f3beb04f000-7f3beb054000 rw-p 0026c000 00:13 111242575                  /usr/lib/gcc/x86_64-pc-linux-gnu/9.2.0/libstdc++.so.6.0.27
7f3beb054000-7f3beb057000 rw-p 00000000 00:00 0 
7f3beb057000-7f3beb246000 r--p 00000000 00:13 118104791                  /opt/icedtea-bin-3.14.0/jre/lib/amd64/server/libjvm.so (deleted)
7f3beb246000-7f3beba0a000 r-xp 001ef000 00:13 118104791                  /opt/icedtea-bin-3.14.0/jre/lib/amd64/server/libjvm.so (deleted)
7f3beba0a000-7f3bebba3000 r--p 009b3000 00:13 118104791                  /opt/icedtea-bin-3.14.0/jre/lib/amd64/server/libjvm.so (deleted)
7f3bebba3000-7f3bebba4000 ---p 00b4c000 00:13 118104791                  /opt/icedtea-bin-3.14.0/jre/lib/amd64/server/libjvm.so (deleted)
7f3bebba4000-7f3bebc38000 r--p 00b4c000 00:13 118104791                  /opt/icedtea-bin-3.14.0/jre/lib/amd64/server/libjvm.so (deleted)
7f3bebc38000-7f3bebc61000 rw-p 00be0000 00:13 118104791                  /opt/icedtea-bin-3.14.0/jre/lib/amd64/server/libjvm.so (deleted)
7f3bebc61000-7f3bebc93000 rw-p 00000000 00:00 0 
7f3bebc93000-7f3bebc99000 r--p 00000000 00:13 115562668                  /lib64/libpthread-2.29.so
7f3bebc99000-7f3bebcaa000 r-xp 00006000 00:13 115562668                  /lib64/libpthread-2.29.so
7f3bebcaa000-7f3bebcaf000 r--p 00017000 00:13 115562668                  /lib64/libpthread-2.29.so
7f3bebcaf000-7f3bebcb0000 r--p 0001b000 00:13 115562668                  /lib64/libpthread-2.29.so
7f3bebcb0000-7f3bebcb1000 rw-p 0001c000 00:13 115562668                  /lib64/libpthread-2.29.so
7f3bebcb1000-7f3bebcb5000 rw-p 00000000 00:00 0 
7f3bebcb5000-7f3bebcb6000 r--p 00000000 00:13 115562647                  /lib64/libdl-2.29.so
7f3bebcb6000-7f3bebcb8000 r-xp 00001000 00:13 115562647                  /lib64/libdl-2.29.so
7f3bebcb8000-7f3bebcb9000 r--p 00003000 00:13 115562647                  /lib64/libdl-2.29.so
7f3bebcb9000-7f3bebcba000 r--p 00003000 00:13 115562647                  /lib64/libdl-2.29.so
7f3bebcba000-7f3bebcbb000 rw-p 00004000 00:13 115562647                  /lib64/libdl-2.29.so
7f3bebcbb000-7f3bebcbe000 r--p 00000000 00:13 92034826                   /lib64/libz.so.1.2.11
7f3bebcbe000-7f3bebccc000 r-xp 00003000 00:13 92034826                   /lib64/libz.so.1.2.11
7f3bebccc000-7f3bebcd3000 r--p 00011000 00:13 92034826                   /lib64/libz.so.1.2.11
7f3bebcd3000-7f3bebcd4000 r--p 00017000 00:13 92034826                   /lib64/libz.so.1.2.11
7f3bebcd4000-7f3bebcd5000 rw-p 00018000 00:13 92034826                   /lib64/libz.so.1.2.11
7f3bebcd5000-7f3bebcf7000 r--p 00000000 00:13 115562628                  /lib64/libc-2.29.so
7f3bebcf7000-7f3bebe50000 r-xp 00022000 00:13 115562628                  /lib64/libc-2.29.so
7f3bebe50000-7f3bebe99000 r--p 0017b000 00:13 115562628                  /lib64/libc-2.29.so
7f3bebe99000-7f3bebe9a000 ---p 001c4000 00:13 115562628                  /lib64/libc-2.29.so
7f3bebe9a000-7f3bebe9e000 r--p 001c4000 00:13 115562628                  /lib64/libc-2.29.so
7f3bebe9e000-7f3bebea0000 rw-p 001c8000 00:13 115562628                  /lib64/libc-2.29.so
7f3bebea0000-7f3bebea4000 rw-p 00000000 00:00 0 
7f3bebea4000-7f3bebea7000 r--p 00000000 00:13 118104805                  /opt/icedtea-bin-3.14.0/jre/lib/amd64/libzip.so (deleted)
7f3bebea7000-7f3bebeab000 r-xp 00003000 00:13 118104805                  /opt/icedtea-bin-3.14.0/jre/lib/amd64/libzip.so (deleted)
7f3bebeab000-7f3bebead000 r--p 00007000 00:13 118104805                  /opt/icedtea-bin-3.14.0/jre/lib/amd64/libzip.so (deleted)
7f3bebead000-7f3bebeae000 r--p 00008000 00:13 118104805                  /opt/icedtea-bin-3.14.0/jre/lib/amd64/libzip.so (deleted)
7f3bebeae000-7f3bebeaf000 rw-p 00009000 00:13 118104805                  /opt/icedtea-bin-3.14.0/jre/lib/amd64/libzip.so (deleted)
7f3bebeaf000-7f3bebeb7000 rw-s 00000000 00:13 6121771                    /tmp/hsperfdata_alex/30445
7f3bebeb7000-7f3bebeba000 r--p 00000000 00:13 115562635                  /lib64/libnss_files-2.29.so
7f3bebeba000-7f3bebec1000 r-xp 00003000 00:13 115562635                  /lib64/libnss_files-2.29.so
7f3bebec1000-7f3bebec3000 r--p 0000a000 00:13 115562635                  /lib64/libnss_files-2.29.so
7f3bebec3000-7f3bebec4000 r--p 0000b000 00:13 115562635                  /lib64/libnss_files-2.29.so
7f3bebec4000-7f3bebec5000 rw-p 0000c000 00:13 115562635                  /lib64/libnss_files-2.29.so
7f3bebec5000-7f3bebec7000 r--p 00000000 00:13 115562633                  /lib64/libnss_db-2.29.so
7f3bebec7000-7f3bebecc000 r-xp 00002000 00:13 115562633                  /lib64/libnss_db-2.29.so
7f3bebecc000-7f3bebecd000 r--p 00007000 00:13 115562633                  /lib64/libnss_db-2.29.so
7f3bebecd000-7f3bebece000 r--p 00007000 00:13 115562633                  /lib64/libnss_db-2.29.so
7f3bebece000-7f3bebecf000 rw-p 00008000 00:13 115562633                  /lib64/libnss_db-2.29.so
7f3bebecf000-7f3bebed0000 rw-p 00000000 00:00 0 
7f3bebed0000-7f3bebed1000 r--p 00000000 00:00 0 
7f3bebed1000-7f3bebedd000 r--p 00000000 00:13 118104807                  /opt/icedtea-bin-3.14.0/jre/lib/amd64/libjava.so (deleted)
7f3bebedd000-7f3bebef4000 r-xp 0000c000 00:13 118104807                  /opt/icedtea-bin-3.14.0/jre/lib/amd64/libjava.so (deleted)
7f3bebef4000-7f3bebefb000 r--p 00023000 00:13 118104807                  /opt/icedtea-bin-3.14.0/jre/lib/amd64/libjava.so (deleted)
7f3bebefb000-7f3bebefc000 r--p 00029000 00:13 118104807                  /opt/icedtea-bin-3.14.0/jre/lib/amd64/libjava.so (deleted)
7f3bebefc000-7f3bebefe000 rw-p 0002a000 00:13 118104807                  /opt/icedtea-bin-3.14.0/jre/lib/amd64/libjava.so (deleted)
7f3bebefe000-7f3bebf02000 r--p 00000000 00:13 118104823                  /opt/icedtea-bin-3.14.0/jre/lib/amd64/libverify.so (deleted)
7f3bebf02000-7f3bebf09000 r-xp 00004000 00:13 118104823                  /opt/icedtea-bin-3.14.0/jre/lib/amd64/libverify.so (deleted)
7f3bebf09000-7f3bebf0b000 r--p 0000b000 00:13 118104823                  /opt/icedtea-bin-3.14.0/jre/lib/amd64/libverify.so (deleted)
7f3bebf0b000-7f3bebf0c000 ---p 0000d000 00:13 118104823                  /opt/icedtea-bin-3.14.0/jre/lib/amd64/libverify.so (deleted)
7f3bebf0c000-7f3bebf0e000 r--p 0000d000 00:13 118104823                  /opt/icedtea-bin-3.14.0/jre/lib/amd64/libverify.so (deleted)
7f3bebf0e000-7f3bebf0f000 rw-p 0000f000 00:13 118104823                  /opt/icedtea-bin-3.14.0/jre/lib/amd64/libverify.so (deleted)
7f3bebf0f000-7f3bebf11000 r--p 00000000 00:13 118104757                  /opt/icedtea-bin-3.14.0/lib/amd64/jli/libjli.so (deleted)
7f3bebf11000-7f3bebf1a000 r-xp 00002000 00:13 118104757                  /opt/icedtea-bin-3.14.0/lib/amd64/jli/libjli.so (deleted)
7f3bebf1a000-7f3bebf1d000 r--p 0000b000 00:13 118104757                  /opt/icedtea-bin-3.14.0/lib/amd64/jli/libjli.so (deleted)
7f3bebf1d000-7f3bebf1e000 r--p 0000d000 00:13 118104757                  /opt/icedtea-bin-3.14.0/lib/amd64/jli/libjli.so (deleted)
7f3bebf1e000-7f3bebf1f000 rw-p 0000e000 00:13 118104757                  /opt/icedtea-bin-3.14.0/lib/amd64/jli/libjli.so (deleted)
7f3bebf1f000-7f3bebf21000 rw-p 00000000 00:00 0 
7f3bebf21000-7f3bebf22000 r--p 00000000 00:13 115562629                  /lib64/ld-2.29.so
7f3bebf22000-7f3bebf40000 r-xp 00001000 00:13 115562629                  /lib64/ld-2.29.so
7f3bebf40000-7f3bebf48000 r--p 0001f000 00:13 115562629                  /lib64/ld-2.29.so
7f3bebf48000-7f3bebf49000 r--p 00026000 00:13 115562629                  /lib64/ld-2.29.so
7f3bebf49000-7f3bebf4a000 rw-p 00027000 00:13 115562629                  /lib64/ld-2.29.so
7f3bebf4a000-7f3bebf4b000 rw-p 00000000 00:00 0 
7ffe2de68000-7ffe2de8a000 rw-p 00000000 00:00 0                          [stack]
7ffe2df45000-7ffe2df48000 r--p 00000000 00:00 0                          [vvar]
7ffe2df48000-7ffe2df49000 r-xp 00000000 00:00 0                          [vdso]
ffffffffff600000-ffffffffff601000 r-xp 00000000 00:00 0                  [vsyscall]

VM Arguments:
java_command: /home/alex/onlinePusher.jar client 192.168.2.40 neon 8889
java_class_path (initial): /home/alex/onlinePusher.jar
Launcher Type: SUN_STANDARD

Environment Variables:
JAVA_HOME=/etc/java-config-2/current-system-vm
PATH=/usr/lib/llvm/9/bin:/usr/local/sbin:/usr/local/bin:/usr/sbin:/usr/bin:/sbin:/bin:/opt/bin:/usr/lib/llvm/8/bin:/usr/sbin/:/opt/scripts:/home/alex/bin:/opt/nvidia-cg-toolkit/bin:/usr/games/bin:/opt/cuda/bin:/opt/cuda/libnvvp
SHELL=/bin/zsh
DISPLAY=:0

Signal Handlers:
SIGSEGV: [libjvm.so+0x993320], sa_mask[0]=11111111011111111101111111111110, sa_flags=SA_RESTART|SA_SIGINFO
SIGBUS: [libjvm.so+0x993320], sa_mask[0]=11111111011111111101111111111110, sa_flags=SA_RESTART|SA_SIGINFO
SIGFPE: [libjvm.so+0x820de0], sa_mask[0]=11111111011111111101111111111110, sa_flags=SA_RESTART|SA_SIGINFO
SIGPIPE: [libjvm.so+0x820de0], sa_mask[0]=11111111011111111101111111111110, sa_flags=SA_RESTART|SA_SIGINFO
SIGXFSZ: [libjvm.so+0x820de0], sa_mask[0]=11111111011111111101111111111110, sa_flags=SA_RESTART|SA_SIGINFO
SIGILL: [libjvm.so+0x820de0], sa_mask[0]=11111111011111111101111111111110, sa_flags=SA_RESTART|SA_SIGINFO
SIGUSR1: SIG_DFL, sa_mask[0]=00000000000000000000000000000000, sa_flags=none
SIGUSR2: [libjvm.so+0x820b20], sa_mask[0]=00000000000000000000000000000000, sa_flags=SA_RESTART|SA_SIGINFO
SIGHUP: [libjvm.so+0x8242a0], sa_mask[0]=11111111011111111101111111111110, sa_flags=SA_RESTART|SA_SIGINFO
SIGINT: [libjvm.so+0x8242a0], sa_mask[0]=11111111011111111101111111111110, sa_flags=SA_RESTART|SA_SIGINFO
SIGTERM: [libjvm.so+0x8242a0], sa_mask[0]=11111111011111111101111111111110, sa_flags=SA_RESTART|SA_SIGINFO
SIGQUIT: [libjvm.so+0x8242a0], sa_mask[0]=11111111011111111101111111111110, sa_flags=SA_RESTART|SA_SIGINFO


---------------  S Y S T E M  ---------------

OS:DISTRIB_ID="Gentoo"

uname:Linux 5.4.17-gentoo-x86_64 #1 SMP Wed Feb 5 00:35:34 CET 2020 x86_64
libc:glibc 2.29 NPTL 2.29 
rlimit: STACK 8192k, CORE 0k, NPROC 95797, NOFILE 524288, AS infinity
load average:0,78 0,59 0,55

/proc/meminfo:
MemTotal:       24528096 kB
MemFree:         6389356 kB
MemAvailable:   18099556 kB
Buffers:          860316 kB
Cached:         10280940 kB
SwapCached:       148652 kB
Active:         13778124 kB
Inactive:        2576860 kB
Active(anon):    4659528 kB
Inactive(anon):   977776 kB
Active(file):    9118596 kB
Inactive(file):  1599084 kB
Unevictable:       42828 kB
Mlocked:            8484 kB
SwapTotal:       9667580 kB
SwapFree:        9517840 kB
Dirty:              1572 kB
Writeback:             0 kB
AnonPages:       5107984 kB
Mapped:           716408 kB
Shmem:            416496 kB
KReclaimable:    1250092 kB
Slab:            1569192 kB
SReclaimable:    1250092 kB
SUnreclaim:       319100 kB
KernelStack:       18720 kB
PageTables:        47452 kB
NFS_Unstable:          0 kB
Bounce:                0 kB
WritebackTmp:          0 kB
CommitLimit:    21931628 kB
Committed_AS:   16296580 kB
VmallocTotal:   34359738367 kB
VmallocUsed:       57632 kB
VmallocChunk:          0 kB
Percpu:             1360 kB
HugePages_Total:       0
HugePages_Free:        0
HugePages_Rsvd:        0
HugePages_Surp:        0
Hugepagesize:       2048 kB
Hugetlb:               0 kB
DirectMap4k:     7722176 kB
DirectMap2M:    17344512 kB
DirectMap1G:           0 kB


CPU:total 4 (initial active 4) (2 cores per cpu, 2 threads per core) family 6 model 142 stepping 9, cmov, cx8, fxsr, mmx, sse, sse2, sse3, ssse3, sse4.1, sse4.2, popcnt, avx, avx2, aes, clmul, erms, 3dnowpref, lzcnt, ht, tsc, tscinvbit, bmi1, bmi2, adx

/proc/cpuinfo:
processor	: 0
vendor_id	: GenuineIntel
cpu family	: 6
model		: 142
model name	: Intel(R) Core(TM) i7-7500U CPU @ 2.70GHz
stepping	: 9
microcode	: 0x5e
cpu MHz		: 898.682
cache size	: 4096 KB
physical id	: 0
siblings	: 4
core id		: 0
cpu cores	: 2
apicid		: 0
initial apicid	: 0
fpu		: yes
fpu_exception	: yes
cpuid level	: 22
wp		: yes
flags		: fpu vme de pse tsc msr pae mce cx8 apic sep mtrr pge mca cmov pat pse36 clflush dts acpi mmx fxsr sse sse2 ss ht tm pbe syscall nx pdpe1gb rdtscp lm constant_tsc art arch_perfmon pebs bts rep_good nopl xtopology nonstop_tsc cpuid aperfmperf pni pclmulqdq dtes64 monitor ds_cpl vmx est tm2 ssse3 sdbg fma cx16 xtpr pdcm pcid sse4_1 sse4_2 x2apic movbe popcnt tsc_deadline_timer aes xsave avx f16c rdrand lahf_lm abm 3dnowprefetch cpuid_fault epb invpcid_single pti tpr_shadow vnmi flexpriority ept vpid ept_ad fsgsbase tsc_adjust bmi1 avx2 smep bmi2 erms invpcid mpx rdseed adx smap clflushopt intel_pt xsaveopt xsavec xgetbv1 xsaves dtherm ida arat pln pts hwp hwp_notify hwp_act_window hwp_epp
bugs		: cpu_meltdown spectre_v1 spectre_v2 spec_store_bypass l1tf mds swapgs itlb_multihit
bogomips	: 5799.77
clflush size	: 64
cache_alignment	: 64
address sizes	: 39 bits physical, 48 bits virtual
power management:

processor	: 1
vendor_id	: GenuineIntel
cpu family	: 6
model		: 142
model name	: Intel(R) Core(TM) i7-7500U CPU @ 2.70GHz
stepping	: 9
microcode	: 0x5e
cpu MHz		: 933.234
cache size	: 4096 KB
physical id	: 0
siblings	: 4
core id		: 1
cpu cores	: 2
apicid		: 2
initial apicid	: 2
fpu		: yes
fpu_exception	: yes
cpuid level	: 22
wp		: yes
flags		: fpu vme de pse tsc msr pae mce cx8 apic sep mtrr pge mca cmov pat pse36 clflush dts acpi mmx fxsr sse sse2 ss ht tm pbe syscall nx pdpe1gb rdtscp lm constant_tsc art arch_perfmon pebs bts rep_good nopl xtopology nonstop_tsc cpuid aperfmperf pni pclmulqdq dtes64 monitor ds_cpl vmx est tm2 ssse3 sdbg fma cx16 xtpr pdcm pcid sse4_1 sse4_2 x2apic movbe popcnt tsc_deadline_timer aes xsave avx f16c rdrand lahf_lm abm 3dnowprefetch cpuid_fault epb invpcid_single pti tpr_shadow vnmi flexpriority ept vpid ept_ad fsgsbase tsc_adjust bmi1 avx2 smep bmi2 erms invpcid mpx rdseed adx smap clflushopt intel_pt xsaveopt xsavec xgetbv1 xsaves dtherm ida arat pln pts hwp hwp_notify hwp_act_window hwp_epp
bugs		: cpu_meltdown spectre_v1 spectre_v2 spec_store_bypass l1tf mds swapgs itlb_multihit
bogomips	: 5799.77
clflush size	: 64
cache_alignment	: 64
address sizes	: 39 bits physical, 48 bits virtual
power management:

processor	: 2
vendor_id	: GenuineIntel
cpu family	: 6
model		: 142
model name	: Intel(R) Core(TM) i7-7500U CPU @ 2.70GHz
stepping	: 9
microcode	: 0x5e
cpu MHz		: 1028.662
cache size	: 4096 KB
physical id	: 0
siblings	: 4
core id		: 0
cpu cores	: 2
apicid		: 1
initial apicid	: 1
fpu		: yes
fpu_exception	: yes
cpuid level	: 22
wp		: yes
flags		: fpu vme de pse tsc msr pae mce cx8 apic sep mtrr pge mca cmov pat pse36 clflush dts acpi mmx fxsr sse sse2 ss ht tm pbe syscall nx pdpe1gb rdtscp lm constant_tsc art arch_perfmon pebs bts rep_good nopl xtopology nonstop_tsc cpuid aperfmperf pni pclmulqdq dtes64 monitor ds_cpl vmx est tm2 ssse3 sdbg fma cx16 xtpr pdcm pcid sse4_1 sse4_2 x2apic movbe popcnt tsc_deadline_timer aes xsave avx f16c rdrand lahf_lm abm 3dnowprefetch cpuid_fault epb invpcid_single pti tpr_shadow vnmi flexpriority ept vpid ept_ad fsgsbase tsc_adjust bmi1 avx2 smep bmi2 erms invpcid mpx rdseed adx smap clflushopt intel_pt xsaveopt xsavec xgetbv1 xsaves dtherm ida arat pln pts hwp hwp_notify hwp_act_window hwp_epp
bugs		: cpu_meltdown spectre_v1 spectre_v2 spec_store_bypass l1tf mds swapgs itlb_multihit
bogomips	: 5799.77
clflush size	: 64
cache_alignment	: 64
address sizes	: 39 bits physical, 48 bits virtual
power management:

processor	: 3
vendor_id	: GenuineIntel
cpu family	: 6
model		: 142
model name	: Intel(R) Core(TM) i7-7500U CPU @ 2.70GHz
stepping	: 9
microcode	: 0x5e
cpu MHz		: 1040.426
cache size	: 4096 KB
physical id	: 0
siblings	: 4
core id		: 1
cpu cores	: 2
apicid		: 3
initial apicid	: 3
fpu		: yes
fpu_exception	: yes
cpuid level	: 22
wp		: yes
flags		: fpu vme de pse tsc msr pae mce cx8 apic sep mtrr pge mca cmov pat pse36 clflush dts acpi mmx fxsr sse sse2 ss ht tm pbe syscall nx pdpe1gb rdtscp lm constant_tsc art arch_perfmon pebs bts rep_good nopl xtopology nonstop_tsc cpuid aperfmperf pni pclmulqdq dtes64 monitor ds_cpl vmx est tm2 ssse3 sdbg fma cx16 xtpr pdcm pcid sse4_1 sse4_2 x2apic movbe popcnt tsc_deadline_timer aes xsave avx f16c rdrand lahf_lm abm 3dnowprefetch cpuid_fault epb invpcid_single pti tpr_shadow vnmi flexpriority ept vpid ept_ad fsgsbase tsc_adjust bmi1 avx2 smep bmi2 erms invpcid mpx rdseed adx smap clflushopt intel_pt xsaveopt xsavec xgetbv1 xsaves dtherm ida arat pln pts hwp hwp_notify hwp_act_window hwp_epp
bugs		: cpu_meltdown spectre_v1 spectre_v2 spec_store_bypass l1tf mds swapgs itlb_multihit
bogomips	: 5799.77
clflush size	: 64
cache_alignment	: 64
address sizes	: 39 bits physical, 48 bits virtual
power management:



Memory: 4k page, physical 24528096k(6389356k free), swap 9667580k(9517840k free)

vm_info: OpenJDK 64-Bit Server VM (25.232-b09) for linux-amd64 JRE (1.8.0_232-b09), built on Jan  3 2020 02:53:18 by "portage" with gcc 9.2.0

time: Thu Apr  2 19:04:42 2020
timezone: CEST
elapsed time: 242452 seconds (2d 19h 20m 52s)

